CRITICAL - 2024-02-29 00:13:29 --> ParseError: syntax error, unexpected token "<"
in APPPATH\Views\calculadora.php on line 14.
 1 SYSTEMPATH\View\View.php(231): CodeIgniter\View\View->CodeIgniter\View\{closure}()
 2 SYSTEMPATH\Common.php(1178): CodeIgniter\View\View->render('calculadora', [], true)
 3 APPPATH\Controllers\Calculadora.php(14): view('calculadora')
 4 SYSTEMPATH\CodeIgniter.php(941): App\Controllers\Calculadora->index()
 5 SYSTEMPATH\CodeIgniter.php(502): CodeIgniter\CodeIgniter->runController(Object(App\Controllers\Calculadora))
 6 SYSTEMPATH\CodeIgniter.php(361): CodeIgniter\CodeIgniter->handleRequest(null, Object(Config\Cache), false)
 7 FCPATH\index.php(79): CodeIgniter\CodeIgniter->run()
CRITICAL - 2024-02-29 00:21:54 --> TypeError: extract(): Argument #1 ($array) must be of type array, null given
in APPPATH\Views\calculadora.php on line 22.
 1 APPPATH\Views\calculadora.php(22): extract(null)
 2 SYSTEMPATH\View\View.php(228): include('C:\\xampp\\htdocs\\ci4\\app\\Views\\calculadora.php')
 3 SYSTEMPATH\View\View.php(231): CodeIgniter\View\View->CodeIgniter\View\{closure}()
 4 SYSTEMPATH\Common.php(1178): CodeIgniter\View\View->render('calculadora', [], true)
 5 APPPATH\Controllers\Calculadora.php(19): view('calculadora')
 6 SYSTEMPATH\CodeIgniter.php(941): App\Controllers\Calculadora->post()
 7 SYSTEMPATH\CodeIgniter.php(502): CodeIgniter\CodeIgniter->runController(Object(App\Controllers\Calculadora))
 8 SYSTEMPATH\CodeIgniter.php(361): CodeIgniter\CodeIgniter->handleRequest(null, Object(Config\Cache), false)
 9 FCPATH\index.php(79): CodeIgniter\CodeIgniter->run()
CRITICAL - 2024-02-29 00:21:58 --> TypeError: extract(): Argument #1 ($array) must be of type array, null given
in APPPATH\Views\calculadora.php on line 22.
 1 APPPATH\Views\calculadora.php(22): extract(null)
 2 SYSTEMPATH\View\View.php(228): include('C:\\xampp\\htdocs\\ci4\\app\\Views\\calculadora.php')
 3 SYSTEMPATH\View\View.php(231): CodeIgniter\View\View->CodeIgniter\View\{closure}()
 4 SYSTEMPATH\Common.php(1178): CodeIgniter\View\View->render('calculadora', [], true)
 5 APPPATH\Controllers\Calculadora.php(19): view('calculadora')
 6 SYSTEMPATH\CodeIgniter.php(941): App\Controllers\Calculadora->post()
 7 SYSTEMPATH\CodeIgniter.php(502): CodeIgniter\CodeIgniter->runController(Object(App\Controllers\Calculadora))
 8 SYSTEMPATH\CodeIgniter.php(361): CodeIgniter\CodeIgniter->handleRequest(null, Object(Config\Cache), false)
 9 FCPATH\index.php(79): CodeIgniter\CodeIgniter->run()
CRITICAL - 2024-02-29 00:22:57 --> TypeError: extract(): Argument #1 ($array) must be of type array, null given
in APPPATH\Views\calculadora.php on line 22.
 1 APPPATH\Views\calculadora.php(22): extract(null)
 2 SYSTEMPATH\View\View.php(228): include('C:\\xampp\\htdocs\\ci4\\app\\Views\\calculadora.php')
 3 SYSTEMPATH\View\View.php(231): CodeIgniter\View\View->CodeIgniter\View\{closure}()
 4 SYSTEMPATH\Common.php(1178): CodeIgniter\View\View->render('calculadora', [], true)
 5 APPPATH\Controllers\Calculadora.php(19): view('calculadora')
 6 SYSTEMPATH\CodeIgniter.php(941): App\Controllers\Calculadora->post()
 7 SYSTEMPATH\CodeIgniter.php(502): CodeIgniter\CodeIgniter->runController(Object(App\Controllers\Calculadora))
 8 SYSTEMPATH\CodeIgniter.php(361): CodeIgniter\CodeIgniter->handleRequest(null, Object(Config\Cache), false)
 9 FCPATH\index.php(79): CodeIgniter\CodeIgniter->run()
CRITICAL - 2024-02-29 00:22:58 --> TypeError: extract(): Argument #1 ($array) must be of type array, null given
in APPPATH\Views\calculadora.php on line 22.
 1 APPPATH\Views\calculadora.php(22): extract(null)
 2 SYSTEMPATH\View\View.php(228): include('C:\\xampp\\htdocs\\ci4\\app\\Views\\calculadora.php')
 3 SYSTEMPATH\View\View.php(231): CodeIgniter\View\View->CodeIgniter\View\{closure}()
 4 SYSTEMPATH\Common.php(1178): CodeIgniter\View\View->render('calculadora', [], true)
 5 APPPATH\Controllers\Calculadora.php(19): view('calculadora')
 6 SYSTEMPATH\CodeIgniter.php(941): App\Controllers\Calculadora->post()
 7 SYSTEMPATH\CodeIgniter.php(502): CodeIgniter\CodeIgniter->runController(Object(App\Controllers\Calculadora))
 8 SYSTEMPATH\CodeIgniter.php(361): CodeIgniter\CodeIgniter->handleRequest(null, Object(Config\Cache), false)
 9 FCPATH\index.php(79): CodeIgniter\CodeIgniter->run()
CRITICAL - 2024-02-29 00:23:00 --> TypeError: extract(): Argument #1 ($array) must be of type array, null given
in APPPATH\Views\calculadora.php on line 22.
 1 APPPATH\Views\calculadora.php(22): extract(null)
 2 SYSTEMPATH\View\View.php(228): include('C:\\xampp\\htdocs\\ci4\\app\\Views\\calculadora.php')
 3 SYSTEMPATH\View\View.php(231): CodeIgniter\View\View->CodeIgniter\View\{closure}()
 4 SYSTEMPATH\Common.php(1178): CodeIgniter\View\View->render('calculadora', [], true)
 5 APPPATH\Controllers\Calculadora.php(19): view('calculadora')
 6 SYSTEMPATH\CodeIgniter.php(941): App\Controllers\Calculadora->post()
 7 SYSTEMPATH\CodeIgniter.php(502): CodeIgniter\CodeIgniter->runController(Object(App\Controllers\Calculadora))
 8 SYSTEMPATH\CodeIgniter.php(361): CodeIgniter\CodeIgniter->handleRequest(null, Object(Config\Cache), false)
 9 FCPATH\index.php(79): CodeIgniter\CodeIgniter->run()
CRITICAL - 2024-02-29 00:23:11 --> TypeError: extract(): Argument #1 ($array) must be of type array, null given
in APPPATH\Views\calculadora.php on line 22.
 1 APPPATH\Views\calculadora.php(22): extract(null)
 2 SYSTEMPATH\View\View.php(228): include('C:\\xampp\\htdocs\\ci4\\app\\Views\\calculadora.php')
 3 SYSTEMPATH\View\View.php(231): CodeIgniter\View\View->CodeIgniter\View\{closure}()
 4 SYSTEMPATH\Common.php(1178): CodeIgniter\View\View->render('calculadora', [], true)
 5 APPPATH\Controllers\Calculadora.php(19): view('calculadora')
 6 SYSTEMPATH\CodeIgniter.php(941): App\Controllers\Calculadora->post()
 7 SYSTEMPATH\CodeIgniter.php(502): CodeIgniter\CodeIgniter->runController(Object(App\Controllers\Calculadora))
 8 SYSTEMPATH\CodeIgniter.php(361): CodeIgniter\CodeIgniter->handleRequest(null, Object(Config\Cache), false)
 9 FCPATH\index.php(79): CodeIgniter\CodeIgniter->run()
CRITICAL - 2024-02-29 00:23:11 --> TypeError: extract(): Argument #1 ($array) must be of type array, null given
in APPPATH\Views\calculadora.php on line 22.
 1 APPPATH\Views\calculadora.php(22): extract(null)
 2 SYSTEMPATH\View\View.php(228): include('C:\\xampp\\htdocs\\ci4\\app\\Views\\calculadora.php')
 3 SYSTEMPATH\View\View.php(231): CodeIgniter\View\View->CodeIgniter\View\{closure}()
 4 SYSTEMPATH\Common.php(1178): CodeIgniter\View\View->render('calculadora', [], true)
 5 APPPATH\Controllers\Calculadora.php(19): view('calculadora')
 6 SYSTEMPATH\CodeIgniter.php(941): App\Controllers\Calculadora->post()
 7 SYSTEMPATH\CodeIgniter.php(502): CodeIgniter\CodeIgniter->runController(Object(App\Controllers\Calculadora))
 8 SYSTEMPATH\CodeIgniter.php(361): CodeIgniter\CodeIgniter->handleRequest(null, Object(Config\Cache), false)
 9 FCPATH\index.php(79): CodeIgniter\CodeIgniter->run()
CRITICAL - 2024-02-29 00:23:14 --> TypeError: extract(): Argument #1 ($array) must be of type array, null given
in APPPATH\Views\calculadora.php on line 22.
 1 APPPATH\Views\calculadora.php(22): extract(null)
 2 SYSTEMPATH\View\View.php(228): include('C:\\xampp\\htdocs\\ci4\\app\\Views\\calculadora.php')
 3 SYSTEMPATH\View\View.php(231): CodeIgniter\View\View->CodeIgniter\View\{closure}()
 4 SYSTEMPATH\Common.php(1178): CodeIgniter\View\View->render('calculadora', [], true)
 5 APPPATH\Controllers\Calculadora.php(19): view('calculadora')
 6 SYSTEMPATH\CodeIgniter.php(941): App\Controllers\Calculadora->post()
 7 SYSTEMPATH\CodeIgniter.php(502): CodeIgniter\CodeIgniter->runController(Object(App\Controllers\Calculadora))
 8 SYSTEMPATH\CodeIgniter.php(361): CodeIgniter\CodeIgniter->handleRequest(null, Object(Config\Cache), false)
 9 FCPATH\index.php(79): CodeIgniter\CodeIgniter->run()
CRITICAL - 2024-02-29 00:25:08 --> ErrorException: Undefined property: App\Controllers\Calculadora::$load
in APPPATH\Controllers\Calculadora.php on line 19.
 1 APPPATH\Controllers\Calculadora.php(19): CodeIgniter\Debug\Exceptions->errorHandler(2, 'Undefined property: App\\Controllers\\Calculadora::$load', 'C:\\xampp\\htdocs\\ci4\\app\\Controllers\\Calculadora.php', 19)
 2 SYSTEMPATH\CodeIgniter.php(941): App\Controllers\Calculadora->post()
 3 SYSTEMPATH\CodeIgniter.php(502): CodeIgniter\CodeIgniter->runController(Object(App\Controllers\Calculadora))
 4 SYSTEMPATH\CodeIgniter.php(361): CodeIgniter\CodeIgniter->handleRequest(null, Object(Config\Cache), false)
 5 FCPATH\index.php(79): CodeIgniter\CodeIgniter->run()
CRITICAL - 2024-02-29 00:25:09 --> ErrorException: Undefined property: App\Controllers\Calculadora::$load
in APPPATH\Controllers\Calculadora.php on line 19.
 1 APPPATH\Controllers\Calculadora.php(19): CodeIgniter\Debug\Exceptions->errorHandler(2, 'Undefined property: App\\Controllers\\Calculadora::$load', 'C:\\xampp\\htdocs\\ci4\\app\\Controllers\\Calculadora.php', 19)
 2 SYSTEMPATH\CodeIgniter.php(941): App\Controllers\Calculadora->post()
 3 SYSTEMPATH\CodeIgniter.php(502): CodeIgniter\CodeIgniter->runController(Object(App\Controllers\Calculadora))
 4 SYSTEMPATH\CodeIgniter.php(361): CodeIgniter\CodeIgniter->handleRequest(null, Object(Config\Cache), false)
 5 FCPATH\index.php(79): CodeIgniter\CodeIgniter->run()
CRITICAL - 2024-02-29 00:25:40 --> ErrorException: Undefined property: App\Controllers\Calculadora::$load
in APPPATH\Controllers\Calculadora.php on line 9.
 1 APPPATH\Controllers\Calculadora.php(9): CodeIgniter\Debug\Exceptions->errorHandler(2, 'Undefined property: App\\Controllers\\Calculadora::$load', 'C:\\xampp\\htdocs\\ci4\\app\\Controllers\\Calculadora.php', 9)
 2 SYSTEMPATH\CodeIgniter.php(941): App\Controllers\Calculadora->index()
 3 SYSTEMPATH\CodeIgniter.php(502): CodeIgniter\CodeIgniter->runController(Object(App\Controllers\Calculadora))
 4 SYSTEMPATH\CodeIgniter.php(361): CodeIgniter\CodeIgniter->handleRequest(null, Object(Config\Cache), false)
 5 FCPATH\index.php(79): CodeIgniter\CodeIgniter->run()
CRITICAL - 2024-02-29 00:26:07 --> Error: Call to undefined method App\Controllers\Calculadora::view()
in APPPATH\Controllers\Calculadora.php on line 9.
 1 SYSTEMPATH\CodeIgniter.php(941): App\Controllers\Calculadora->index()
 2 SYSTEMPATH\CodeIgniter.php(502): CodeIgniter\CodeIgniter->runController(Object(App\Controllers\Calculadora))
 3 SYSTEMPATH\CodeIgniter.php(361): CodeIgniter\CodeIgniter->handleRequest(null, Object(Config\Cache), false)
 4 FCPATH\index.php(79): CodeIgniter\CodeIgniter->run()
CRITICAL - 2024-02-29 00:26:08 --> Error: Call to undefined method App\Controllers\Calculadora::view()
in APPPATH\Controllers\Calculadora.php on line 9.
 1 SYSTEMPATH\CodeIgniter.php(941): App\Controllers\Calculadora->index()
 2 SYSTEMPATH\CodeIgniter.php(502): CodeIgniter\CodeIgniter->runController(Object(App\Controllers\Calculadora))
 3 SYSTEMPATH\CodeIgniter.php(361): CodeIgniter\CodeIgniter->handleRequest(null, Object(Config\Cache), false)
 4 FCPATH\index.php(79): CodeIgniter\CodeIgniter->run()
CRITICAL - 2024-02-29 00:26:08 --> Error: Call to undefined method App\Controllers\Calculadora::view()
in APPPATH\Controllers\Calculadora.php on line 9.
 1 SYSTEMPATH\CodeIgniter.php(941): App\Controllers\Calculadora->index()
 2 SYSTEMPATH\CodeIgniter.php(502): CodeIgniter\CodeIgniter->runController(Object(App\Controllers\Calculadora))
 3 SYSTEMPATH\CodeIgniter.php(361): CodeIgniter\CodeIgniter->handleRequest(null, Object(Config\Cache), false)
 4 FCPATH\index.php(79): CodeIgniter\CodeIgniter->run()
CRITICAL - 2024-02-29 00:26:08 --> Error: Call to undefined method App\Controllers\Calculadora::view()
in APPPATH\Controllers\Calculadora.php on line 9.
 1 SYSTEMPATH\CodeIgniter.php(941): App\Controllers\Calculadora->index()
 2 SYSTEMPATH\CodeIgniter.php(502): CodeIgniter\CodeIgniter->runController(Object(App\Controllers\Calculadora))
 3 SYSTEMPATH\CodeIgniter.php(361): CodeIgniter\CodeIgniter->handleRequest(null, Object(Config\Cache), false)
 4 FCPATH\index.php(79): CodeIgniter\CodeIgniter->run()
CRITICAL - 2024-02-29 00:26:20 --> TypeError: App\Controllers\Calculadora::index(): Return value must be of type string, none returned
in APPPATH\Controllers\Calculadora.php on line 10.
 1 SYSTEMPATH\CodeIgniter.php(941): App\Controllers\Calculadora->index()
 2 SYSTEMPATH\CodeIgniter.php(502): CodeIgniter\CodeIgniter->runController(Object(App\Controllers\Calculadora))
 3 SYSTEMPATH\CodeIgniter.php(361): CodeIgniter\CodeIgniter->handleRequest(null, Object(Config\Cache), false)
 4 FCPATH\index.php(79): CodeIgniter\CodeIgniter->run()
CRITICAL - 2024-02-29 00:26:20 --> TypeError: App\Controllers\Calculadora::index(): Return value must be of type string, none returned
in APPPATH\Controllers\Calculadora.php on line 10.
 1 SYSTEMPATH\CodeIgniter.php(941): App\Controllers\Calculadora->index()
 2 SYSTEMPATH\CodeIgniter.php(502): CodeIgniter\CodeIgniter->runController(Object(App\Controllers\Calculadora))
 3 SYSTEMPATH\CodeIgniter.php(361): CodeIgniter\CodeIgniter->handleRequest(null, Object(Config\Cache), false)
 4 FCPATH\index.php(79): CodeIgniter\CodeIgniter->run()
CRITICAL - 2024-02-29 00:26:34 --> TypeError: App\Controllers\Calculadora::index(): Return value must be of type string, none returned
in APPPATH\Controllers\Calculadora.php on line 10.
 1 SYSTEMPATH\CodeIgniter.php(941): App\Controllers\Calculadora->index()
 2 SYSTEMPATH\CodeIgniter.php(502): CodeIgniter\CodeIgniter->runController(Object(App\Controllers\Calculadora))
 3 SYSTEMPATH\CodeIgniter.php(361): CodeIgniter\CodeIgniter->handleRequest(null, Object(Config\Cache), false)
 4 FCPATH\index.php(79): CodeIgniter\CodeIgniter->run()
CRITICAL - 2024-02-29 00:30:46 --> TypeError: App\Controllers\Calculadora::index(): Return value must be of type string, none returned
in APPPATH\Controllers\Calculadora.php on line 10.
 1 SYSTEMPATH\CodeIgniter.php(941): App\Controllers\Calculadora->index()
 2 SYSTEMPATH\CodeIgniter.php(502): CodeIgniter\CodeIgniter->runController(Object(App\Controllers\Calculadora))
 3 SYSTEMPATH\CodeIgniter.php(361): CodeIgniter\CodeIgniter->handleRequest(null, Object(Config\Cache), false)
 4 FCPATH\index.php(80): CodeIgniter\CodeIgniter->run()
CRITICAL - 2024-02-29 00:30:47 --> TypeError: App\Controllers\Calculadora::index(): Return value must be of type string, none returned
in APPPATH\Controllers\Calculadora.php on line 10.
 1 SYSTEMPATH\CodeIgniter.php(941): App\Controllers\Calculadora->index()
 2 SYSTEMPATH\CodeIgniter.php(502): CodeIgniter\CodeIgniter->runController(Object(App\Controllers\Calculadora))
 3 SYSTEMPATH\CodeIgniter.php(361): CodeIgniter\CodeIgniter->handleRequest(null, Object(Config\Cache), false)
 4 FCPATH\index.php(80): CodeIgniter\CodeIgniter->run()
CRITICAL - 2024-02-29 00:30:47 --> TypeError: App\Controllers\Calculadora::index(): Return value must be of type string, none returned
in APPPATH\Controllers\Calculadora.php on line 10.
 1 SYSTEMPATH\CodeIgniter.php(941): App\Controllers\Calculadora->index()
 2 SYSTEMPATH\CodeIgniter.php(502): CodeIgniter\CodeIgniter->runController(Object(App\Controllers\Calculadora))
 3 SYSTEMPATH\CodeIgniter.php(361): CodeIgniter\CodeIgniter->handleRequest(null, Object(Config\Cache), false)
 4 FCPATH\index.php(80): CodeIgniter\CodeIgniter->run()
CRITICAL - 2024-02-29 00:30:47 --> TypeError: App\Controllers\Calculadora::index(): Return value must be of type string, none returned
in APPPATH\Controllers\Calculadora.php on line 10.
 1 SYSTEMPATH\CodeIgniter.php(941): App\Controllers\Calculadora->index()
 2 SYSTEMPATH\CodeIgniter.php(502): CodeIgniter\CodeIgniter->runController(Object(App\Controllers\Calculadora))
 3 SYSTEMPATH\CodeIgniter.php(361): CodeIgniter\CodeIgniter->handleRequest(null, Object(Config\Cache), false)
 4 FCPATH\index.php(80): CodeIgniter\CodeIgniter->run()
CRITICAL - 2024-02-29 00:32:10 --> Error: Call to undefined function App\Controllers\index()
in APPPATH\Controllers\Calculadora.php on line 19.
 1 SYSTEMPATH\CodeIgniter.php(941): App\Controllers\Calculadora->post()
 2 SYSTEMPATH\CodeIgniter.php(502): CodeIgniter\CodeIgniter->runController(Object(App\Controllers\Calculadora))
 3 SYSTEMPATH\CodeIgniter.php(361): CodeIgniter\CodeIgniter->handleRequest(null, Object(Config\Cache), false)
 4 FCPATH\index.php(79): CodeIgniter\CodeIgniter->run()
CRITICAL - 2024-02-29 00:32:27 --> TypeError: extract(): Argument #1 ($array) must be of type array, null given
in APPPATH\Views\calculadora.php on line 22.
 1 APPPATH\Views\calculadora.php(22): extract(null)
 2 SYSTEMPATH\View\View.php(228): include('C:\\xampp\\htdocs\\ci4\\app\\Views\\calculadora.php')
 3 SYSTEMPATH\View\View.php(231): CodeIgniter\View\View->CodeIgniter\View\{closure}()
 4 SYSTEMPATH\Common.php(1178): CodeIgniter\View\View->render('calculadora', [], true)
 5 APPPATH\Controllers\Calculadora.php(9): view('calculadora')
 6 APPPATH\Controllers\Calculadora.php(19): App\Controllers\Calculadora->index()
 7 SYSTEMPATH\CodeIgniter.php(941): App\Controllers\Calculadora->post()
 8 SYSTEMPATH\CodeIgniter.php(502): CodeIgniter\CodeIgniter->runController(Object(App\Controllers\Calculadora))
 9 SYSTEMPATH\CodeIgniter.php(361): CodeIgniter\CodeIgniter->handleRequest(null, Object(Config\Cache), false)
10 FCPATH\index.php(79): CodeIgniter\CodeIgniter->run()
CRITICAL - 2024-02-29 00:32:29 --> TypeError: extract(): Argument #1 ($array) must be of type array, null given
in APPPATH\Views\calculadora.php on line 22.
 1 APPPATH\Views\calculadora.php(22): extract(null)
 2 SYSTEMPATH\View\View.php(228): include('C:\\xampp\\htdocs\\ci4\\app\\Views\\calculadora.php')
 3 SYSTEMPATH\View\View.php(231): CodeIgniter\View\View->CodeIgniter\View\{closure}()
 4 SYSTEMPATH\Common.php(1178): CodeIgniter\View\View->render('calculadora', [], true)
 5 APPPATH\Controllers\Calculadora.php(9): view('calculadora')
 6 APPPATH\Controllers\Calculadora.php(19): App\Controllers\Calculadora->index()
 7 SYSTEMPATH\CodeIgniter.php(941): App\Controllers\Calculadora->post()
 8 SYSTEMPATH\CodeIgniter.php(502): CodeIgniter\CodeIgniter->runController(Object(App\Controllers\Calculadora))
 9 SYSTEMPATH\CodeIgniter.php(361): CodeIgniter\CodeIgniter->handleRequest(null, Object(Config\Cache), false)
10 FCPATH\index.php(79): CodeIgniter\CodeIgniter->run()
CRITICAL - 2024-02-29 00:33:05 --> TypeError: extract(): Argument #1 ($array) must be of type array, null given
in APPPATH\Views\calculadora.php on line 22.
 1 APPPATH\Views\calculadora.php(22): extract(null)
 2 SYSTEMPATH\View\View.php(228): include('C:\\xampp\\htdocs\\ci4\\app\\Views\\calculadora.php')
 3 SYSTEMPATH\View\View.php(231): CodeIgniter\View\View->CodeIgniter\View\{closure}()
 4 SYSTEMPATH\Common.php(1178): CodeIgniter\View\View->render('calculadora', [], true)
 5 APPPATH\Controllers\Calculadora.php(9): view('calculadora')
 6 APPPATH\Controllers\Calculadora.php(19): App\Controllers\Calculadora->index()
 7 SYSTEMPATH\CodeIgniter.php(941): App\Controllers\Calculadora->post()
 8 SYSTEMPATH\CodeIgniter.php(502): CodeIgniter\CodeIgniter->runController(Object(App\Controllers\Calculadora))
 9 SYSTEMPATH\CodeIgniter.php(361): CodeIgniter\CodeIgniter->handleRequest(null, Object(Config\Cache), false)
10 FCPATH\index.php(79): CodeIgniter\CodeIgniter->run()
CRITICAL - 2024-02-29 00:33:14 --> ErrorException: Undefined variable $a
in APPPATH\Views\calculadora.php on line 22.
 1 APPPATH\Views\calculadora.php(22): CodeIgniter\Debug\Exceptions->errorHandler(2, 'Undefined variable $a', 'C:\\xampp\\htdocs\\ci4\\app\\Views\\calculadora.php', 22)
 2 SYSTEMPATH\View\View.php(228): include('C:\\xampp\\htdocs\\ci4\\app\\Views\\calculadora.php')
 3 SYSTEMPATH\View\View.php(231): CodeIgniter\View\View->CodeIgniter\View\{closure}()
 4 SYSTEMPATH\Common.php(1178): CodeIgniter\View\View->render('calculadora', [], true)
 5 APPPATH\Controllers\Calculadora.php(9): view('calculadora')
 6 APPPATH\Controllers\Calculadora.php(19): App\Controllers\Calculadora->index()
 7 SYSTEMPATH\CodeIgniter.php(941): App\Controllers\Calculadora->post()
 8 SYSTEMPATH\CodeIgniter.php(502): CodeIgniter\CodeIgniter->runController(Object(App\Controllers\Calculadora))
 9 SYSTEMPATH\CodeIgniter.php(361): CodeIgniter\CodeIgniter->handleRequest(null, Object(Config\Cache), false)
10 FCPATH\index.php(79): CodeIgniter\CodeIgniter->run()
CRITICAL - 2024-02-29 00:33:14 --> ErrorException: Undefined variable $a
in APPPATH\Views\calculadora.php on line 22.
 1 APPPATH\Views\calculadora.php(22): CodeIgniter\Debug\Exceptions->errorHandler(2, 'Undefined variable $a', 'C:\\xampp\\htdocs\\ci4\\app\\Views\\calculadora.php', 22)
 2 SYSTEMPATH\View\View.php(228): include('C:\\xampp\\htdocs\\ci4\\app\\Views\\calculadora.php')
 3 SYSTEMPATH\View\View.php(231): CodeIgniter\View\View->CodeIgniter\View\{closure}()
 4 SYSTEMPATH\Common.php(1178): CodeIgniter\View\View->render('calculadora', [], true)
 5 APPPATH\Controllers\Calculadora.php(9): view('calculadora')
 6 APPPATH\Controllers\Calculadora.php(19): App\Controllers\Calculadora->index()
 7 SYSTEMPATH\CodeIgniter.php(941): App\Controllers\Calculadora->post()
 8 SYSTEMPATH\CodeIgniter.php(502): CodeIgniter\CodeIgniter->runController(Object(App\Controllers\Calculadora))
 9 SYSTEMPATH\CodeIgniter.php(361): CodeIgniter\CodeIgniter->handleRequest(null, Object(Config\Cache), false)
10 FCPATH\index.php(79): CodeIgniter\CodeIgniter->run()
CRITICAL - 2024-02-29 00:34:16 --> ErrorException: Undefined variable $a
in APPPATH\Views\calculadora.php on line 22.
 1 APPPATH\Views\calculadora.php(22): CodeIgniter\Debug\Exceptions->errorHandler(2, 'Undefined variable $a', 'C:\\xampp\\htdocs\\ci4\\app\\Views\\calculadora.php', 22)
 2 SYSTEMPATH\View\View.php(228): include('C:\\xampp\\htdocs\\ci4\\app\\Views\\calculadora.php')
 3 SYSTEMPATH\View\View.php(231): CodeIgniter\View\View->CodeIgniter\View\{closure}()
 4 SYSTEMPATH\Common.php(1178): CodeIgniter\View\View->render('calculadora', [], true)
 5 APPPATH\Controllers\Calculadora.php(9): view('calculadora')
 6 APPPATH\Controllers\Calculadora.php(19): App\Controllers\Calculadora->index()
 7 SYSTEMPATH\CodeIgniter.php(941): App\Controllers\Calculadora->post()
 8 SYSTEMPATH\CodeIgniter.php(502): CodeIgniter\CodeIgniter->runController(Object(App\Controllers\Calculadora))
 9 SYSTEMPATH\CodeIgniter.php(361): CodeIgniter\CodeIgniter->handleRequest(null, Object(Config\Cache), false)
10 FCPATH\index.php(79): CodeIgniter\CodeIgniter->run()
CRITICAL - 2024-02-29 00:34:17 --> ErrorException: Undefined variable $a
in APPPATH\Views\calculadora.php on line 22.
 1 APPPATH\Views\calculadora.php(22): CodeIgniter\Debug\Exceptions->errorHandler(2, 'Undefined variable $a', 'C:\\xampp\\htdocs\\ci4\\app\\Views\\calculadora.php', 22)
 2 SYSTEMPATH\View\View.php(228): include('C:\\xampp\\htdocs\\ci4\\app\\Views\\calculadora.php')
 3 SYSTEMPATH\View\View.php(231): CodeIgniter\View\View->CodeIgniter\View\{closure}()
 4 SYSTEMPATH\Common.php(1178): CodeIgniter\View\View->render('calculadora', [], true)
 5 APPPATH\Controllers\Calculadora.php(9): view('calculadora')
 6 APPPATH\Controllers\Calculadora.php(19): App\Controllers\Calculadora->index()
 7 SYSTEMPATH\CodeIgniter.php(941): App\Controllers\Calculadora->post()
 8 SYSTEMPATH\CodeIgniter.php(502): CodeIgniter\CodeIgniter->runController(Object(App\Controllers\Calculadora))
 9 SYSTEMPATH\CodeIgniter.php(361): CodeIgniter\CodeIgniter->handleRequest(null, Object(Config\Cache), false)
10 FCPATH\index.php(79): CodeIgniter\CodeIgniter->run()
CRITICAL - 2024-02-29 00:38:23 --> ParseError: syntax error, unexpected variable "$op"
in APPPATH\Views\calculadora.php on line 24.
 1 SYSTEMPATH\View\View.php(231): CodeIgniter\View\View->CodeIgniter\View\{closure}()
 2 SYSTEMPATH\Common.php(1178): CodeIgniter\View\View->render('calculadora', [], true)
 3 APPPATH\Controllers\Calculadora.php(9): view('calculadora')
 4 APPPATH\Controllers\Calculadora.php(19): App\Controllers\Calculadora->index()
 5 SYSTEMPATH\CodeIgniter.php(941): App\Controllers\Calculadora->post()
 6 SYSTEMPATH\CodeIgniter.php(502): CodeIgniter\CodeIgniter->runController(Object(App\Controllers\Calculadora))
 7 SYSTEMPATH\CodeIgniter.php(361): CodeIgniter\CodeIgniter->handleRequest(null, Object(Config\Cache), false)
 8 FCPATH\index.php(79): CodeIgniter\CodeIgniter->run()
CRITICAL - 2024-02-29 00:48:57 --> ErrorException: Undefined variable $result
in APPPATH\Views\calculadora.php on line 45.
 1 APPPATH\Views\calculadora.php(45): CodeIgniter\Debug\Exceptions->errorHandler(2, 'Undefined variable $result', 'C:\\xampp\\htdocs\\ci4\\app\\Views\\calculadora.php', 45)
 2 SYSTEMPATH\View\View.php(228): include('C:\\xampp\\htdocs\\ci4\\app\\Views\\calculadora.php')
 3 SYSTEMPATH\View\View.php(231): CodeIgniter\View\View->CodeIgniter\View\{closure}()
 4 SYSTEMPATH\Common.php(1178): CodeIgniter\View\View->render('calculadora', [], true)
 5 APPPATH\Controllers\Calculadora.php(9): view('calculadora')
 6 APPPATH\Controllers\Calculadora.php(19): App\Controllers\Calculadora->index()
 7 SYSTEMPATH\CodeIgniter.php(941): App\Controllers\Calculadora->post()
 8 SYSTEMPATH\CodeIgniter.php(502): CodeIgniter\CodeIgniter->runController(Object(App\Controllers\Calculadora))
 9 SYSTEMPATH\CodeIgniter.php(361): CodeIgniter\CodeIgniter->handleRequest(null, Object(Config\Cache), false)
10 FCPATH\index.php(79): CodeIgniter\CodeIgniter->run()
CRITICAL - 2024-02-29 01:14:09 --> ErrorException: Undefined variable $result
in APPPATH\Views\calculadora.php on line 45.
 1 APPPATH\Views\calculadora.php(45): CodeIgniter\Debug\Exceptions->errorHandler(2, 'Undefined variable $result', 'C:\\xampp\\htdocs\\ci4\\app\\Views\\calculadora.php', 45)
 2 SYSTEMPATH\View\View.php(228): include('C:\\xampp\\htdocs\\ci4\\app\\Views\\calculadora.php')
 3 SYSTEMPATH\View\View.php(231): CodeIgniter\View\View->CodeIgniter\View\{closure}()
 4 SYSTEMPATH\Common.php(1178): CodeIgniter\View\View->render('calculadora', [], true)
 5 APPPATH\Controllers\Calculadora.php(9): view('calculadora')
 6 APPPATH\Controllers\Calculadora.php(19): App\Controllers\Calculadora->index()
 7 SYSTEMPATH\CodeIgniter.php(941): App\Controllers\Calculadora->post()
 8 SYSTEMPATH\CodeIgniter.php(502): CodeIgniter\CodeIgniter->runController(Object(App\Controllers\Calculadora))
 9 SYSTEMPATH\CodeIgniter.php(361): CodeIgniter\CodeIgniter->handleRequest(null, Object(Config\Cache), false)
10 FCPATH\index.php(79): CodeIgniter\CodeIgniter->run()
CRITICAL - 2024-02-29 01:15:07 --> ErrorException: Undefined variable $result
in APPPATH\Views\calculadora.php on line 49.
 1 APPPATH\Views\calculadora.php(49): CodeIgniter\Debug\Exceptions->errorHandler(2, 'Undefined variable $result', 'C:\\xampp\\htdocs\\ci4\\app\\Views\\calculadora.php', 49)
 2 SYSTEMPATH\View\View.php(228): include('C:\\xampp\\htdocs\\ci4\\app\\Views\\calculadora.php')
 3 SYSTEMPATH\View\View.php(231): CodeIgniter\View\View->CodeIgniter\View\{closure}()
 4 SYSTEMPATH\Common.php(1178): CodeIgniter\View\View->render('calculadora', [], true)
 5 APPPATH\Controllers\Calculadora.php(9): view('calculadora')
 6 APPPATH\Controllers\Calculadora.php(19): App\Controllers\Calculadora->index()
 7 SYSTEMPATH\CodeIgniter.php(941): App\Controllers\Calculadora->post()
 8 SYSTEMPATH\CodeIgniter.php(502): CodeIgniter\CodeIgniter->runController(Object(App\Controllers\Calculadora))
 9 SYSTEMPATH\CodeIgniter.php(361): CodeIgniter\CodeIgniter->handleRequest(null, Object(Config\Cache), false)
10 FCPATH\index.php(79): CodeIgniter\CodeIgniter->run()
CRITICAL - 2024-02-29 01:18:07 --> ErrorException: Undefined variable $result
in APPPATH\Views\calculadora.php on line 47.
 1 APPPATH\Views\calculadora.php(47): CodeIgniter\Debug\Exceptions->errorHandler(2, 'Undefined variable $result', 'C:\\xampp\\htdocs\\ci4\\app\\Views\\calculadora.php', 47)
 2 SYSTEMPATH\View\View.php(228): include('C:\\xampp\\htdocs\\ci4\\app\\Views\\calculadora.php')
 3 SYSTEMPATH\View\View.php(231): CodeIgniter\View\View->CodeIgniter\View\{closure}()
 4 SYSTEMPATH\Common.php(1178): CodeIgniter\View\View->render('calculadora', [], true)
 5 APPPATH\Controllers\Calculadora.php(9): view('calculadora')
 6 APPPATH\Controllers\Calculadora.php(19): App\Controllers\Calculadora->index()
 7 SYSTEMPATH\CodeIgniter.php(941): App\Controllers\Calculadora->post()
 8 SYSTEMPATH\CodeIgniter.php(502): CodeIgniter\CodeIgniter->runController(Object(App\Controllers\Calculadora))
 9 SYSTEMPATH\CodeIgniter.php(361): CodeIgniter\CodeIgniter->handleRequest(null, Object(Config\Cache), false)
10 FCPATH\index.php(79): CodeIgniter\CodeIgniter->run()
CRITICAL - 2024-02-29 01:19:25 --> ErrorException: Undefined variable $result
in APPPATH\Views\calculadora.php on line 47.
 1 APPPATH\Views\calculadora.php(47): CodeIgniter\Debug\Exceptions->errorHandler(2, 'Undefined variable $result', 'C:\\xampp\\htdocs\\ci4\\app\\Views\\calculadora.php', 47)
 2 SYSTEMPATH\View\View.php(228): include('C:\\xampp\\htdocs\\ci4\\app\\Views\\calculadora.php')
 3 SYSTEMPATH\View\View.php(231): CodeIgniter\View\View->CodeIgniter\View\{closure}()
 4 SYSTEMPATH\Common.php(1178): CodeIgniter\View\View->render('calculadora', [], true)
 5 APPPATH\Controllers\Calculadora.php(9): view('calculadora')
 6 APPPATH\Controllers\Calculadora.php(19): App\Controllers\Calculadora->index()
 7 SYSTEMPATH\CodeIgniter.php(941): App\Controllers\Calculadora->post()
 8 SYSTEMPATH\CodeIgniter.php(502): CodeIgniter\CodeIgniter->runController(Object(App\Controllers\Calculadora))
 9 SYSTEMPATH\CodeIgniter.php(361): CodeIgniter\CodeIgniter->handleRequest(null, Object(Config\Cache), false)
10 FCPATH\index.php(79): CodeIgniter\CodeIgniter->run()
CRITICAL - 2024-02-29 01:20:55 --> ErrorException: Undefined array key "a"
in APPPATH\Views\calculadora.php on line 23.
 1 APPPATH\Views\calculadora.php(23): CodeIgniter\Debug\Exceptions->errorHandler(2, 'Undefined array key "a"', 'C:\\xampp\\htdocs\\ci4\\app\\Views\\calculadora.php', 23)
 2 SYSTEMPATH\View\View.php(228): include('C:\\xampp\\htdocs\\ci4\\app\\Views\\calculadora.php')
 3 SYSTEMPATH\View\View.php(231): CodeIgniter\View\View->CodeIgniter\View\{closure}()
 4 SYSTEMPATH\Common.php(1178): CodeIgniter\View\View->render('calculadora', [], true)
 5 APPPATH\Controllers\Calculadora.php(9): view('calculadora')
 6 SYSTEMPATH\CodeIgniter.php(941): App\Controllers\Calculadora->index()
 7 SYSTEMPATH\CodeIgniter.php(502): CodeIgniter\CodeIgniter->runController(Object(App\Controllers\Calculadora))
 8 SYSTEMPATH\CodeIgniter.php(361): CodeIgniter\CodeIgniter->handleRequest(null, Object(Config\Cache), false)
 9 FCPATH\index.php(79): CodeIgniter\CodeIgniter->run()
CRITICAL - 2024-02-29 01:21:43 --> ErrorException: Undefined variable $result
in APPPATH\Views\calculadora.php on line 46.
 1 APPPATH\Views\calculadora.php(46): CodeIgniter\Debug\Exceptions->errorHandler(2, 'Undefined variable $result', 'C:\\xampp\\htdocs\\ci4\\app\\Views\\calculadora.php', 46)
 2 SYSTEMPATH\View\View.php(228): include('C:\\xampp\\htdocs\\ci4\\app\\Views\\calculadora.php')
 3 SYSTEMPATH\View\View.php(231): CodeIgniter\View\View->CodeIgniter\View\{closure}()
 4 SYSTEMPATH\Common.php(1178): CodeIgniter\View\View->render('calculadora', [], true)
 5 APPPATH\Controllers\Calculadora.php(9): view('calculadora')
 6 APPPATH\Controllers\Calculadora.php(19): App\Controllers\Calculadora->index()
 7 SYSTEMPATH\CodeIgniter.php(941): App\Controllers\Calculadora->post()
 8 SYSTEMPATH\CodeIgniter.php(502): CodeIgniter\CodeIgniter->runController(Object(App\Controllers\Calculadora))
 9 SYSTEMPATH\CodeIgniter.php(361): CodeIgniter\CodeIgniter->handleRequest(null, Object(Config\Cache), false)
10 FCPATH\index.php(79): CodeIgniter\CodeIgniter->run()
CRITICAL - 2024-02-29 01:21:54 --> ErrorException: Undefined variable $result
in APPPATH\Views\calculadora.php on line 46.
 1 APPPATH\Views\calculadora.php(46): CodeIgniter\Debug\Exceptions->errorHandler(2, 'Undefined variable $result', 'C:\\xampp\\htdocs\\ci4\\app\\Views\\calculadora.php', 46)
 2 SYSTEMPATH\View\View.php(228): include('C:\\xampp\\htdocs\\ci4\\app\\Views\\calculadora.php')
 3 SYSTEMPATH\View\View.php(231): CodeIgniter\View\View->CodeIgniter\View\{closure}()
 4 SYSTEMPATH\Common.php(1178): CodeIgniter\View\View->render('calculadora', [], true)
 5 APPPATH\Controllers\Calculadora.php(9): view('calculadora')
 6 APPPATH\Controllers\Calculadora.php(19): App\Controllers\Calculadora->index()
 7 SYSTEMPATH\CodeIgniter.php(941): App\Controllers\Calculadora->post()
 8 SYSTEMPATH\CodeIgniter.php(502): CodeIgniter\CodeIgniter->runController(Object(App\Controllers\Calculadora))
 9 SYSTEMPATH\CodeIgniter.php(361): CodeIgniter\CodeIgniter->handleRequest(null, Object(Config\Cache), false)
10 FCPATH\index.php(79): CodeIgniter\CodeIgniter->run()
CRITICAL - 2024-02-29 01:21:56 --> ErrorException: Undefined variable $result
in APPPATH\Views\calculadora.php on line 46.
 1 APPPATH\Views\calculadora.php(46): CodeIgniter\Debug\Exceptions->errorHandler(2, 'Undefined variable $result', 'C:\\xampp\\htdocs\\ci4\\app\\Views\\calculadora.php', 46)
 2 SYSTEMPATH\View\View.php(228): include('C:\\xampp\\htdocs\\ci4\\app\\Views\\calculadora.php')
 3 SYSTEMPATH\View\View.php(231): CodeIgniter\View\View->CodeIgniter\View\{closure}()
 4 SYSTEMPATH\Common.php(1178): CodeIgniter\View\View->render('calculadora', [], true)
 5 APPPATH\Controllers\Calculadora.php(9): view('calculadora')
 6 APPPATH\Controllers\Calculadora.php(19): App\Controllers\Calculadora->index()
 7 SYSTEMPATH\CodeIgniter.php(941): App\Controllers\Calculadora->post()
 8 SYSTEMPATH\CodeIgniter.php(502): CodeIgniter\CodeIgniter->runController(Object(App\Controllers\Calculadora))
 9 SYSTEMPATH\CodeIgniter.php(361): CodeIgniter\CodeIgniter->handleRequest(null, Object(Config\Cache), false)
10 FCPATH\index.php(79): CodeIgniter\CodeIgniter->run()
CRITICAL - 2024-02-29 01:21:59 --> ErrorException: Undefined variable $result
in APPPATH\Views\calculadora.php on line 46.
 1 APPPATH\Views\calculadora.php(46): CodeIgniter\Debug\Exceptions->errorHandler(2, 'Undefined variable $result', 'C:\\xampp\\htdocs\\ci4\\app\\Views\\calculadora.php', 46)
 2 SYSTEMPATH\View\View.php(228): include('C:\\xampp\\htdocs\\ci4\\app\\Views\\calculadora.php')
 3 SYSTEMPATH\View\View.php(231): CodeIgniter\View\View->CodeIgniter\View\{closure}()
 4 SYSTEMPATH\Common.php(1178): CodeIgniter\View\View->render('calculadora', [], true)
 5 APPPATH\Controllers\Calculadora.php(9): view('calculadora')
 6 APPPATH\Controllers\Calculadora.php(19): App\Controllers\Calculadora->index()
 7 SYSTEMPATH\CodeIgniter.php(941): App\Controllers\Calculadora->post()
 8 SYSTEMPATH\CodeIgniter.php(502): CodeIgniter\CodeIgniter->runController(Object(App\Controllers\Calculadora))
 9 SYSTEMPATH\CodeIgniter.php(361): CodeIgniter\CodeIgniter->handleRequest(null, Object(Config\Cache), false)
10 FCPATH\index.php(79): CodeIgniter\CodeIgniter->run()
CRITICAL - 2024-02-29 01:22:51 --> ParseError: syntax error, unexpected token "{", expecting ")"
in APPPATH\Views\calculadora.php on line 14.
 1 SYSTEMPATH\View\View.php(231): CodeIgniter\View\View->CodeIgniter\View\{closure}()
 2 SYSTEMPATH\Common.php(1178): CodeIgniter\View\View->render('calculadora', [], true)
 3 APPPATH\Controllers\Calculadora.php(9): view('calculadora')
 4 SYSTEMPATH\CodeIgniter.php(941): App\Controllers\Calculadora->index()
 5 SYSTEMPATH\CodeIgniter.php(502): CodeIgniter\CodeIgniter->runController(Object(App\Controllers\Calculadora))
 6 SYSTEMPATH\CodeIgniter.php(361): CodeIgniter\CodeIgniter->handleRequest(null, Object(Config\Cache), false)
 7 FCPATH\index.php(79): CodeIgniter\CodeIgniter->run()
CRITICAL - 2024-02-29 01:24:35 --> ErrorException: Undefined array key "a"
in APPPATH\Views\calculadora.php on line 23.
 1 APPPATH\Views\calculadora.php(23): CodeIgniter\Debug\Exceptions->errorHandler(2, 'Undefined array key "a"', 'C:\\xampp\\htdocs\\ci4\\app\\Views\\calculadora.php', 23)
 2 SYSTEMPATH\View\View.php(228): include('C:\\xampp\\htdocs\\ci4\\app\\Views\\calculadora.php')
 3 SYSTEMPATH\View\View.php(231): CodeIgniter\View\View->CodeIgniter\View\{closure}()
 4 SYSTEMPATH\Common.php(1178): CodeIgniter\View\View->render('calculadora', [], true)
 5 APPPATH\Controllers\Calculadora.php(9): view('calculadora')
 6 SYSTEMPATH\CodeIgniter.php(941): App\Controllers\Calculadora->index()
 7 SYSTEMPATH\CodeIgniter.php(502): CodeIgniter\CodeIgniter->runController(Object(App\Controllers\Calculadora))
 8 SYSTEMPATH\CodeIgniter.php(361): CodeIgniter\CodeIgniter->handleRequest(null, Object(Config\Cache), false)
 9 FCPATH\index.php(79): CodeIgniter\CodeIgniter->run()
CRITICAL - 2024-02-29 01:25:48 --> ErrorException: Undefined array key "a"
in APPPATH\Views\calculadora.php on line 24.
 1 APPPATH\Views\calculadora.php(24): CodeIgniter\Debug\Exceptions->errorHandler(2, 'Undefined array key "a"', 'C:\\xampp\\htdocs\\ci4\\app\\Views\\calculadora.php', 24)
 2 SYSTEMPATH\View\View.php(228): include('C:\\xampp\\htdocs\\ci4\\app\\Views\\calculadora.php')
 3 SYSTEMPATH\View\View.php(231): CodeIgniter\View\View->CodeIgniter\View\{closure}()
 4 SYSTEMPATH\Common.php(1178): CodeIgniter\View\View->render('calculadora', [], true)
 5 APPPATH\Controllers\Calculadora.php(9): view('calculadora')
 6 SYSTEMPATH\CodeIgniter.php(941): App\Controllers\Calculadora->index()
 7 SYSTEMPATH\CodeIgniter.php(502): CodeIgniter\CodeIgniter->runController(Object(App\Controllers\Calculadora))
 8 SYSTEMPATH\CodeIgniter.php(361): CodeIgniter\CodeIgniter->handleRequest(null, Object(Config\Cache), false)
 9 FCPATH\index.php(79): CodeIgniter\CodeIgniter->run()
CRITICAL - 2024-02-29 01:26:26 --> ErrorException: Cannot use isset() on the result of an expression (you can use "null !== expression" instead)
in APPPATH\Views\calculadora.php on line 14.
 1 [internal function]: CodeIgniter\Debug\Exceptions->shutdownHandler()
CRITICAL - 2024-02-29 01:26:26 --> ErrorException: Cannot use isset() on the result of an expression (you can use "null !== expression" instead)
in APPPATH\Views\calculadora.php on line 14.
 1 [internal function]: CodeIgniter\Debug\Exceptions->shutdownHandler()
CRITICAL - 2024-02-29 01:27:15 --> ParseError: syntax error, unexpected token "else", expecting end of file
in APPPATH\Views\calculadora.php on line 24.
 1 SYSTEMPATH\View\View.php(231): CodeIgniter\View\View->CodeIgniter\View\{closure}()
 2 SYSTEMPATH\Common.php(1178): CodeIgniter\View\View->render('calculadora', [], true)
 3 APPPATH\Controllers\Calculadora.php(9): view('calculadora')
 4 APPPATH\Controllers\Calculadora.php(19): App\Controllers\Calculadora->index()
 5 SYSTEMPATH\CodeIgniter.php(941): App\Controllers\Calculadora->post()
 6 SYSTEMPATH\CodeIgniter.php(502): CodeIgniter\CodeIgniter->runController(Object(App\Controllers\Calculadora))
 7 SYSTEMPATH\CodeIgniter.php(361): CodeIgniter\CodeIgniter->handleRequest(null, Object(Config\Cache), false)
 8 FCPATH\index.php(79): CodeIgniter\CodeIgniter->run()
CRITICAL - 2024-02-29 01:27:16 --> ParseError: syntax error, unexpected token "else", expecting end of file
in APPPATH\Views\calculadora.php on line 24.
 1 SYSTEMPATH\View\View.php(231): CodeIgniter\View\View->CodeIgniter\View\{closure}()
 2 SYSTEMPATH\Common.php(1178): CodeIgniter\View\View->render('calculadora', [], true)
 3 APPPATH\Controllers\Calculadora.php(9): view('calculadora')
 4 APPPATH\Controllers\Calculadora.php(19): App\Controllers\Calculadora->index()
 5 SYSTEMPATH\CodeIgniter.php(941): App\Controllers\Calculadora->post()
 6 SYSTEMPATH\CodeIgniter.php(502): CodeIgniter\CodeIgniter->runController(Object(App\Controllers\Calculadora))
 7 SYSTEMPATH\CodeIgniter.php(361): CodeIgniter\CodeIgniter->handleRequest(null, Object(Config\Cache), false)
 8 FCPATH\index.php(79): CodeIgniter\CodeIgniter->run()
CRITICAL - 2024-02-29 01:27:17 --> ParseError: syntax error, unexpected token "else", expecting end of file
in APPPATH\Views\calculadora.php on line 24.
 1 SYSTEMPATH\View\View.php(231): CodeIgniter\View\View->CodeIgniter\View\{closure}()
 2 SYSTEMPATH\Common.php(1178): CodeIgniter\View\View->render('calculadora', [], true)
 3 APPPATH\Controllers\Calculadora.php(9): view('calculadora')
 4 SYSTEMPATH\CodeIgniter.php(941): App\Controllers\Calculadora->index()
 5 SYSTEMPATH\CodeIgniter.php(502): CodeIgniter\CodeIgniter->runController(Object(App\Controllers\Calculadora))
 6 SYSTEMPATH\CodeIgniter.php(361): CodeIgniter\CodeIgniter->handleRequest(null, Object(Config\Cache), false)
 7 FCPATH\index.php(79): CodeIgniter\CodeIgniter->run()
CRITICAL - 2024-02-29 01:30:38 --> ParseError: syntax error, unexpected token "{"
in APPPATH\Views\calculadora.php on line 14.
 1 SYSTEMPATH\View\View.php(231): CodeIgniter\View\View->CodeIgniter\View\{closure}()
 2 SYSTEMPATH\Common.php(1178): CodeIgniter\View\View->render('calculadora', [], true)
 3 APPPATH\Controllers\Calculadora.php(9): view('calculadora')
 4 APPPATH\Controllers\Calculadora.php(19): App\Controllers\Calculadora->index()
 5 SYSTEMPATH\CodeIgniter.php(941): App\Controllers\Calculadora->post()
 6 SYSTEMPATH\CodeIgniter.php(502): CodeIgniter\CodeIgniter->runController(Object(App\Controllers\Calculadora))
 7 SYSTEMPATH\CodeIgniter.php(361): CodeIgniter\CodeIgniter->handleRequest(null, Object(Config\Cache), false)
 8 FCPATH\index.php(79): CodeIgniter\CodeIgniter->run()
CRITICAL - 2024-02-29 01:30:52 --> ErrorException: Undefined array key "a"
in APPPATH\Views\calculadora.php on line 23.
 1 APPPATH\Views\calculadora.php(23): CodeIgniter\Debug\Exceptions->errorHandler(2, 'Undefined array key "a"', 'C:\\xampp\\htdocs\\ci4\\app\\Views\\calculadora.php', 23)
 2 SYSTEMPATH\View\View.php(228): include('C:\\xampp\\htdocs\\ci4\\app\\Views\\calculadora.php')
 3 SYSTEMPATH\View\View.php(231): CodeIgniter\View\View->CodeIgniter\View\{closure}()
 4 SYSTEMPATH\Common.php(1178): CodeIgniter\View\View->render('calculadora', [], true)
 5 APPPATH\Controllers\Calculadora.php(9): view('calculadora')
 6 SYSTEMPATH\CodeIgniter.php(941): App\Controllers\Calculadora->index()
 7 SYSTEMPATH\CodeIgniter.php(502): CodeIgniter\CodeIgniter->runController(Object(App\Controllers\Calculadora))
 8 SYSTEMPATH\CodeIgniter.php(361): CodeIgniter\CodeIgniter->handleRequest(null, Object(Config\Cache), false)
 9 FCPATH\index.php(79): CodeIgniter\CodeIgniter->run()
CRITICAL - 2024-02-29 01:30:57 --> ErrorException: Undefined array key "a"
in APPPATH\Views\calculadora.php on line 23.
 1 APPPATH\Views\calculadora.php(23): CodeIgniter\Debug\Exceptions->errorHandler(2, 'Undefined array key "a"', 'C:\\xampp\\htdocs\\ci4\\app\\Views\\calculadora.php', 23)
 2 SYSTEMPATH\View\View.php(228): include('C:\\xampp\\htdocs\\ci4\\app\\Views\\calculadora.php')
 3 SYSTEMPATH\View\View.php(231): CodeIgniter\View\View->CodeIgniter\View\{closure}()
 4 SYSTEMPATH\Common.php(1178): CodeIgniter\View\View->render('calculadora', [], true)
 5 APPPATH\Controllers\Calculadora.php(9): view('calculadora')
 6 SYSTEMPATH\CodeIgniter.php(941): App\Controllers\Calculadora->index()
 7 SYSTEMPATH\CodeIgniter.php(502): CodeIgniter\CodeIgniter->runController(Object(App\Controllers\Calculadora))
 8 SYSTEMPATH\CodeIgniter.php(361): CodeIgniter\CodeIgniter->handleRequest(null, Object(Config\Cache), false)
 9 FCPATH\index.php(79): CodeIgniter\CodeIgniter->run()
CRITICAL - 2024-02-29 01:32:28 --> ErrorException: Undefined array key "b"
in APPPATH\Views\calculadora.php on line 14.
 1 APPPATH\Views\calculadora.php(14): CodeIgniter\Debug\Exceptions->errorHandler(2, 'Undefined array key "b"', 'C:\\xampp\\htdocs\\ci4\\app\\Views\\calculadora.php', 14)
 2 SYSTEMPATH\View\View.php(228): include('C:\\xampp\\htdocs\\ci4\\app\\Views\\calculadora.php')
 3 SYSTEMPATH\View\View.php(231): CodeIgniter\View\View->CodeIgniter\View\{closure}()
 4 SYSTEMPATH\Common.php(1178): CodeIgniter\View\View->render('calculadora', [], true)
 5 APPPATH\Controllers\Calculadora.php(9): view('calculadora')
 6 SYSTEMPATH\CodeIgniter.php(941): App\Controllers\Calculadora->index()
 7 SYSTEMPATH\CodeIgniter.php(502): CodeIgniter\CodeIgniter->runController(Object(App\Controllers\Calculadora))
 8 SYSTEMPATH\CodeIgniter.php(361): CodeIgniter\CodeIgniter->handleRequest(null, Object(Config\Cache), false)
 9 FCPATH\index.php(79): CodeIgniter\CodeIgniter->run()
CRITICAL - 2024-02-29 01:32:30 --> ErrorException: Undefined array key "b"
in APPPATH\Views\calculadora.php on line 14.
 1 APPPATH\Views\calculadora.php(14): CodeIgniter\Debug\Exceptions->errorHandler(2, 'Undefined array key "b"', 'C:\\xampp\\htdocs\\ci4\\app\\Views\\calculadora.php', 14)
 2 SYSTEMPATH\View\View.php(228): include('C:\\xampp\\htdocs\\ci4\\app\\Views\\calculadora.php')
 3 SYSTEMPATH\View\View.php(231): CodeIgniter\View\View->CodeIgniter\View\{closure}()
 4 SYSTEMPATH\Common.php(1178): CodeIgniter\View\View->render('calculadora', [], true)
 5 APPPATH\Controllers\Calculadora.php(9): view('calculadora')
 6 SYSTEMPATH\CodeIgniter.php(941): App\Controllers\Calculadora->index()
 7 SYSTEMPATH\CodeIgniter.php(502): CodeIgniter\CodeIgniter->runController(Object(App\Controllers\Calculadora))
 8 SYSTEMPATH\CodeIgniter.php(361): CodeIgniter\CodeIgniter->handleRequest(null, Object(Config\Cache), false)
 9 FCPATH\index.php(79): CodeIgniter\CodeIgniter->run()
CRITICAL - 2024-02-29 01:32:31 --> ErrorException: Undefined array key "b"
in APPPATH\Views\calculadora.php on line 14.
 1 APPPATH\Views\calculadora.php(14): CodeIgniter\Debug\Exceptions->errorHandler(2, 'Undefined array key "b"', 'C:\\xampp\\htdocs\\ci4\\app\\Views\\calculadora.php', 14)
 2 SYSTEMPATH\View\View.php(228): include('C:\\xampp\\htdocs\\ci4\\app\\Views\\calculadora.php')
 3 SYSTEMPATH\View\View.php(231): CodeIgniter\View\View->CodeIgniter\View\{closure}()
 4 SYSTEMPATH\Common.php(1178): CodeIgniter\View\View->render('calculadora', [], true)
 5 APPPATH\Controllers\Calculadora.php(9): view('calculadora')
 6 SYSTEMPATH\CodeIgniter.php(941): App\Controllers\Calculadora->index()
 7 SYSTEMPATH\CodeIgniter.php(502): CodeIgniter\CodeIgniter->runController(Object(App\Controllers\Calculadora))
 8 SYSTEMPATH\CodeIgniter.php(361): CodeIgniter\CodeIgniter->handleRequest(null, Object(Config\Cache), false)
 9 FCPATH\index.php(79): CodeIgniter\CodeIgniter->run()
CRITICAL - 2024-02-29 01:32:54 --> ErrorException: Undefined array key "b"
in APPPATH\Views\calculadora.php on line 14.
 1 APPPATH\Views\calculadora.php(14): CodeIgniter\Debug\Exceptions->errorHandler(2, 'Undefined array key "b"', 'C:\\xampp\\htdocs\\ci4\\app\\Views\\calculadora.php', 14)
 2 SYSTEMPATH\View\View.php(228): include('C:\\xampp\\htdocs\\ci4\\app\\Views\\calculadora.php')
 3 SYSTEMPATH\View\View.php(231): CodeIgniter\View\View->CodeIgniter\View\{closure}()
 4 SYSTEMPATH\Common.php(1178): CodeIgniter\View\View->render('calculadora', [], true)
 5 APPPATH\Controllers\Calculadora.php(9): view('calculadora')
 6 SYSTEMPATH\CodeIgniter.php(941): App\Controllers\Calculadora->index()
 7 SYSTEMPATH\CodeIgniter.php(502): CodeIgniter\CodeIgniter->runController(Object(App\Controllers\Calculadora))
 8 SYSTEMPATH\CodeIgniter.php(361): CodeIgniter\CodeIgniter->handleRequest(null, Object(Config\Cache), false)
 9 FCPATH\index.php(79): CodeIgniter\CodeIgniter->run()
CRITICAL - 2024-02-29 01:32:54 --> ErrorException: Undefined array key "b"
in APPPATH\Views\calculadora.php on line 14.
 1 APPPATH\Views\calculadora.php(14): CodeIgniter\Debug\Exceptions->errorHandler(2, 'Undefined array key "b"', 'C:\\xampp\\htdocs\\ci4\\app\\Views\\calculadora.php', 14)
 2 SYSTEMPATH\View\View.php(228): include('C:\\xampp\\htdocs\\ci4\\app\\Views\\calculadora.php')
 3 SYSTEMPATH\View\View.php(231): CodeIgniter\View\View->CodeIgniter\View\{closure}()
 4 SYSTEMPATH\Common.php(1178): CodeIgniter\View\View->render('calculadora', [], true)
 5 APPPATH\Controllers\Calculadora.php(9): view('calculadora')
 6 SYSTEMPATH\CodeIgniter.php(941): App\Controllers\Calculadora->index()
 7 SYSTEMPATH\CodeIgniter.php(502): CodeIgniter\CodeIgniter->runController(Object(App\Controllers\Calculadora))
 8 SYSTEMPATH\CodeIgniter.php(361): CodeIgniter\CodeIgniter->handleRequest(null, Object(Config\Cache), false)
 9 FCPATH\index.php(79): CodeIgniter\CodeIgniter->run()
CRITICAL - 2024-02-29 01:32:57 --> ErrorException: Undefined array key "b"
in APPPATH\Views\calculadora.php on line 14.
 1 APPPATH\Views\calculadora.php(14): CodeIgniter\Debug\Exceptions->errorHandler(2, 'Undefined array key "b"', 'C:\\xampp\\htdocs\\ci4\\app\\Views\\calculadora.php', 14)
 2 SYSTEMPATH\View\View.php(228): include('C:\\xampp\\htdocs\\ci4\\app\\Views\\calculadora.php')
 3 SYSTEMPATH\View\View.php(231): CodeIgniter\View\View->CodeIgniter\View\{closure}()
 4 SYSTEMPATH\Common.php(1178): CodeIgniter\View\View->render('calculadora', [], true)
 5 APPPATH\Controllers\Calculadora.php(9): view('calculadora')
 6 SYSTEMPATH\CodeIgniter.php(941): App\Controllers\Calculadora->index()
 7 SYSTEMPATH\CodeIgniter.php(502): CodeIgniter\CodeIgniter->runController(Object(App\Controllers\Calculadora))
 8 SYSTEMPATH\CodeIgniter.php(361): CodeIgniter\CodeIgniter->handleRequest(null, Object(Config\Cache), false)
 9 FCPATH\index.php(79): CodeIgniter\CodeIgniter->run()
CRITICAL - 2024-02-29 01:36:00 --> ParseError: syntax error, unexpected token "echo", expecting ";"
in APPPATH\Views\calculadora.php on line 15.
 1 SYSTEMPATH\View\View.php(231): CodeIgniter\View\View->CodeIgniter\View\{closure}()
 2 SYSTEMPATH\Common.php(1178): CodeIgniter\View\View->render('calculadora', [], true)
 3 APPPATH\Controllers\Calculadora.php(9): view('calculadora')
 4 APPPATH\Controllers\Calculadora.php(19): App\Controllers\Calculadora->index()
 5 SYSTEMPATH\CodeIgniter.php(941): App\Controllers\Calculadora->post()
 6 SYSTEMPATH\CodeIgniter.php(502): CodeIgniter\CodeIgniter->runController(Object(App\Controllers\Calculadora))
 7 SYSTEMPATH\CodeIgniter.php(361): CodeIgniter\CodeIgniter->handleRequest(null, Object(Config\Cache), false)
 8 FCPATH\index.php(79): CodeIgniter\CodeIgniter->run()
CRITICAL - 2024-02-29 01:37:48 --> ErrorException: Undefined array key "b"
in APPPATH\Views\calculadora.php on line 30.
 1 APPPATH\Views\calculadora.php(30): CodeIgniter\Debug\Exceptions->errorHandler(2, 'Undefined array key "b"', 'C:\\xampp\\htdocs\\ci4\\app\\Views\\calculadora.php', 30)
 2 SYSTEMPATH\View\View.php(228): include('C:\\xampp\\htdocs\\ci4\\app\\Views\\calculadora.php')
 3 SYSTEMPATH\View\View.php(231): CodeIgniter\View\View->CodeIgniter\View\{closure}()
 4 SYSTEMPATH\Common.php(1178): CodeIgniter\View\View->render('calculadora', [], true)
 5 APPPATH\Controllers\Calculadora.php(9): view('calculadora')
 6 SYSTEMPATH\CodeIgniter.php(941): App\Controllers\Calculadora->index()
 7 SYSTEMPATH\CodeIgniter.php(502): CodeIgniter\CodeIgniter->runController(Object(App\Controllers\Calculadora))
 8 SYSTEMPATH\CodeIgniter.php(361): CodeIgniter\CodeIgniter->handleRequest(null, Object(Config\Cache), false)
 9 FCPATH\index.php(79): CodeIgniter\CodeIgniter->run()
CRITICAL - 2024-02-29 01:37:49 --> ErrorException: Undefined array key "b"
in APPPATH\Views\calculadora.php on line 30.
 1 APPPATH\Views\calculadora.php(30): CodeIgniter\Debug\Exceptions->errorHandler(2, 'Undefined array key "b"', 'C:\\xampp\\htdocs\\ci4\\app\\Views\\calculadora.php', 30)
 2 SYSTEMPATH\View\View.php(228): include('C:\\xampp\\htdocs\\ci4\\app\\Views\\calculadora.php')
 3 SYSTEMPATH\View\View.php(231): CodeIgniter\View\View->CodeIgniter\View\{closure}()
 4 SYSTEMPATH\Common.php(1178): CodeIgniter\View\View->render('calculadora', [], true)
 5 APPPATH\Controllers\Calculadora.php(9): view('calculadora')
 6 SYSTEMPATH\CodeIgniter.php(941): App\Controllers\Calculadora->index()
 7 SYSTEMPATH\CodeIgniter.php(502): CodeIgniter\CodeIgniter->runController(Object(App\Controllers\Calculadora))
 8 SYSTEMPATH\CodeIgniter.php(361): CodeIgniter\CodeIgniter->handleRequest(null, Object(Config\Cache), false)
 9 FCPATH\index.php(79): CodeIgniter\CodeIgniter->run()
CRITICAL - 2024-02-29 01:37:58 --> ErrorException: Undefined array key "a"
in APPPATH\Views\calculadora.php on line 30.
 1 APPPATH\Views\calculadora.php(30): CodeIgniter\Debug\Exceptions->errorHandler(2, 'Undefined array key "a"', 'C:\\xampp\\htdocs\\ci4\\app\\Views\\calculadora.php', 30)
 2 SYSTEMPATH\View\View.php(228): include('C:\\xampp\\htdocs\\ci4\\app\\Views\\calculadora.php')
 3 SYSTEMPATH\View\View.php(231): CodeIgniter\View\View->CodeIgniter\View\{closure}()
 4 SYSTEMPATH\Common.php(1178): CodeIgniter\View\View->render('calculadora', [], true)
 5 APPPATH\Controllers\Calculadora.php(9): view('calculadora')
 6 SYSTEMPATH\CodeIgniter.php(941): App\Controllers\Calculadora->index()
 7 SYSTEMPATH\CodeIgniter.php(502): CodeIgniter\CodeIgniter->runController(Object(App\Controllers\Calculadora))
 8 SYSTEMPATH\CodeIgniter.php(361): CodeIgniter\CodeIgniter->handleRequest(null, Object(Config\Cache), false)
 9 FCPATH\index.php(79): CodeIgniter\CodeIgniter->run()
CRITICAL - 2024-02-29 01:38:02 --> ErrorException: Undefined array key "a"
in APPPATH\Views\calculadora.php on line 30.
 1 APPPATH\Views\calculadora.php(30): CodeIgniter\Debug\Exceptions->errorHandler(2, 'Undefined array key "a"', 'C:\\xampp\\htdocs\\ci4\\app\\Views\\calculadora.php', 30)
 2 SYSTEMPATH\View\View.php(228): include('C:\\xampp\\htdocs\\ci4\\app\\Views\\calculadora.php')
 3 SYSTEMPATH\View\View.php(231): CodeIgniter\View\View->CodeIgniter\View\{closure}()
 4 SYSTEMPATH\Common.php(1178): CodeIgniter\View\View->render('calculadora', [], true)
 5 APPPATH\Controllers\Calculadora.php(9): view('calculadora')
 6 SYSTEMPATH\CodeIgniter.php(941): App\Controllers\Calculadora->index()
 7 SYSTEMPATH\CodeIgniter.php(502): CodeIgniter\CodeIgniter->runController(Object(App\Controllers\Calculadora))
 8 SYSTEMPATH\CodeIgniter.php(361): CodeIgniter\CodeIgniter->handleRequest(null, Object(Config\Cache), false)
 9 FCPATH\index.php(79): CodeIgniter\CodeIgniter->run()
CRITICAL - 2024-02-29 01:39:27 --> ParseError: syntax error, unexpected token ">"
in APPPATH\Views\calculadora.php on line 30.
 1 SYSTEMPATH\View\View.php(231): CodeIgniter\View\View->CodeIgniter\View\{closure}()
 2 SYSTEMPATH\Common.php(1178): CodeIgniter\View\View->render('calculadora', [], true)
 3 APPPATH\Controllers\Calculadora.php(9): view('calculadora')
 4 APPPATH\Controllers\Calculadora.php(19): App\Controllers\Calculadora->index()
 5 SYSTEMPATH\CodeIgniter.php(941): App\Controllers\Calculadora->post()
 6 SYSTEMPATH\CodeIgniter.php(502): CodeIgniter\CodeIgniter->runController(Object(App\Controllers\Calculadora))
 7 SYSTEMPATH\CodeIgniter.php(361): CodeIgniter\CodeIgniter->handleRequest(null, Object(Config\Cache), false)
 8 FCPATH\index.php(79): CodeIgniter\CodeIgniter->run()
CRITICAL - 2024-02-29 01:43:06 --> ParseError: syntax error, unexpected token ":"
in APPPATH\Views\calculadora.php on line 26.
 1 SYSTEMPATH\View\View.php(231): CodeIgniter\View\View->CodeIgniter\View\{closure}()
 2 SYSTEMPATH\Common.php(1178): CodeIgniter\View\View->render('calculadora', [], true)
 3 APPPATH\Controllers\Calculadora.php(9): view('calculadora')
 4 APPPATH\Controllers\Calculadora.php(19): App\Controllers\Calculadora->index()
 5 SYSTEMPATH\CodeIgniter.php(941): App\Controllers\Calculadora->post()
 6 SYSTEMPATH\CodeIgniter.php(502): CodeIgniter\CodeIgniter->runController(Object(App\Controllers\Calculadora))
 7 SYSTEMPATH\CodeIgniter.php(361): CodeIgniter\CodeIgniter->handleRequest(null, Object(Config\Cache), false)
 8 FCPATH\index.php(79): CodeIgniter\CodeIgniter->run()
CRITICAL - 2024-02-29 01:43:11 --> ParseError: syntax error, unexpected token ":"
in APPPATH\Views\calculadora.php on line 26.
 1 SYSTEMPATH\View\View.php(231): CodeIgniter\View\View->CodeIgniter\View\{closure}()
 2 SYSTEMPATH\Common.php(1178): CodeIgniter\View\View->render('calculadora', [], true)
 3 APPPATH\Controllers\Calculadora.php(9): view('calculadora')
 4 APPPATH\Controllers\Calculadora.php(19): App\Controllers\Calculadora->index()
 5 SYSTEMPATH\CodeIgniter.php(941): App\Controllers\Calculadora->post()
 6 SYSTEMPATH\CodeIgniter.php(502): CodeIgniter\CodeIgniter->runController(Object(App\Controllers\Calculadora))
 7 SYSTEMPATH\CodeIgniter.php(361): CodeIgniter\CodeIgniter->handleRequest(null, Object(Config\Cache), false)
 8 FCPATH\index.php(79): CodeIgniter\CodeIgniter->run()
CRITICAL - 2024-02-29 02:03:53 --> ParseError: syntax error, unexpected token "}", expecting "," or ";"
in APPPATH\Views\calculadora.php on line 92.
 1 SYSTEMPATH\View\View.php(231): CodeIgniter\View\View->CodeIgniter\View\{closure}()
 2 SYSTEMPATH\Common.php(1178): CodeIgniter\View\View->render('calculadora', [], true)
 3 APPPATH\Controllers\Calculadora.php(9): view('calculadora')
 4 APPPATH\Controllers\Calculadora.php(19): App\Controllers\Calculadora->index()
 5 SYSTEMPATH\CodeIgniter.php(941): App\Controllers\Calculadora->post()
 6 SYSTEMPATH\CodeIgniter.php(502): CodeIgniter\CodeIgniter->runController(Object(App\Controllers\Calculadora))
 7 SYSTEMPATH\CodeIgniter.php(361): CodeIgniter\CodeIgniter->handleRequest(null, Object(Config\Cache), false)
 8 FCPATH\index.php(79): CodeIgniter\CodeIgniter->run()
CRITICAL - 2024-02-29 02:03:54 --> ParseError: syntax error, unexpected token "}", expecting "," or ";"
in APPPATH\Views\calculadora.php on line 92.
 1 SYSTEMPATH\View\View.php(231): CodeIgniter\View\View->CodeIgniter\View\{closure}()
 2 SYSTEMPATH\Common.php(1178): CodeIgniter\View\View->render('calculadora', [], true)
 3 APPPATH\Controllers\Calculadora.php(9): view('calculadora')
 4 APPPATH\Controllers\Calculadora.php(19): App\Controllers\Calculadora->index()
 5 SYSTEMPATH\CodeIgniter.php(941): App\Controllers\Calculadora->post()
 6 SYSTEMPATH\CodeIgniter.php(502): CodeIgniter\CodeIgniter->runController(Object(App\Controllers\Calculadora))
 7 SYSTEMPATH\CodeIgniter.php(361): CodeIgniter\CodeIgniter->handleRequest(null, Object(Config\Cache), false)
 8 FCPATH\index.php(79): CodeIgniter\CodeIgniter->run()
