ERROR - 2024-03-19 17:29:24 --> Error connecting to the database: mysqli_sql_exception: Access denied for user 'user'@'localhost' (using password: YES) in /home/aluno/Downloads/ci4projects/system/Database/MySQLi/Connection.php:185
Stack trace:
#0 /home/aluno/Downloads/ci4projects/system/Database/MySQLi/Connection.php(185): mysqli->real_connect()
#1 /home/aluno/Downloads/ci4projects/system/Database/BaseConnection.php(392): CodeIgniter\Database\MySQLi\Connection->connect()
#2 /home/aluno/Downloads/ci4projects/system/Database/BaseConnection.php(575): CodeIgniter\Database\BaseConnection->initialize()
#3 /home/aluno/Downloads/ci4projects/system/Database/BaseBuilder.php(1616): CodeIgniter\Database\BaseConnection->query()
#4 /home/aluno/Downloads/ci4projects/system/Model.php(242): CodeIgniter\Database\BaseBuilder->get()
#5 /home/aluno/Downloads/ci4projects/system/BaseModel.php(638): CodeIgniter\Model->doFindAll()
#6 /home/aluno/Downloads/ci4projects/app/Controllers/TerrariaBosses.php(13): CodeIgniter\BaseModel->findAll()
#7 /home/aluno/Downloads/ci4projects/system/CodeIgniter.php(941): App\Controllers\TerrariaBosses->index()
#8 /home/aluno/Downloads/ci4projects/system/CodeIgniter.php(502): CodeIgniter\CodeIgniter->runController()
#9 /home/aluno/Downloads/ci4projects/system/CodeIgniter.php(361): CodeIgniter\CodeIgniter->handleRequest()
#10 /home/aluno/Downloads/ci4projects/public/index.php(79): CodeIgniter\CodeIgniter->run()
#11 /home/aluno/Downloads/ci4projects/system/Commands/Server/rewrite.php(47): require_once('...')
#12 {main}

Next CodeIgniter\Database\Exceptions\DatabaseException: Access denied for **** '****'@'localhost' (using password: YES) in /home/aluno/Downloads/ci4projects/system/Database/MySQLi/Connection.php:229
Stack trace:
#0 /home/aluno/Downloads/ci4projects/system/Database/BaseConnection.php(392): CodeIgniter\Database\MySQLi\Connection->connect()
#1 /home/aluno/Downloads/ci4projects/system/Database/BaseConnection.php(575): CodeIgniter\Database\BaseConnection->initialize()
#2 /home/aluno/Downloads/ci4projects/system/Database/BaseBuilder.php(1616): CodeIgniter\Database\BaseConnection->query()
#3 /home/aluno/Downloads/ci4projects/system/Model.php(242): CodeIgniter\Database\BaseBuilder->get()
#4 /home/aluno/Downloads/ci4projects/system/BaseModel.php(638): CodeIgniter\Model->doFindAll()
#5 /home/aluno/Downloads/ci4projects/app/Controllers/TerrariaBosses.php(13): CodeIgniter\BaseModel->findAll()
#6 /home/aluno/Downloads/ci4projects/system/CodeIgniter.php(941): App\Controllers\TerrariaBosses->index()
#7 /home/aluno/Downloads/ci4projects/system/CodeIgniter.php(502): CodeIgniter\CodeIgniter->runController()
#8 /home/aluno/Downloads/ci4projects/system/CodeIgniter.php(361): CodeIgniter\CodeIgniter->handleRequest()
#9 /home/aluno/Downloads/ci4projects/public/index.php(79): CodeIgniter\CodeIgniter->run()
#10 /home/aluno/Downloads/ci4projects/system/Commands/Server/rewrite.php(47): require_once('...')
#11 {main}
CRITICAL - 2024-03-19 17:29:24 --> CodeIgniter\Database\Exceptions\DatabaseException: Unable to connect to the database.
Main connection [MySQLi]: Access denied for **** '****'@'localhost' (using password: YES)
in SYSTEMPATH/Database/BaseConnection.php on line 428.
 1 SYSTEMPATH/Database/BaseConnection.php(575): CodeIgniter\Database\BaseConnection->initialize()
 2 SYSTEMPATH/Database/BaseBuilder.php(1616): CodeIgniter\Database\BaseConnection->query()
 3 SYSTEMPATH/Model.php(242): CodeIgniter\Database\BaseBuilder->get()
 4 SYSTEMPATH/BaseModel.php(638): CodeIgniter\Model->doFindAll()
 5 APPPATH/Controllers/TerrariaBosses.php(13): CodeIgniter\BaseModel->findAll()
 6 SYSTEMPATH/CodeIgniter.php(941): App\Controllers\TerrariaBosses->index()
 7 SYSTEMPATH/CodeIgniter.php(502): CodeIgniter\CodeIgniter->runController()
 8 SYSTEMPATH/CodeIgniter.php(361): CodeIgniter\CodeIgniter->handleRequest()
 9 FCPATH/index.php(79): CodeIgniter\CodeIgniter->run()
10 SYSTEMPATH/Commands/Server/rewrite.php(47): require_once('/home/aluno/Downloads/ci4projects/public/index.php')
ERROR - 2024-03-19 17:29:41 --> Error connecting to the database: mysqli_sql_exception: Access denied for user 'user'@'localhost' (using password: YES) in /home/aluno/Downloads/ci4projects/system/Database/MySQLi/Connection.php:185
Stack trace:
#0 /home/aluno/Downloads/ci4projects/system/Database/MySQLi/Connection.php(185): mysqli->real_connect()
#1 /home/aluno/Downloads/ci4projects/system/Database/BaseConnection.php(392): CodeIgniter\Database\MySQLi\Connection->connect()
#2 /home/aluno/Downloads/ci4projects/system/Database/BaseConnection.php(575): CodeIgniter\Database\BaseConnection->initialize()
#3 /home/aluno/Downloads/ci4projects/system/Database/BaseBuilder.php(1616): CodeIgniter\Database\BaseConnection->query()
#4 /home/aluno/Downloads/ci4projects/system/Model.php(242): CodeIgniter\Database\BaseBuilder->get()
#5 /home/aluno/Downloads/ci4projects/system/BaseModel.php(638): CodeIgniter\Model->doFindAll()
#6 /home/aluno/Downloads/ci4projects/app/Controllers/TerrariaBosses.php(13): CodeIgniter\BaseModel->findAll()
#7 /home/aluno/Downloads/ci4projects/system/CodeIgniter.php(941): App\Controllers\TerrariaBosses->index()
#8 /home/aluno/Downloads/ci4projects/system/CodeIgniter.php(502): CodeIgniter\CodeIgniter->runController()
#9 /home/aluno/Downloads/ci4projects/system/CodeIgniter.php(361): CodeIgniter\CodeIgniter->handleRequest()
#10 /home/aluno/Downloads/ci4projects/public/index.php(79): CodeIgniter\CodeIgniter->run()
#11 /home/aluno/Downloads/ci4projects/system/Commands/Server/rewrite.php(47): require_once('...')
#12 {main}

Next CodeIgniter\Database\Exceptions\DatabaseException: Access denied for **** '****'@'localhost' (using password: YES) in /home/aluno/Downloads/ci4projects/system/Database/MySQLi/Connection.php:229
Stack trace:
#0 /home/aluno/Downloads/ci4projects/system/Database/BaseConnection.php(392): CodeIgniter\Database\MySQLi\Connection->connect()
#1 /home/aluno/Downloads/ci4projects/system/Database/BaseConnection.php(575): CodeIgniter\Database\BaseConnection->initialize()
#2 /home/aluno/Downloads/ci4projects/system/Database/BaseBuilder.php(1616): CodeIgniter\Database\BaseConnection->query()
#3 /home/aluno/Downloads/ci4projects/system/Model.php(242): CodeIgniter\Database\BaseBuilder->get()
#4 /home/aluno/Downloads/ci4projects/system/BaseModel.php(638): CodeIgniter\Model->doFindAll()
#5 /home/aluno/Downloads/ci4projects/app/Controllers/TerrariaBosses.php(13): CodeIgniter\BaseModel->findAll()
#6 /home/aluno/Downloads/ci4projects/system/CodeIgniter.php(941): App\Controllers\TerrariaBosses->index()
#7 /home/aluno/Downloads/ci4projects/system/CodeIgniter.php(502): CodeIgniter\CodeIgniter->runController()
#8 /home/aluno/Downloads/ci4projects/system/CodeIgniter.php(361): CodeIgniter\CodeIgniter->handleRequest()
#9 /home/aluno/Downloads/ci4projects/public/index.php(79): CodeIgniter\CodeIgniter->run()
#10 /home/aluno/Downloads/ci4projects/system/Commands/Server/rewrite.php(47): require_once('...')
#11 {main}
CRITICAL - 2024-03-19 17:29:41 --> CodeIgniter\Database\Exceptions\DatabaseException: Unable to connect to the database.
Main connection [MySQLi]: Access denied for **** '****'@'localhost' (using password: YES)
in SYSTEMPATH/Database/BaseConnection.php on line 428.
 1 SYSTEMPATH/Database/BaseConnection.php(575): CodeIgniter\Database\BaseConnection->initialize()
 2 SYSTEMPATH/Database/BaseBuilder.php(1616): CodeIgniter\Database\BaseConnection->query()
 3 SYSTEMPATH/Model.php(242): CodeIgniter\Database\BaseBuilder->get()
 4 SYSTEMPATH/BaseModel.php(638): CodeIgniter\Model->doFindAll()
 5 APPPATH/Controllers/TerrariaBosses.php(13): CodeIgniter\BaseModel->findAll()
 6 SYSTEMPATH/CodeIgniter.php(941): App\Controllers\TerrariaBosses->index()
 7 SYSTEMPATH/CodeIgniter.php(502): CodeIgniter\CodeIgniter->runController()
 8 SYSTEMPATH/CodeIgniter.php(361): CodeIgniter\CodeIgniter->handleRequest()
 9 FCPATH/index.php(79): CodeIgniter\CodeIgniter->run()
10 SYSTEMPATH/Commands/Server/rewrite.php(47): require_once('/home/aluno/Downloads/ci4projects/public/index.php')
ERROR - 2024-03-19 17:29:42 --> Error connecting to the database: mysqli_sql_exception: Access denied for user 'user'@'localhost' (using password: YES) in /home/aluno/Downloads/ci4projects/system/Database/MySQLi/Connection.php:185
Stack trace:
#0 /home/aluno/Downloads/ci4projects/system/Database/MySQLi/Connection.php(185): mysqli->real_connect()
#1 /home/aluno/Downloads/ci4projects/system/Database/BaseConnection.php(392): CodeIgniter\Database\MySQLi\Connection->connect()
#2 /home/aluno/Downloads/ci4projects/system/Database/BaseConnection.php(575): CodeIgniter\Database\BaseConnection->initialize()
#3 /home/aluno/Downloads/ci4projects/system/Database/BaseBuilder.php(1616): CodeIgniter\Database\BaseConnection->query()
#4 /home/aluno/Downloads/ci4projects/system/Model.php(242): CodeIgniter\Database\BaseBuilder->get()
#5 /home/aluno/Downloads/ci4projects/system/BaseModel.php(638): CodeIgniter\Model->doFindAll()
#6 /home/aluno/Downloads/ci4projects/app/Controllers/TerrariaBosses.php(13): CodeIgniter\BaseModel->findAll()
#7 /home/aluno/Downloads/ci4projects/system/CodeIgniter.php(941): App\Controllers\TerrariaBosses->index()
#8 /home/aluno/Downloads/ci4projects/system/CodeIgniter.php(502): CodeIgniter\CodeIgniter->runController()
#9 /home/aluno/Downloads/ci4projects/system/CodeIgniter.php(361): CodeIgniter\CodeIgniter->handleRequest()
#10 /home/aluno/Downloads/ci4projects/public/index.php(79): CodeIgniter\CodeIgniter->run()
#11 /home/aluno/Downloads/ci4projects/system/Commands/Server/rewrite.php(47): require_once('...')
#12 {main}

Next CodeIgniter\Database\Exceptions\DatabaseException: Access denied for **** '****'@'localhost' (using password: YES) in /home/aluno/Downloads/ci4projects/system/Database/MySQLi/Connection.php:229
Stack trace:
#0 /home/aluno/Downloads/ci4projects/system/Database/BaseConnection.php(392): CodeIgniter\Database\MySQLi\Connection->connect()
#1 /home/aluno/Downloads/ci4projects/system/Database/BaseConnection.php(575): CodeIgniter\Database\BaseConnection->initialize()
#2 /home/aluno/Downloads/ci4projects/system/Database/BaseBuilder.php(1616): CodeIgniter\Database\BaseConnection->query()
#3 /home/aluno/Downloads/ci4projects/system/Model.php(242): CodeIgniter\Database\BaseBuilder->get()
#4 /home/aluno/Downloads/ci4projects/system/BaseModel.php(638): CodeIgniter\Model->doFindAll()
#5 /home/aluno/Downloads/ci4projects/app/Controllers/TerrariaBosses.php(13): CodeIgniter\BaseModel->findAll()
#6 /home/aluno/Downloads/ci4projects/system/CodeIgniter.php(941): App\Controllers\TerrariaBosses->index()
#7 /home/aluno/Downloads/ci4projects/system/CodeIgniter.php(502): CodeIgniter\CodeIgniter->runController()
#8 /home/aluno/Downloads/ci4projects/system/CodeIgniter.php(361): CodeIgniter\CodeIgniter->handleRequest()
#9 /home/aluno/Downloads/ci4projects/public/index.php(79): CodeIgniter\CodeIgniter->run()
#10 /home/aluno/Downloads/ci4projects/system/Commands/Server/rewrite.php(47): require_once('...')
#11 {main}
CRITICAL - 2024-03-19 17:29:42 --> CodeIgniter\Database\Exceptions\DatabaseException: Unable to connect to the database.
Main connection [MySQLi]: Access denied for **** '****'@'localhost' (using password: YES)
in SYSTEMPATH/Database/BaseConnection.php on line 428.
 1 SYSTEMPATH/Database/BaseConnection.php(575): CodeIgniter\Database\BaseConnection->initialize()
 2 SYSTEMPATH/Database/BaseBuilder.php(1616): CodeIgniter\Database\BaseConnection->query()
 3 SYSTEMPATH/Model.php(242): CodeIgniter\Database\BaseBuilder->get()
 4 SYSTEMPATH/BaseModel.php(638): CodeIgniter\Model->doFindAll()
 5 APPPATH/Controllers/TerrariaBosses.php(13): CodeIgniter\BaseModel->findAll()
 6 SYSTEMPATH/CodeIgniter.php(941): App\Controllers\TerrariaBosses->index()
 7 SYSTEMPATH/CodeIgniter.php(502): CodeIgniter\CodeIgniter->runController()
 8 SYSTEMPATH/CodeIgniter.php(361): CodeIgniter\CodeIgniter->handleRequest()
 9 FCPATH/index.php(79): CodeIgniter\CodeIgniter->run()
10 SYSTEMPATH/Commands/Server/rewrite.php(47): require_once('/home/aluno/Downloads/ci4projects/public/index.php')
ERROR - 2024-03-19 17:32:22 --> Error connecting to the database: mysqli_sql_exception: Access denied for user 'user'@'localhost' (using password: YES) in /home/aluno/Downloads/ci4projects/system/Database/MySQLi/Connection.php:185
Stack trace:
#0 /home/aluno/Downloads/ci4projects/system/Database/MySQLi/Connection.php(185): mysqli->real_connect()
#1 /home/aluno/Downloads/ci4projects/system/Database/BaseConnection.php(392): CodeIgniter\Database\MySQLi\Connection->connect()
#2 /home/aluno/Downloads/ci4projects/system/Database/BaseConnection.php(575): CodeIgniter\Database\BaseConnection->initialize()
#3 /home/aluno/Downloads/ci4projects/system/Database/BaseBuilder.php(1616): CodeIgniter\Database\BaseConnection->query()
#4 /home/aluno/Downloads/ci4projects/system/Model.php(242): CodeIgniter\Database\BaseBuilder->get()
#5 /home/aluno/Downloads/ci4projects/system/BaseModel.php(638): CodeIgniter\Model->doFindAll()
#6 /home/aluno/Downloads/ci4projects/app/Controllers/TerrariaBosses.php(13): CodeIgniter\BaseModel->findAll()
#7 /home/aluno/Downloads/ci4projects/system/CodeIgniter.php(941): App\Controllers\TerrariaBosses->index()
#8 /home/aluno/Downloads/ci4projects/system/CodeIgniter.php(502): CodeIgniter\CodeIgniter->runController()
#9 /home/aluno/Downloads/ci4projects/system/CodeIgniter.php(361): CodeIgniter\CodeIgniter->handleRequest()
#10 /home/aluno/Downloads/ci4projects/public/index.php(79): CodeIgniter\CodeIgniter->run()
#11 /home/aluno/Downloads/ci4projects/system/Commands/Server/rewrite.php(47): require_once('...')
#12 {main}

Next CodeIgniter\Database\Exceptions\DatabaseException: Access denied for **** '****'@'localhost' (using password: YES) in /home/aluno/Downloads/ci4projects/system/Database/MySQLi/Connection.php:229
Stack trace:
#0 /home/aluno/Downloads/ci4projects/system/Database/BaseConnection.php(392): CodeIgniter\Database\MySQLi\Connection->connect()
#1 /home/aluno/Downloads/ci4projects/system/Database/BaseConnection.php(575): CodeIgniter\Database\BaseConnection->initialize()
#2 /home/aluno/Downloads/ci4projects/system/Database/BaseBuilder.php(1616): CodeIgniter\Database\BaseConnection->query()
#3 /home/aluno/Downloads/ci4projects/system/Model.php(242): CodeIgniter\Database\BaseBuilder->get()
#4 /home/aluno/Downloads/ci4projects/system/BaseModel.php(638): CodeIgniter\Model->doFindAll()
#5 /home/aluno/Downloads/ci4projects/app/Controllers/TerrariaBosses.php(13): CodeIgniter\BaseModel->findAll()
#6 /home/aluno/Downloads/ci4projects/system/CodeIgniter.php(941): App\Controllers\TerrariaBosses->index()
#7 /home/aluno/Downloads/ci4projects/system/CodeIgniter.php(502): CodeIgniter\CodeIgniter->runController()
#8 /home/aluno/Downloads/ci4projects/system/CodeIgniter.php(361): CodeIgniter\CodeIgniter->handleRequest()
#9 /home/aluno/Downloads/ci4projects/public/index.php(79): CodeIgniter\CodeIgniter->run()
#10 /home/aluno/Downloads/ci4projects/system/Commands/Server/rewrite.php(47): require_once('...')
#11 {main}
CRITICAL - 2024-03-19 17:32:22 --> CodeIgniter\Database\Exceptions\DatabaseException: Unable to connect to the database.
Main connection [MySQLi]: Access denied for **** '****'@'localhost' (using password: YES)
in SYSTEMPATH/Database/BaseConnection.php on line 428.
 1 SYSTEMPATH/Database/BaseConnection.php(575): CodeIgniter\Database\BaseConnection->initialize()
 2 SYSTEMPATH/Database/BaseBuilder.php(1616): CodeIgniter\Database\BaseConnection->query()
 3 SYSTEMPATH/Model.php(242): CodeIgniter\Database\BaseBuilder->get()
 4 SYSTEMPATH/BaseModel.php(638): CodeIgniter\Model->doFindAll()
 5 APPPATH/Controllers/TerrariaBosses.php(13): CodeIgniter\BaseModel->findAll()
 6 SYSTEMPATH/CodeIgniter.php(941): App\Controllers\TerrariaBosses->index()
 7 SYSTEMPATH/CodeIgniter.php(502): CodeIgniter\CodeIgniter->runController()
 8 SYSTEMPATH/CodeIgniter.php(361): CodeIgniter\CodeIgniter->handleRequest()
 9 FCPATH/index.php(79): CodeIgniter\CodeIgniter->run()
10 SYSTEMPATH/Commands/Server/rewrite.php(47): require_once('/home/aluno/Downloads/ci4projects/public/index.php')
ERROR - 2024-03-19 17:32:22 --> Error connecting to the database: mysqli_sql_exception: Access denied for user 'user'@'localhost' (using password: YES) in /home/aluno/Downloads/ci4projects/system/Database/MySQLi/Connection.php:185
Stack trace:
#0 /home/aluno/Downloads/ci4projects/system/Database/MySQLi/Connection.php(185): mysqli->real_connect()
#1 /home/aluno/Downloads/ci4projects/system/Database/BaseConnection.php(392): CodeIgniter\Database\MySQLi\Connection->connect()
#2 /home/aluno/Downloads/ci4projects/system/Database/BaseConnection.php(575): CodeIgniter\Database\BaseConnection->initialize()
#3 /home/aluno/Downloads/ci4projects/system/Database/BaseBuilder.php(1616): CodeIgniter\Database\BaseConnection->query()
#4 /home/aluno/Downloads/ci4projects/system/Model.php(242): CodeIgniter\Database\BaseBuilder->get()
#5 /home/aluno/Downloads/ci4projects/system/BaseModel.php(638): CodeIgniter\Model->doFindAll()
#6 /home/aluno/Downloads/ci4projects/app/Controllers/TerrariaBosses.php(13): CodeIgniter\BaseModel->findAll()
#7 /home/aluno/Downloads/ci4projects/system/CodeIgniter.php(941): App\Controllers\TerrariaBosses->index()
#8 /home/aluno/Downloads/ci4projects/system/CodeIgniter.php(502): CodeIgniter\CodeIgniter->runController()
#9 /home/aluno/Downloads/ci4projects/system/CodeIgniter.php(361): CodeIgniter\CodeIgniter->handleRequest()
#10 /home/aluno/Downloads/ci4projects/public/index.php(79): CodeIgniter\CodeIgniter->run()
#11 /home/aluno/Downloads/ci4projects/system/Commands/Server/rewrite.php(47): require_once('...')
#12 {main}

Next CodeIgniter\Database\Exceptions\DatabaseException: Access denied for **** '****'@'localhost' (using password: YES) in /home/aluno/Downloads/ci4projects/system/Database/MySQLi/Connection.php:229
Stack trace:
#0 /home/aluno/Downloads/ci4projects/system/Database/BaseConnection.php(392): CodeIgniter\Database\MySQLi\Connection->connect()
#1 /home/aluno/Downloads/ci4projects/system/Database/BaseConnection.php(575): CodeIgniter\Database\BaseConnection->initialize()
#2 /home/aluno/Downloads/ci4projects/system/Database/BaseBuilder.php(1616): CodeIgniter\Database\BaseConnection->query()
#3 /home/aluno/Downloads/ci4projects/system/Model.php(242): CodeIgniter\Database\BaseBuilder->get()
#4 /home/aluno/Downloads/ci4projects/system/BaseModel.php(638): CodeIgniter\Model->doFindAll()
#5 /home/aluno/Downloads/ci4projects/app/Controllers/TerrariaBosses.php(13): CodeIgniter\BaseModel->findAll()
#6 /home/aluno/Downloads/ci4projects/system/CodeIgniter.php(941): App\Controllers\TerrariaBosses->index()
#7 /home/aluno/Downloads/ci4projects/system/CodeIgniter.php(502): CodeIgniter\CodeIgniter->runController()
#8 /home/aluno/Downloads/ci4projects/system/CodeIgniter.php(361): CodeIgniter\CodeIgniter->handleRequest()
#9 /home/aluno/Downloads/ci4projects/public/index.php(79): CodeIgniter\CodeIgniter->run()
#10 /home/aluno/Downloads/ci4projects/system/Commands/Server/rewrite.php(47): require_once('...')
#11 {main}
CRITICAL - 2024-03-19 17:32:22 --> CodeIgniter\Database\Exceptions\DatabaseException: Unable to connect to the database.
Main connection [MySQLi]: Access denied for **** '****'@'localhost' (using password: YES)
in SYSTEMPATH/Database/BaseConnection.php on line 428.
 1 SYSTEMPATH/Database/BaseConnection.php(575): CodeIgniter\Database\BaseConnection->initialize()
 2 SYSTEMPATH/Database/BaseBuilder.php(1616): CodeIgniter\Database\BaseConnection->query()
 3 SYSTEMPATH/Model.php(242): CodeIgniter\Database\BaseBuilder->get()
 4 SYSTEMPATH/BaseModel.php(638): CodeIgniter\Model->doFindAll()
 5 APPPATH/Controllers/TerrariaBosses.php(13): CodeIgniter\BaseModel->findAll()
 6 SYSTEMPATH/CodeIgniter.php(941): App\Controllers\TerrariaBosses->index()
 7 SYSTEMPATH/CodeIgniter.php(502): CodeIgniter\CodeIgniter->runController()
 8 SYSTEMPATH/CodeIgniter.php(361): CodeIgniter\CodeIgniter->handleRequest()
 9 FCPATH/index.php(79): CodeIgniter\CodeIgniter->run()
10 SYSTEMPATH/Commands/Server/rewrite.php(47): require_once('/home/aluno/Downloads/ci4projects/public/index.php')
CRITICAL - 2024-03-19 17:43:07 --> Error: Call to undefined function App\Controllers\getDataItem()
in APPPATH/Controllers/TerrariaBosses.php on line 36.
 1 SYSTEMPATH/CodeIgniter.php(941): App\Controllers\TerrariaBosses->edit()
 2 SYSTEMPATH/CodeIgniter.php(502): CodeIgniter\CodeIgniter->runController()
 3 SYSTEMPATH/CodeIgniter.php(361): CodeIgniter\CodeIgniter->handleRequest()
 4 FCPATH/index.php(79): CodeIgniter\CodeIgniter->run()
 5 SYSTEMPATH/Commands/Server/rewrite.php(47): require_once('/home/aluno/Downloads/ci4projects/public/index.php')
CRITICAL - 2024-03-19 17:43:34 --> Error: Call to undefined function App\Controllers\getDataItem()
in APPPATH/Controllers/TerrariaBosses.php on line 42.
 1 SYSTEMPATH/CodeIgniter.php(941): App\Controllers\TerrariaBosses->edit()
 2 SYSTEMPATH/CodeIgniter.php(502): CodeIgniter\CodeIgniter->runController()
 3 SYSTEMPATH/CodeIgniter.php(361): CodeIgniter\CodeIgniter->handleRequest()
 4 FCPATH/index.php(79): CodeIgniter\CodeIgniter->run()
 5 SYSTEMPATH/Commands/Server/rewrite.php(47): require_once('/home/aluno/Downloads/ci4projects/public/index.php')
CRITICAL - 2024-03-19 17:48:24 --> ErrorException: Undefined variable $result
in APPPATH/Views/terrariaedit.php on line 20.
 1 APPPATH/Views/terrariaedit.php(20): CodeIgniter\Debug\Exceptions->errorHandler()
 2 SYSTEMPATH/View/View.php(228): include('/home/aluno/Downloads/ci4projects/app/Views/terrariaedit.php')
 3 SYSTEMPATH/View/View.php(231): CodeIgniter\View\View->CodeIgniter\View\{closure}()
 4 SYSTEMPATH/Common.php(1178): CodeIgniter\View\View->render()
 5 APPPATH/Controllers/TerrariaBosses.php(37): view()
 6 SYSTEMPATH/CodeIgniter.php(941): App\Controllers\TerrariaBosses->edit()
 7 SYSTEMPATH/CodeIgniter.php(502): CodeIgniter\CodeIgniter->runController()
 8 SYSTEMPATH/CodeIgniter.php(361): CodeIgniter\CodeIgniter->handleRequest()
 9 FCPATH/index.php(79): CodeIgniter\CodeIgniter->run()
10 SYSTEMPATH/Commands/Server/rewrite.php(47): require_once('/home/aluno/Downloads/ci4projects/public/index.php')
WARNING - 2024-03-19 14:51:17 --> [DEPRECATED] date_create(): Passing null to parameter #1 ($datetime) of type string is deprecated in APPPATH/Controllers/Exerc1Controller.php on line 20.
 1 APPPATH/Controllers/Exerc1Controller.php(20): date_create(null)
 2 SYSTEMPATH/CodeIgniter.php(941): App\Controllers\Exerc1Controller->update()
 3 SYSTEMPATH/CodeIgniter.php(502): CodeIgniter\CodeIgniter->runController(Object(App\Controllers\Exerc1Controller))
 4 SYSTEMPATH/CodeIgniter.php(361): CodeIgniter\CodeIgniter->handleRequest(null, Object(Config\Cache), false)
 5 FCPATH/index.php(79): CodeIgniter\CodeIgniter->run()
 6 SYSTEMPATH/Commands/Server/rewrite.php(47): require_once('/home/aluno/Downloads/ci4projects/public/index.php')
ERROR - 2024-03-19 14:51:17 --> mysqli_sql_exception: Table 'dbPrincipal.submit' doesn't exist in /home/aluno/Downloads/ci4projects/system/Database/MySQLi/Connection.php:306
Stack trace:
#0 /home/aluno/Downloads/ci4projects/system/Database/MySQLi/Connection.php(306): mysqli->query()
#1 /home/aluno/Downloads/ci4projects/system/Database/BaseConnection.php(693): CodeIgniter\Database\MySQLi\Connection->execute()
#2 /home/aluno/Downloads/ci4projects/system/Database/BaseConnection.php(607): CodeIgniter\Database\BaseConnection->simpleQuery()
#3 /home/aluno/Downloads/ci4projects/system/Database/BaseBuilder.php(2307): CodeIgniter\Database\BaseConnection->query()
#4 /home/aluno/Downloads/ci4projects/system/Model.php(326): CodeIgniter\Database\BaseBuilder->insert()
#5 /home/aluno/Downloads/ci4projects/system/BaseModel.php(802): CodeIgniter\Model->doInsert()
#6 /home/aluno/Downloads/ci4projects/system/Model.php(744): CodeIgniter\BaseModel->insert()
#7 /home/aluno/Downloads/ci4projects/app/Controllers/Exerc1Controller.php(124): CodeIgniter\Model->insert()
#8 /home/aluno/Downloads/ci4projects/system/CodeIgniter.php(941): App\Controllers\Exerc1Controller->update()
#9 /home/aluno/Downloads/ci4projects/system/CodeIgniter.php(502): CodeIgniter\CodeIgniter->runController()
#10 /home/aluno/Downloads/ci4projects/system/CodeIgniter.php(361): CodeIgniter\CodeIgniter->handleRequest()
#11 /home/aluno/Downloads/ci4projects/public/index.php(79): CodeIgniter\CodeIgniter->run()
#12 /home/aluno/Downloads/ci4projects/system/Commands/Server/rewrite.php(47): require_once('...')
#13 {main}
CRITICAL - 2024-03-19 14:51:17 --> CodeIgniter\Database\Exceptions\DatabaseException: Table 'dbPrincipal.submit' doesn't exist
in SYSTEMPATH/Database/BaseConnection.php on line 647.
 1 SYSTEMPATH/Database/BaseBuilder.php(2307): CodeIgniter\Database\BaseConnection->query()
 2 SYSTEMPATH/Model.php(326): CodeIgniter\Database\BaseBuilder->insert()
 3 SYSTEMPATH/BaseModel.php(802): CodeIgniter\Model->doInsert()
 4 SYSTEMPATH/Model.php(744): CodeIgniter\BaseModel->insert()
 5 APPPATH/Controllers/Exerc1Controller.php(124): CodeIgniter\Model->insert()
 6 SYSTEMPATH/CodeIgniter.php(941): App\Controllers\Exerc1Controller->update()
 7 SYSTEMPATH/CodeIgniter.php(502): CodeIgniter\CodeIgniter->runController()
 8 SYSTEMPATH/CodeIgniter.php(361): CodeIgniter\CodeIgniter->handleRequest()
 9 FCPATH/index.php(79): CodeIgniter\CodeIgniter->run()
10 SYSTEMPATH/Commands/Server/rewrite.php(47): require_once('/home/aluno/Downloads/ci4projects/public/index.php')
CRITICAL - 2024-03-19 14:51:17 --> [Caused by] CodeIgniter\Database\Exceptions\DatabaseException: Table 'dbPrincipal.submit' doesn't exist
in SYSTEMPATH/Database/MySQLi/Connection.php on line 311.
 1 SYSTEMPATH/Database/BaseConnection.php(693): CodeIgniter\Database\MySQLi\Connection->execute()
 2 SYSTEMPATH/Database/BaseConnection.php(607): CodeIgniter\Database\BaseConnection->simpleQuery()
 3 SYSTEMPATH/Database/BaseBuilder.php(2307): CodeIgniter\Database\BaseConnection->query()
 4 SYSTEMPATH/Model.php(326): CodeIgniter\Database\BaseBuilder->insert()
 5 SYSTEMPATH/BaseModel.php(802): CodeIgniter\Model->doInsert()
 6 SYSTEMPATH/Model.php(744): CodeIgniter\BaseModel->insert()
 7 APPPATH/Controllers/Exerc1Controller.php(124): CodeIgniter\Model->insert()
 8 SYSTEMPATH/CodeIgniter.php(941): App\Controllers\Exerc1Controller->update()
 9 SYSTEMPATH/CodeIgniter.php(502): CodeIgniter\CodeIgniter->runController()
10 SYSTEMPATH/CodeIgniter.php(361): CodeIgniter\CodeIgniter->handleRequest()
11 FCPATH/index.php(79): CodeIgniter\CodeIgniter->run()
12 SYSTEMPATH/Commands/Server/rewrite.php(47): require_once('/home/aluno/Downloads/ci4projects/public/index.php')
CRITICAL - 2024-03-19 14:51:17 --> [Caused by] mysqli_sql_exception: Table 'dbPrincipal.submit' doesn't exist
in SYSTEMPATH/Database/MySQLi/Connection.php on line 306.
 1 SYSTEMPATH/Database/MySQLi/Connection.php(306): mysqli->query()
 2 SYSTEMPATH/Database/BaseConnection.php(693): CodeIgniter\Database\MySQLi\Connection->execute()
 3 SYSTEMPATH/Database/BaseConnection.php(607): CodeIgniter\Database\BaseConnection->simpleQuery()
 4 SYSTEMPATH/Database/BaseBuilder.php(2307): CodeIgniter\Database\BaseConnection->query()
 5 SYSTEMPATH/Model.php(326): CodeIgniter\Database\BaseBuilder->insert()
 6 SYSTEMPATH/BaseModel.php(802): CodeIgniter\Model->doInsert()
 7 SYSTEMPATH/Model.php(744): CodeIgniter\BaseModel->insert()
 8 APPPATH/Controllers/Exerc1Controller.php(124): CodeIgniter\Model->insert()
 9 SYSTEMPATH/CodeIgniter.php(941): App\Controllers\Exerc1Controller->update()
10 SYSTEMPATH/CodeIgniter.php(502): CodeIgniter\CodeIgniter->runController()
11 SYSTEMPATH/CodeIgniter.php(361): CodeIgniter\CodeIgniter->handleRequest()
12 FCPATH/index.php(79): CodeIgniter\CodeIgniter->run()
13 SYSTEMPATH/Commands/Server/rewrite.php(47): require_once('/home/aluno/Downloads/ci4projects/public/index.php')
WARNING - 2024-03-19 14:52:26 --> [DEPRECATED] date_create(): Passing null to parameter #1 ($datetime) of type string is deprecated in APPPATH/Controllers/Exerc1Controller.php on line 20.
 1 APPPATH/Controllers/Exerc1Controller.php(20): date_create(null)
 2 SYSTEMPATH/CodeIgniter.php(941): App\Controllers\Exerc1Controller->update()
 3 SYSTEMPATH/CodeIgniter.php(502): CodeIgniter\CodeIgniter->runController(Object(App\Controllers\Exerc1Controller))
 4 SYSTEMPATH/CodeIgniter.php(361): CodeIgniter\CodeIgniter->handleRequest(null, Object(Config\Cache), false)
 5 FCPATH/index.php(79): CodeIgniter\CodeIgniter->run()
 6 SYSTEMPATH/Commands/Server/rewrite.php(47): require_once('/home/aluno/Downloads/ci4projects/public/index.php')
ERROR - 2024-03-19 14:52:26 --> mysqli_sql_exception: Table 'dbPrincipal.submit' doesn't exist in /home/aluno/Downloads/ci4projects/system/Database/MySQLi/Connection.php:306
Stack trace:
#0 /home/aluno/Downloads/ci4projects/system/Database/MySQLi/Connection.php(306): mysqli->query()
#1 /home/aluno/Downloads/ci4projects/system/Database/BaseConnection.php(693): CodeIgniter\Database\MySQLi\Connection->execute()
#2 /home/aluno/Downloads/ci4projects/system/Database/BaseConnection.php(607): CodeIgniter\Database\BaseConnection->simpleQuery()
#3 /home/aluno/Downloads/ci4projects/system/Database/BaseBuilder.php(2307): CodeIgniter\Database\BaseConnection->query()
#4 /home/aluno/Downloads/ci4projects/system/Model.php(326): CodeIgniter\Database\BaseBuilder->insert()
#5 /home/aluno/Downloads/ci4projects/system/BaseModel.php(802): CodeIgniter\Model->doInsert()
#6 /home/aluno/Downloads/ci4projects/system/Model.php(744): CodeIgniter\BaseModel->insert()
#7 /home/aluno/Downloads/ci4projects/app/Controllers/Exerc1Controller.php(124): CodeIgniter\Model->insert()
#8 /home/aluno/Downloads/ci4projects/system/CodeIgniter.php(941): App\Controllers\Exerc1Controller->update()
#9 /home/aluno/Downloads/ci4projects/system/CodeIgniter.php(502): CodeIgniter\CodeIgniter->runController()
#10 /home/aluno/Downloads/ci4projects/system/CodeIgniter.php(361): CodeIgniter\CodeIgniter->handleRequest()
#11 /home/aluno/Downloads/ci4projects/public/index.php(79): CodeIgniter\CodeIgniter->run()
#12 /home/aluno/Downloads/ci4projects/system/Commands/Server/rewrite.php(47): require_once('...')
#13 {main}
CRITICAL - 2024-03-19 14:52:26 --> CodeIgniter\Database\Exceptions\DatabaseException: Table 'dbPrincipal.submit' doesn't exist
in SYSTEMPATH/Database/BaseConnection.php on line 647.
 1 SYSTEMPATH/Database/BaseBuilder.php(2307): CodeIgniter\Database\BaseConnection->query()
 2 SYSTEMPATH/Model.php(326): CodeIgniter\Database\BaseBuilder->insert()
 3 SYSTEMPATH/BaseModel.php(802): CodeIgniter\Model->doInsert()
 4 SYSTEMPATH/Model.php(744): CodeIgniter\BaseModel->insert()
 5 APPPATH/Controllers/Exerc1Controller.php(124): CodeIgniter\Model->insert()
 6 SYSTEMPATH/CodeIgniter.php(941): App\Controllers\Exerc1Controller->update()
 7 SYSTEMPATH/CodeIgniter.php(502): CodeIgniter\CodeIgniter->runController()
 8 SYSTEMPATH/CodeIgniter.php(361): CodeIgniter\CodeIgniter->handleRequest()
 9 FCPATH/index.php(79): CodeIgniter\CodeIgniter->run()
10 SYSTEMPATH/Commands/Server/rewrite.php(47): require_once('/home/aluno/Downloads/ci4projects/public/index.php')
CRITICAL - 2024-03-19 14:52:26 --> [Caused by] CodeIgniter\Database\Exceptions\DatabaseException: Table 'dbPrincipal.submit' doesn't exist
in SYSTEMPATH/Database/MySQLi/Connection.php on line 311.
 1 SYSTEMPATH/Database/BaseConnection.php(693): CodeIgniter\Database\MySQLi\Connection->execute()
 2 SYSTEMPATH/Database/BaseConnection.php(607): CodeIgniter\Database\BaseConnection->simpleQuery()
 3 SYSTEMPATH/Database/BaseBuilder.php(2307): CodeIgniter\Database\BaseConnection->query()
 4 SYSTEMPATH/Model.php(326): CodeIgniter\Database\BaseBuilder->insert()
 5 SYSTEMPATH/BaseModel.php(802): CodeIgniter\Model->doInsert()
 6 SYSTEMPATH/Model.php(744): CodeIgniter\BaseModel->insert()
 7 APPPATH/Controllers/Exerc1Controller.php(124): CodeIgniter\Model->insert()
 8 SYSTEMPATH/CodeIgniter.php(941): App\Controllers\Exerc1Controller->update()
 9 SYSTEMPATH/CodeIgniter.php(502): CodeIgniter\CodeIgniter->runController()
10 SYSTEMPATH/CodeIgniter.php(361): CodeIgniter\CodeIgniter->handleRequest()
11 FCPATH/index.php(79): CodeIgniter\CodeIgniter->run()
12 SYSTEMPATH/Commands/Server/rewrite.php(47): require_once('/home/aluno/Downloads/ci4projects/public/index.php')
CRITICAL - 2024-03-19 14:52:26 --> [Caused by] mysqli_sql_exception: Table 'dbPrincipal.submit' doesn't exist
in SYSTEMPATH/Database/MySQLi/Connection.php on line 306.
 1 SYSTEMPATH/Database/MySQLi/Connection.php(306): mysqli->query()
 2 SYSTEMPATH/Database/BaseConnection.php(693): CodeIgniter\Database\MySQLi\Connection->execute()
 3 SYSTEMPATH/Database/BaseConnection.php(607): CodeIgniter\Database\BaseConnection->simpleQuery()
 4 SYSTEMPATH/Database/BaseBuilder.php(2307): CodeIgniter\Database\BaseConnection->query()
 5 SYSTEMPATH/Model.php(326): CodeIgniter\Database\BaseBuilder->insert()
 6 SYSTEMPATH/BaseModel.php(802): CodeIgniter\Model->doInsert()
 7 SYSTEMPATH/Model.php(744): CodeIgniter\BaseModel->insert()
 8 APPPATH/Controllers/Exerc1Controller.php(124): CodeIgniter\Model->insert()
 9 SYSTEMPATH/CodeIgniter.php(941): App\Controllers\Exerc1Controller->update()
10 SYSTEMPATH/CodeIgniter.php(502): CodeIgniter\CodeIgniter->runController()
11 SYSTEMPATH/CodeIgniter.php(361): CodeIgniter\CodeIgniter->handleRequest()
12 FCPATH/index.php(79): CodeIgniter\CodeIgniter->run()
13 SYSTEMPATH/Commands/Server/rewrite.php(47): require_once('/home/aluno/Downloads/ci4projects/public/index.php')
WARNING - 2024-03-19 14:53:24 --> [DEPRECATED] date_create(): Passing null to parameter #1 ($datetime) of type string is deprecated in APPPATH/Controllers/Exerc1Controller.php on line 20.
 1 APPPATH/Controllers/Exerc1Controller.php(20): date_create(null)
 2 SYSTEMPATH/CodeIgniter.php(941): App\Controllers\Exerc1Controller->update()
 3 SYSTEMPATH/CodeIgniter.php(502): CodeIgniter\CodeIgniter->runController(Object(App\Controllers\Exerc1Controller))
 4 SYSTEMPATH/CodeIgniter.php(361): CodeIgniter\CodeIgniter->handleRequest(null, Object(Config\Cache), false)
 5 FCPATH/index.php(79): CodeIgniter\CodeIgniter->run()
 6 SYSTEMPATH/Commands/Server/rewrite.php(47): require_once('/home/aluno/Downloads/ci4projects/public/index.php')
ERROR - 2024-03-19 14:53:24 --> mysqli_sql_exception: Table 'dbPrincipal.submit' doesn't exist in /home/aluno/Downloads/ci4projects/system/Database/MySQLi/Connection.php:306
Stack trace:
#0 /home/aluno/Downloads/ci4projects/system/Database/MySQLi/Connection.php(306): mysqli->query()
#1 /home/aluno/Downloads/ci4projects/system/Database/BaseConnection.php(693): CodeIgniter\Database\MySQLi\Connection->execute()
#2 /home/aluno/Downloads/ci4projects/system/Database/BaseConnection.php(607): CodeIgniter\Database\BaseConnection->simpleQuery()
#3 /home/aluno/Downloads/ci4projects/system/Database/BaseBuilder.php(2307): CodeIgniter\Database\BaseConnection->query()
#4 /home/aluno/Downloads/ci4projects/system/Model.php(326): CodeIgniter\Database\BaseBuilder->insert()
#5 /home/aluno/Downloads/ci4projects/system/BaseModel.php(802): CodeIgniter\Model->doInsert()
#6 /home/aluno/Downloads/ci4projects/system/Model.php(744): CodeIgniter\BaseModel->insert()
#7 /home/aluno/Downloads/ci4projects/app/Controllers/Exerc1Controller.php(124): CodeIgniter\Model->insert()
#8 /home/aluno/Downloads/ci4projects/system/CodeIgniter.php(941): App\Controllers\Exerc1Controller->update()
#9 /home/aluno/Downloads/ci4projects/system/CodeIgniter.php(502): CodeIgniter\CodeIgniter->runController()
#10 /home/aluno/Downloads/ci4projects/system/CodeIgniter.php(361): CodeIgniter\CodeIgniter->handleRequest()
#11 /home/aluno/Downloads/ci4projects/public/index.php(79): CodeIgniter\CodeIgniter->run()
#12 /home/aluno/Downloads/ci4projects/system/Commands/Server/rewrite.php(47): require_once('...')
#13 {main}
CRITICAL - 2024-03-19 14:53:24 --> CodeIgniter\Database\Exceptions\DatabaseException: Table 'dbPrincipal.submit' doesn't exist
in SYSTEMPATH/Database/BaseConnection.php on line 647.
 1 SYSTEMPATH/Database/BaseBuilder.php(2307): CodeIgniter\Database\BaseConnection->query()
 2 SYSTEMPATH/Model.php(326): CodeIgniter\Database\BaseBuilder->insert()
 3 SYSTEMPATH/BaseModel.php(802): CodeIgniter\Model->doInsert()
 4 SYSTEMPATH/Model.php(744): CodeIgniter\BaseModel->insert()
 5 APPPATH/Controllers/Exerc1Controller.php(124): CodeIgniter\Model->insert()
 6 SYSTEMPATH/CodeIgniter.php(941): App\Controllers\Exerc1Controller->update()
 7 SYSTEMPATH/CodeIgniter.php(502): CodeIgniter\CodeIgniter->runController()
 8 SYSTEMPATH/CodeIgniter.php(361): CodeIgniter\CodeIgniter->handleRequest()
 9 FCPATH/index.php(79): CodeIgniter\CodeIgniter->run()
10 SYSTEMPATH/Commands/Server/rewrite.php(47): require_once('/home/aluno/Downloads/ci4projects/public/index.php')
CRITICAL - 2024-03-19 14:53:24 --> [Caused by] CodeIgniter\Database\Exceptions\DatabaseException: Table 'dbPrincipal.submit' doesn't exist
in SYSTEMPATH/Database/MySQLi/Connection.php on line 311.
 1 SYSTEMPATH/Database/BaseConnection.php(693): CodeIgniter\Database\MySQLi\Connection->execute()
 2 SYSTEMPATH/Database/BaseConnection.php(607): CodeIgniter\Database\BaseConnection->simpleQuery()
 3 SYSTEMPATH/Database/BaseBuilder.php(2307): CodeIgniter\Database\BaseConnection->query()
 4 SYSTEMPATH/Model.php(326): CodeIgniter\Database\BaseBuilder->insert()
 5 SYSTEMPATH/BaseModel.php(802): CodeIgniter\Model->doInsert()
 6 SYSTEMPATH/Model.php(744): CodeIgniter\BaseModel->insert()
 7 APPPATH/Controllers/Exerc1Controller.php(124): CodeIgniter\Model->insert()
 8 SYSTEMPATH/CodeIgniter.php(941): App\Controllers\Exerc1Controller->update()
 9 SYSTEMPATH/CodeIgniter.php(502): CodeIgniter\CodeIgniter->runController()
10 SYSTEMPATH/CodeIgniter.php(361): CodeIgniter\CodeIgniter->handleRequest()
11 FCPATH/index.php(79): CodeIgniter\CodeIgniter->run()
12 SYSTEMPATH/Commands/Server/rewrite.php(47): require_once('/home/aluno/Downloads/ci4projects/public/index.php')
CRITICAL - 2024-03-19 14:53:24 --> [Caused by] mysqli_sql_exception: Table 'dbPrincipal.submit' doesn't exist
in SYSTEMPATH/Database/MySQLi/Connection.php on line 306.
 1 SYSTEMPATH/Database/MySQLi/Connection.php(306): mysqli->query()
 2 SYSTEMPATH/Database/BaseConnection.php(693): CodeIgniter\Database\MySQLi\Connection->execute()
 3 SYSTEMPATH/Database/BaseConnection.php(607): CodeIgniter\Database\BaseConnection->simpleQuery()
 4 SYSTEMPATH/Database/BaseBuilder.php(2307): CodeIgniter\Database\BaseConnection->query()
 5 SYSTEMPATH/Model.php(326): CodeIgniter\Database\BaseBuilder->insert()
 6 SYSTEMPATH/BaseModel.php(802): CodeIgniter\Model->doInsert()
 7 SYSTEMPATH/Model.php(744): CodeIgniter\BaseModel->insert()
 8 APPPATH/Controllers/Exerc1Controller.php(124): CodeIgniter\Model->insert()
 9 SYSTEMPATH/CodeIgniter.php(941): App\Controllers\Exerc1Controller->update()
10 SYSTEMPATH/CodeIgniter.php(502): CodeIgniter\CodeIgniter->runController()
11 SYSTEMPATH/CodeIgniter.php(361): CodeIgniter\CodeIgniter->handleRequest()
12 FCPATH/index.php(79): CodeIgniter\CodeIgniter->run()
13 SYSTEMPATH/Commands/Server/rewrite.php(47): require_once('/home/aluno/Downloads/ci4projects/public/index.php')
WARNING - 2024-03-19 14:54:01 --> [DEPRECATED] date_create(): Passing null to parameter #1 ($datetime) of type string is deprecated in APPPATH/Controllers/Exerc1Controller.php on line 20.
 1 APPPATH/Controllers/Exerc1Controller.php(20): date_create(null)
 2 SYSTEMPATH/CodeIgniter.php(941): App\Controllers\Exerc1Controller->update()
 3 SYSTEMPATH/CodeIgniter.php(502): CodeIgniter\CodeIgniter->runController(Object(App\Controllers\Exerc1Controller))
 4 SYSTEMPATH/CodeIgniter.php(361): CodeIgniter\CodeIgniter->handleRequest(null, Object(Config\Cache), false)
 5 FCPATH/index.php(79): CodeIgniter\CodeIgniter->run()
 6 SYSTEMPATH/Commands/Server/rewrite.php(47): require_once('/home/aluno/Downloads/ci4projects/public/index.php')
ERROR - 2024-03-19 14:54:01 --> mysqli_sql_exception: Table 'dbPrincipal.submit' doesn't exist in /home/aluno/Downloads/ci4projects/system/Database/MySQLi/Connection.php:306
Stack trace:
#0 /home/aluno/Downloads/ci4projects/system/Database/MySQLi/Connection.php(306): mysqli->query()
#1 /home/aluno/Downloads/ci4projects/system/Database/BaseConnection.php(693): CodeIgniter\Database\MySQLi\Connection->execute()
#2 /home/aluno/Downloads/ci4projects/system/Database/BaseConnection.php(607): CodeIgniter\Database\BaseConnection->simpleQuery()
#3 /home/aluno/Downloads/ci4projects/system/Database/BaseBuilder.php(2307): CodeIgniter\Database\BaseConnection->query()
#4 /home/aluno/Downloads/ci4projects/system/Model.php(326): CodeIgniter\Database\BaseBuilder->insert()
#5 /home/aluno/Downloads/ci4projects/system/BaseModel.php(802): CodeIgniter\Model->doInsert()
#6 /home/aluno/Downloads/ci4projects/system/Model.php(744): CodeIgniter\BaseModel->insert()
#7 /home/aluno/Downloads/ci4projects/app/Controllers/Exerc1Controller.php(124): CodeIgniter\Model->insert()
#8 /home/aluno/Downloads/ci4projects/system/CodeIgniter.php(941): App\Controllers\Exerc1Controller->update()
#9 /home/aluno/Downloads/ci4projects/system/CodeIgniter.php(502): CodeIgniter\CodeIgniter->runController()
#10 /home/aluno/Downloads/ci4projects/system/CodeIgniter.php(361): CodeIgniter\CodeIgniter->handleRequest()
#11 /home/aluno/Downloads/ci4projects/public/index.php(79): CodeIgniter\CodeIgniter->run()
#12 /home/aluno/Downloads/ci4projects/system/Commands/Server/rewrite.php(47): require_once('...')
#13 {main}
CRITICAL - 2024-03-19 14:54:01 --> CodeIgniter\Database\Exceptions\DatabaseException: Table 'dbPrincipal.submit' doesn't exist
in SYSTEMPATH/Database/BaseConnection.php on line 647.
 1 SYSTEMPATH/Database/BaseBuilder.php(2307): CodeIgniter\Database\BaseConnection->query()
 2 SYSTEMPATH/Model.php(326): CodeIgniter\Database\BaseBuilder->insert()
 3 SYSTEMPATH/BaseModel.php(802): CodeIgniter\Model->doInsert()
 4 SYSTEMPATH/Model.php(744): CodeIgniter\BaseModel->insert()
 5 APPPATH/Controllers/Exerc1Controller.php(124): CodeIgniter\Model->insert()
 6 SYSTEMPATH/CodeIgniter.php(941): App\Controllers\Exerc1Controller->update()
 7 SYSTEMPATH/CodeIgniter.php(502): CodeIgniter\CodeIgniter->runController()
 8 SYSTEMPATH/CodeIgniter.php(361): CodeIgniter\CodeIgniter->handleRequest()
 9 FCPATH/index.php(79): CodeIgniter\CodeIgniter->run()
10 SYSTEMPATH/Commands/Server/rewrite.php(47): require_once('/home/aluno/Downloads/ci4projects/public/index.php')
CRITICAL - 2024-03-19 14:54:01 --> [Caused by] CodeIgniter\Database\Exceptions\DatabaseException: Table 'dbPrincipal.submit' doesn't exist
in SYSTEMPATH/Database/MySQLi/Connection.php on line 311.
 1 SYSTEMPATH/Database/BaseConnection.php(693): CodeIgniter\Database\MySQLi\Connection->execute()
 2 SYSTEMPATH/Database/BaseConnection.php(607): CodeIgniter\Database\BaseConnection->simpleQuery()
 3 SYSTEMPATH/Database/BaseBuilder.php(2307): CodeIgniter\Database\BaseConnection->query()
 4 SYSTEMPATH/Model.php(326): CodeIgniter\Database\BaseBuilder->insert()
 5 SYSTEMPATH/BaseModel.php(802): CodeIgniter\Model->doInsert()
 6 SYSTEMPATH/Model.php(744): CodeIgniter\BaseModel->insert()
 7 APPPATH/Controllers/Exerc1Controller.php(124): CodeIgniter\Model->insert()
 8 SYSTEMPATH/CodeIgniter.php(941): App\Controllers\Exerc1Controller->update()
 9 SYSTEMPATH/CodeIgniter.php(502): CodeIgniter\CodeIgniter->runController()
10 SYSTEMPATH/CodeIgniter.php(361): CodeIgniter\CodeIgniter->handleRequest()
11 FCPATH/index.php(79): CodeIgniter\CodeIgniter->run()
12 SYSTEMPATH/Commands/Server/rewrite.php(47): require_once('/home/aluno/Downloads/ci4projects/public/index.php')
CRITICAL - 2024-03-19 14:54:01 --> [Caused by] mysqli_sql_exception: Table 'dbPrincipal.submit' doesn't exist
in SYSTEMPATH/Database/MySQLi/Connection.php on line 306.
 1 SYSTEMPATH/Database/MySQLi/Connection.php(306): mysqli->query()
 2 SYSTEMPATH/Database/BaseConnection.php(693): CodeIgniter\Database\MySQLi\Connection->execute()
 3 SYSTEMPATH/Database/BaseConnection.php(607): CodeIgniter\Database\BaseConnection->simpleQuery()
 4 SYSTEMPATH/Database/BaseBuilder.php(2307): CodeIgniter\Database\BaseConnection->query()
 5 SYSTEMPATH/Model.php(326): CodeIgniter\Database\BaseBuilder->insert()
 6 SYSTEMPATH/BaseModel.php(802): CodeIgniter\Model->doInsert()
 7 SYSTEMPATH/Model.php(744): CodeIgniter\BaseModel->insert()
 8 APPPATH/Controllers/Exerc1Controller.php(124): CodeIgniter\Model->insert()
 9 SYSTEMPATH/CodeIgniter.php(941): App\Controllers\Exerc1Controller->update()
10 SYSTEMPATH/CodeIgniter.php(502): CodeIgniter\CodeIgniter->runController()
11 SYSTEMPATH/CodeIgniter.php(361): CodeIgniter\CodeIgniter->handleRequest()
12 FCPATH/index.php(79): CodeIgniter\CodeIgniter->run()
13 SYSTEMPATH/Commands/Server/rewrite.php(47): require_once('/home/aluno/Downloads/ci4projects/public/index.php')
WARNING - 2024-03-19 14:55:45 --> [DEPRECATED] date_create(): Passing null to parameter #1 ($datetime) of type string is deprecated in APPPATH/Controllers/Exerc1Controller.php on line 20.
 1 APPPATH/Controllers/Exerc1Controller.php(20): date_create(null)
 2 SYSTEMPATH/CodeIgniter.php(941): App\Controllers\Exerc1Controller->update()
 3 SYSTEMPATH/CodeIgniter.php(502): CodeIgniter\CodeIgniter->runController(Object(App\Controllers\Exerc1Controller))
 4 SYSTEMPATH/CodeIgniter.php(361): CodeIgniter\CodeIgniter->handleRequest(null, Object(Config\Cache), false)
 5 FCPATH/index.php(79): CodeIgniter\CodeIgniter->run()
 6 SYSTEMPATH/Commands/Server/rewrite.php(47): require_once('/home/aluno/Downloads/ci4projects/public/index.php')
ERROR - 2024-03-19 14:55:45 --> mysqli_sql_exception: Table 'dbPrincipal.submit' doesn't exist in /home/aluno/Downloads/ci4projects/system/Database/MySQLi/Connection.php:306
Stack trace:
#0 /home/aluno/Downloads/ci4projects/system/Database/MySQLi/Connection.php(306): mysqli->query()
#1 /home/aluno/Downloads/ci4projects/system/Database/BaseConnection.php(693): CodeIgniter\Database\MySQLi\Connection->execute()
#2 /home/aluno/Downloads/ci4projects/system/Database/BaseConnection.php(607): CodeIgniter\Database\BaseConnection->simpleQuery()
#3 /home/aluno/Downloads/ci4projects/system/Database/BaseBuilder.php(2307): CodeIgniter\Database\BaseConnection->query()
#4 /home/aluno/Downloads/ci4projects/system/Model.php(326): CodeIgniter\Database\BaseBuilder->insert()
#5 /home/aluno/Downloads/ci4projects/system/BaseModel.php(802): CodeIgniter\Model->doInsert()
#6 /home/aluno/Downloads/ci4projects/system/Model.php(744): CodeIgniter\BaseModel->insert()
#7 /home/aluno/Downloads/ci4projects/app/Controllers/Exerc1Controller.php(124): CodeIgniter\Model->insert()
#8 /home/aluno/Downloads/ci4projects/system/CodeIgniter.php(941): App\Controllers\Exerc1Controller->update()
#9 /home/aluno/Downloads/ci4projects/system/CodeIgniter.php(502): CodeIgniter\CodeIgniter->runController()
#10 /home/aluno/Downloads/ci4projects/system/CodeIgniter.php(361): CodeIgniter\CodeIgniter->handleRequest()
#11 /home/aluno/Downloads/ci4projects/public/index.php(79): CodeIgniter\CodeIgniter->run()
#12 /home/aluno/Downloads/ci4projects/system/Commands/Server/rewrite.php(47): require_once('...')
#13 {main}
CRITICAL - 2024-03-19 14:55:45 --> CodeIgniter\Database\Exceptions\DatabaseException: Table 'dbPrincipal.submit' doesn't exist
in SYSTEMPATH/Database/BaseConnection.php on line 647.
 1 SYSTEMPATH/Database/BaseBuilder.php(2307): CodeIgniter\Database\BaseConnection->query()
 2 SYSTEMPATH/Model.php(326): CodeIgniter\Database\BaseBuilder->insert()
 3 SYSTEMPATH/BaseModel.php(802): CodeIgniter\Model->doInsert()
 4 SYSTEMPATH/Model.php(744): CodeIgniter\BaseModel->insert()
 5 APPPATH/Controllers/Exerc1Controller.php(124): CodeIgniter\Model->insert()
 6 SYSTEMPATH/CodeIgniter.php(941): App\Controllers\Exerc1Controller->update()
 7 SYSTEMPATH/CodeIgniter.php(502): CodeIgniter\CodeIgniter->runController()
 8 SYSTEMPATH/CodeIgniter.php(361): CodeIgniter\CodeIgniter->handleRequest()
 9 FCPATH/index.php(79): CodeIgniter\CodeIgniter->run()
10 SYSTEMPATH/Commands/Server/rewrite.php(47): require_once('/home/aluno/Downloads/ci4projects/public/index.php')
CRITICAL - 2024-03-19 14:55:45 --> [Caused by] CodeIgniter\Database\Exceptions\DatabaseException: Table 'dbPrincipal.submit' doesn't exist
in SYSTEMPATH/Database/MySQLi/Connection.php on line 311.
 1 SYSTEMPATH/Database/BaseConnection.php(693): CodeIgniter\Database\MySQLi\Connection->execute()
 2 SYSTEMPATH/Database/BaseConnection.php(607): CodeIgniter\Database\BaseConnection->simpleQuery()
 3 SYSTEMPATH/Database/BaseBuilder.php(2307): CodeIgniter\Database\BaseConnection->query()
 4 SYSTEMPATH/Model.php(326): CodeIgniter\Database\BaseBuilder->insert()
 5 SYSTEMPATH/BaseModel.php(802): CodeIgniter\Model->doInsert()
 6 SYSTEMPATH/Model.php(744): CodeIgniter\BaseModel->insert()
 7 APPPATH/Controllers/Exerc1Controller.php(124): CodeIgniter\Model->insert()
 8 SYSTEMPATH/CodeIgniter.php(941): App\Controllers\Exerc1Controller->update()
 9 SYSTEMPATH/CodeIgniter.php(502): CodeIgniter\CodeIgniter->runController()
10 SYSTEMPATH/CodeIgniter.php(361): CodeIgniter\CodeIgniter->handleRequest()
11 FCPATH/index.php(79): CodeIgniter\CodeIgniter->run()
12 SYSTEMPATH/Commands/Server/rewrite.php(47): require_once('/home/aluno/Downloads/ci4projects/public/index.php')
CRITICAL - 2024-03-19 14:55:45 --> [Caused by] mysqli_sql_exception: Table 'dbPrincipal.submit' doesn't exist
in SYSTEMPATH/Database/MySQLi/Connection.php on line 306.
 1 SYSTEMPATH/Database/MySQLi/Connection.php(306): mysqli->query()
 2 SYSTEMPATH/Database/BaseConnection.php(693): CodeIgniter\Database\MySQLi\Connection->execute()
 3 SYSTEMPATH/Database/BaseConnection.php(607): CodeIgniter\Database\BaseConnection->simpleQuery()
 4 SYSTEMPATH/Database/BaseBuilder.php(2307): CodeIgniter\Database\BaseConnection->query()
 5 SYSTEMPATH/Model.php(326): CodeIgniter\Database\BaseBuilder->insert()
 6 SYSTEMPATH/BaseModel.php(802): CodeIgniter\Model->doInsert()
 7 SYSTEMPATH/Model.php(744): CodeIgniter\BaseModel->insert()
 8 APPPATH/Controllers/Exerc1Controller.php(124): CodeIgniter\Model->insert()
 9 SYSTEMPATH/CodeIgniter.php(941): App\Controllers\Exerc1Controller->update()
10 SYSTEMPATH/CodeIgniter.php(502): CodeIgniter\CodeIgniter->runController()
11 SYSTEMPATH/CodeIgniter.php(361): CodeIgniter\CodeIgniter->handleRequest()
12 FCPATH/index.php(79): CodeIgniter\CodeIgniter->run()
13 SYSTEMPATH/Commands/Server/rewrite.php(47): require_once('/home/aluno/Downloads/ci4projects/public/index.php')
CRITICAL - 2024-03-19 18:00:28 --> CodeIgniter\Database\Exceptions\DataException: There is no data to update.
in SYSTEMPATH/BaseModel.php on line 1778.
 1 SYSTEMPATH/BaseModel.php(1778): CodeIgniter\Database\Exceptions\DataException::forEmptyDataset()
 2 SYSTEMPATH/BaseModel.php(956): CodeIgniter\BaseModel->transformDataToArray()
 3 SYSTEMPATH/Model.php(807): CodeIgniter\BaseModel->update()
 4 APPPATH/Controllers/TerrariaBosses.php(26): CodeIgniter\Model->update()
 5 SYSTEMPATH/CodeIgniter.php(941): App\Controllers\TerrariaBosses->update()
 6 SYSTEMPATH/CodeIgniter.php(502): CodeIgniter\CodeIgniter->runController()
 7 SYSTEMPATH/CodeIgniter.php(361): CodeIgniter\CodeIgniter->handleRequest()
 8 FCPATH/index.php(79): CodeIgniter\CodeIgniter->run()
 9 SYSTEMPATH/Commands/Server/rewrite.php(47): require_once('/home/aluno/Downloads/ci4projects/public/index.php')
CRITICAL - 2024-03-19 18:02:22 --> CodeIgniter\Database\Exceptions\DataException: There is no data to update.
in SYSTEMPATH/BaseModel.php on line 1778.
 1 SYSTEMPATH/BaseModel.php(1778): CodeIgniter\Database\Exceptions\DataException::forEmptyDataset()
 2 SYSTEMPATH/BaseModel.php(956): CodeIgniter\BaseModel->transformDataToArray()
 3 SYSTEMPATH/Model.php(807): CodeIgniter\BaseModel->update()
 4 APPPATH/Controllers/TerrariaBosses.php(26): CodeIgniter\Model->update()
 5 SYSTEMPATH/CodeIgniter.php(941): App\Controllers\TerrariaBosses->update()
 6 SYSTEMPATH/CodeIgniter.php(502): CodeIgniter\CodeIgniter->runController()
 7 SYSTEMPATH/CodeIgniter.php(361): CodeIgniter\CodeIgniter->handleRequest()
 8 FCPATH/index.php(79): CodeIgniter\CodeIgniter->run()
 9 SYSTEMPATH/Commands/Server/rewrite.php(47): require_once('/home/aluno/Downloads/ci4projects/public/index.php')
CRITICAL - 2024-03-19 18:09:12 --> ErrorException: Undefined variable $id
in APPPATH/Controllers/TerrariaBosses.php on line 26.
 1 APPPATH/Controllers/TerrariaBosses.php(26): CodeIgniter\Debug\Exceptions->errorHandler()
 2 SYSTEMPATH/CodeIgniter.php(941): App\Controllers\TerrariaBosses->update()
 3 SYSTEMPATH/CodeIgniter.php(502): CodeIgniter\CodeIgniter->runController()
 4 SYSTEMPATH/CodeIgniter.php(361): CodeIgniter\CodeIgniter->handleRequest()
 5 FCPATH/index.php(79): CodeIgniter\CodeIgniter->run()
 6 SYSTEMPATH/Commands/Server/rewrite.php(47): require_once('/home/aluno/Downloads/ci4projects/public/index.php')
CRITICAL - 2024-03-19 18:09:38 --> ErrorException: Undefined variable $id
in APPPATH/Controllers/TerrariaBosses.php on line 26.
 1 APPPATH/Controllers/TerrariaBosses.php(26): CodeIgniter\Debug\Exceptions->errorHandler()
 2 SYSTEMPATH/CodeIgniter.php(941): App\Controllers\TerrariaBosses->update()
 3 SYSTEMPATH/CodeIgniter.php(502): CodeIgniter\CodeIgniter->runController()
 4 SYSTEMPATH/CodeIgniter.php(361): CodeIgniter\CodeIgniter->handleRequest()
 5 FCPATH/index.php(79): CodeIgniter\CodeIgniter->run()
 6 SYSTEMPATH/Commands/Server/rewrite.php(47): require_once('/home/aluno/Downloads/ci4projects/public/index.php')
