CRITICAL - 2024-03-12 14:31:00 --> CodeIgniter\Database\Exceptions\DataException: Allowed fields must be specified for model: "App\Models\FormModel"
in SYSTEMPATH/Model.php on line 766.
 1 SYSTEMPATH/Model.php(766): CodeIgniter\Database\Exceptions\DataException::forInvalidAllowedFields()
 2 SYSTEMPATH/BaseModel.php(783): CodeIgniter\Model->doProtectFieldsForInsert()
 3 SYSTEMPATH/Model.php(744): CodeIgniter\BaseModel->insert()
 4 APPPATH/Controllers/Exerc1Controller.php(124): CodeIgniter\Model->insert()
 5 SYSTEMPATH/CodeIgniter.php(941): App\Controllers\Exerc1Controller->update()
 6 SYSTEMPATH/CodeIgniter.php(502): CodeIgniter\CodeIgniter->runController()
 7 SYSTEMPATH/CodeIgniter.php(361): CodeIgniter\CodeIgniter->handleRequest()
 8 FCPATH/index.php(79): CodeIgniter\CodeIgniter->run()
 9 SYSTEMPATH/Commands/Server/rewrite.php(47): require_once('/home/aluno/Downloads/ci4projects/public/index.php')
CRITICAL - 2024-03-12 14:33:28 --> CodeIgniter\Database\Exceptions\DataException: There is no data to insert.
in SYSTEMPATH/BaseModel.php on line 788.
 1 SYSTEMPATH/BaseModel.php(788): CodeIgniter\Database\Exceptions\DataException::forEmptyDataset()
 2 SYSTEMPATH/Model.php(744): CodeIgniter\BaseModel->insert()
 3 APPPATH/Controllers/Exerc1Controller.php(124): CodeIgniter\Model->insert()
 4 SYSTEMPATH/CodeIgniter.php(941): App\Controllers\Exerc1Controller->update()
 5 SYSTEMPATH/CodeIgniter.php(502): CodeIgniter\CodeIgniter->runController()
 6 SYSTEMPATH/CodeIgniter.php(361): CodeIgniter\CodeIgniter->handleRequest()
 7 FCPATH/index.php(79): CodeIgniter\CodeIgniter->run()
 8 SYSTEMPATH/Commands/Server/rewrite.php(47): require_once('/home/aluno/Downloads/ci4projects/public/index.php')
CRITICAL - 2024-03-12 14:34:01 --> CodeIgniter\Database\Exceptions\DataException: There is no data to insert.
in SYSTEMPATH/BaseModel.php on line 788.
 1 SYSTEMPATH/BaseModel.php(788): CodeIgniter\Database\Exceptions\DataException::forEmptyDataset()
 2 SYSTEMPATH/Model.php(744): CodeIgniter\BaseModel->insert()
 3 APPPATH/Controllers/Exerc1Controller.php(124): CodeIgniter\Model->insert()
 4 SYSTEMPATH/CodeIgniter.php(941): App\Controllers\Exerc1Controller->update()
 5 SYSTEMPATH/CodeIgniter.php(502): CodeIgniter\CodeIgniter->runController()
 6 SYSTEMPATH/CodeIgniter.php(361): CodeIgniter\CodeIgniter->handleRequest()
 7 FCPATH/index.php(79): CodeIgniter\CodeIgniter->run()
 8 SYSTEMPATH/Commands/Server/rewrite.php(47): require_once('/home/aluno/Downloads/ci4projects/public/index.php')
ERROR - 2024-03-12 18:44:43 --> mysqli_sql_exception: Table 'dbPrincipal.terrariabosses' doesn't exist in /home/aluno/Downloads/ci4projects/system/Database/MySQLi/Connection.php:306
Stack trace:
#0 /home/aluno/Downloads/ci4projects/system/Database/MySQLi/Connection.php(306): mysqli->query()
#1 /home/aluno/Downloads/ci4projects/system/Database/BaseConnection.php(693): CodeIgniter\Database\MySQLi\Connection->execute()
#2 /home/aluno/Downloads/ci4projects/system/Database/BaseConnection.php(607): CodeIgniter\Database\BaseConnection->simpleQuery()
#3 /home/aluno/Downloads/ci4projects/system/Database/BaseBuilder.php(1616): CodeIgniter\Database\BaseConnection->query()
#4 /home/aluno/Downloads/ci4projects/system/Model.php(242): CodeIgniter\Database\BaseBuilder->get()
#5 /home/aluno/Downloads/ci4projects/system/BaseModel.php(638): CodeIgniter\Model->doFindAll()
#6 /home/aluno/Downloads/ci4projects/app/Controllers/TerrariaBosses.php(23): CodeIgniter\BaseModel->findAll()
#7 /home/aluno/Downloads/ci4projects/system/CodeIgniter.php(941): App\Controllers\TerrariaBosses->update()
#8 /home/aluno/Downloads/ci4projects/system/CodeIgniter.php(502): CodeIgniter\CodeIgniter->runController()
#9 /home/aluno/Downloads/ci4projects/system/CodeIgniter.php(361): CodeIgniter\CodeIgniter->handleRequest()
#10 /home/aluno/Downloads/ci4projects/public/index.php(79): CodeIgniter\CodeIgniter->run()
#11 /home/aluno/Downloads/ci4projects/system/Commands/Server/rewrite.php(47): require_once('...')
#12 {main}
CRITICAL - 2024-03-12 18:44:43 --> CodeIgniter\Database\Exceptions\DatabaseException: Table 'dbPrincipal.terrariabosses' doesn't exist
in SYSTEMPATH/Database/BaseConnection.php on line 647.
 1 SYSTEMPATH/Database/BaseBuilder.php(1616): CodeIgniter\Database\BaseConnection->query()
 2 SYSTEMPATH/Model.php(242): CodeIgniter\Database\BaseBuilder->get()
 3 SYSTEMPATH/BaseModel.php(638): CodeIgniter\Model->doFindAll()
 4 APPPATH/Controllers/TerrariaBosses.php(23): CodeIgniter\BaseModel->findAll()
 5 SYSTEMPATH/CodeIgniter.php(941): App\Controllers\TerrariaBosses->update()
 6 SYSTEMPATH/CodeIgniter.php(502): CodeIgniter\CodeIgniter->runController()
 7 SYSTEMPATH/CodeIgniter.php(361): CodeIgniter\CodeIgniter->handleRequest()
 8 FCPATH/index.php(79): CodeIgniter\CodeIgniter->run()
 9 SYSTEMPATH/Commands/Server/rewrite.php(47): require_once('/home/aluno/Downloads/ci4projects/public/index.php')
CRITICAL - 2024-03-12 18:44:43 --> [Caused by] CodeIgniter\Database\Exceptions\DatabaseException: Table 'dbPrincipal.terrariabosses' doesn't exist
in SYSTEMPATH/Database/MySQLi/Connection.php on line 311.
 1 SYSTEMPATH/Database/BaseConnection.php(693): CodeIgniter\Database\MySQLi\Connection->execute()
 2 SYSTEMPATH/Database/BaseConnection.php(607): CodeIgniter\Database\BaseConnection->simpleQuery()
 3 SYSTEMPATH/Database/BaseBuilder.php(1616): CodeIgniter\Database\BaseConnection->query()
 4 SYSTEMPATH/Model.php(242): CodeIgniter\Database\BaseBuilder->get()
 5 SYSTEMPATH/BaseModel.php(638): CodeIgniter\Model->doFindAll()
 6 APPPATH/Controllers/TerrariaBosses.php(23): CodeIgniter\BaseModel->findAll()
 7 SYSTEMPATH/CodeIgniter.php(941): App\Controllers\TerrariaBosses->update()
 8 SYSTEMPATH/CodeIgniter.php(502): CodeIgniter\CodeIgniter->runController()
 9 SYSTEMPATH/CodeIgniter.php(361): CodeIgniter\CodeIgniter->handleRequest()
10 FCPATH/index.php(79): CodeIgniter\CodeIgniter->run()
11 SYSTEMPATH/Commands/Server/rewrite.php(47): require_once('/home/aluno/Downloads/ci4projects/public/index.php')
CRITICAL - 2024-03-12 18:44:43 --> [Caused by] mysqli_sql_exception: Table 'dbPrincipal.terrariabosses' doesn't exist
in SYSTEMPATH/Database/MySQLi/Connection.php on line 306.
 1 SYSTEMPATH/Database/MySQLi/Connection.php(306): mysqli->query()
 2 SYSTEMPATH/Database/BaseConnection.php(693): CodeIgniter\Database\MySQLi\Connection->execute()
 3 SYSTEMPATH/Database/BaseConnection.php(607): CodeIgniter\Database\BaseConnection->simpleQuery()
 4 SYSTEMPATH/Database/BaseBuilder.php(1616): CodeIgniter\Database\BaseConnection->query()
 5 SYSTEMPATH/Model.php(242): CodeIgniter\Database\BaseBuilder->get()
 6 SYSTEMPATH/BaseModel.php(638): CodeIgniter\Model->doFindAll()
 7 APPPATH/Controllers/TerrariaBosses.php(23): CodeIgniter\BaseModel->findAll()
 8 SYSTEMPATH/CodeIgniter.php(941): App\Controllers\TerrariaBosses->update()
 9 SYSTEMPATH/CodeIgniter.php(502): CodeIgniter\CodeIgniter->runController()
10 SYSTEMPATH/CodeIgniter.php(361): CodeIgniter\CodeIgniter->handleRequest()
11 FCPATH/index.php(79): CodeIgniter\CodeIgniter->run()
12 SYSTEMPATH/Commands/Server/rewrite.php(47): require_once('/home/aluno/Downloads/ci4projects/public/index.php')
ERROR - 2024-03-12 18:50:57 --> mysqli_sql_exception: Table 'dbPrincipal.terrariabosses' doesn't exist in /home/aluno/Downloads/ci4projects/system/Database/MySQLi/Connection.php:306
Stack trace:
#0 /home/aluno/Downloads/ci4projects/system/Database/MySQLi/Connection.php(306): mysqli->query()
#1 /home/aluno/Downloads/ci4projects/system/Database/BaseConnection.php(693): CodeIgniter\Database\MySQLi\Connection->execute()
#2 /home/aluno/Downloads/ci4projects/system/Database/BaseConnection.php(607): CodeIgniter\Database\BaseConnection->simpleQuery()
#3 /home/aluno/Downloads/ci4projects/system/Database/BaseBuilder.php(1616): CodeIgniter\Database\BaseConnection->query()
#4 /home/aluno/Downloads/ci4projects/system/Model.php(242): CodeIgniter\Database\BaseBuilder->get()
#5 /home/aluno/Downloads/ci4projects/system/BaseModel.php(638): CodeIgniter\Model->doFindAll()
#6 /home/aluno/Downloads/ci4projects/app/Controllers/TerrariaBosses.php(23): CodeIgniter\BaseModel->findAll()
#7 /home/aluno/Downloads/ci4projects/system/CodeIgniter.php(941): App\Controllers\TerrariaBosses->update()
#8 /home/aluno/Downloads/ci4projects/system/CodeIgniter.php(502): CodeIgniter\CodeIgniter->runController()
#9 /home/aluno/Downloads/ci4projects/system/CodeIgniter.php(361): CodeIgniter\CodeIgniter->handleRequest()
#10 /home/aluno/Downloads/ci4projects/public/index.php(79): CodeIgniter\CodeIgniter->run()
#11 /home/aluno/Downloads/ci4projects/system/Commands/Server/rewrite.php(47): require_once('...')
#12 {main}
CRITICAL - 2024-03-12 18:50:57 --> CodeIgniter\Database\Exceptions\DatabaseException: Table 'dbPrincipal.terrariabosses' doesn't exist
in SYSTEMPATH/Database/BaseConnection.php on line 647.
 1 SYSTEMPATH/Database/BaseBuilder.php(1616): CodeIgniter\Database\BaseConnection->query()
 2 SYSTEMPATH/Model.php(242): CodeIgniter\Database\BaseBuilder->get()
 3 SYSTEMPATH/BaseModel.php(638): CodeIgniter\Model->doFindAll()
 4 APPPATH/Controllers/TerrariaBosses.php(23): CodeIgniter\BaseModel->findAll()
 5 SYSTEMPATH/CodeIgniter.php(941): App\Controllers\TerrariaBosses->update()
 6 SYSTEMPATH/CodeIgniter.php(502): CodeIgniter\CodeIgniter->runController()
 7 SYSTEMPATH/CodeIgniter.php(361): CodeIgniter\CodeIgniter->handleRequest()
 8 FCPATH/index.php(79): CodeIgniter\CodeIgniter->run()
 9 SYSTEMPATH/Commands/Server/rewrite.php(47): require_once('/home/aluno/Downloads/ci4projects/public/index.php')
CRITICAL - 2024-03-12 18:50:57 --> [Caused by] CodeIgniter\Database\Exceptions\DatabaseException: Table 'dbPrincipal.terrariabosses' doesn't exist
in SYSTEMPATH/Database/MySQLi/Connection.php on line 311.
 1 SYSTEMPATH/Database/BaseConnection.php(693): CodeIgniter\Database\MySQLi\Connection->execute()
 2 SYSTEMPATH/Database/BaseConnection.php(607): CodeIgniter\Database\BaseConnection->simpleQuery()
 3 SYSTEMPATH/Database/BaseBuilder.php(1616): CodeIgniter\Database\BaseConnection->query()
 4 SYSTEMPATH/Model.php(242): CodeIgniter\Database\BaseBuilder->get()
 5 SYSTEMPATH/BaseModel.php(638): CodeIgniter\Model->doFindAll()
 6 APPPATH/Controllers/TerrariaBosses.php(23): CodeIgniter\BaseModel->findAll()
 7 SYSTEMPATH/CodeIgniter.php(941): App\Controllers\TerrariaBosses->update()
 8 SYSTEMPATH/CodeIgniter.php(502): CodeIgniter\CodeIgniter->runController()
 9 SYSTEMPATH/CodeIgniter.php(361): CodeIgniter\CodeIgniter->handleRequest()
10 FCPATH/index.php(79): CodeIgniter\CodeIgniter->run()
11 SYSTEMPATH/Commands/Server/rewrite.php(47): require_once('/home/aluno/Downloads/ci4projects/public/index.php')
CRITICAL - 2024-03-12 18:50:57 --> [Caused by] mysqli_sql_exception: Table 'dbPrincipal.terrariabosses' doesn't exist
in SYSTEMPATH/Database/MySQLi/Connection.php on line 306.
 1 SYSTEMPATH/Database/MySQLi/Connection.php(306): mysqli->query()
 2 SYSTEMPATH/Database/BaseConnection.php(693): CodeIgniter\Database\MySQLi\Connection->execute()
 3 SYSTEMPATH/Database/BaseConnection.php(607): CodeIgniter\Database\BaseConnection->simpleQuery()
 4 SYSTEMPATH/Database/BaseBuilder.php(1616): CodeIgniter\Database\BaseConnection->query()
 5 SYSTEMPATH/Model.php(242): CodeIgniter\Database\BaseBuilder->get()
 6 SYSTEMPATH/BaseModel.php(638): CodeIgniter\Model->doFindAll()
 7 APPPATH/Controllers/TerrariaBosses.php(23): CodeIgniter\BaseModel->findAll()
 8 SYSTEMPATH/CodeIgniter.php(941): App\Controllers\TerrariaBosses->update()
 9 SYSTEMPATH/CodeIgniter.php(502): CodeIgniter\CodeIgniter->runController()
10 SYSTEMPATH/CodeIgniter.php(361): CodeIgniter\CodeIgniter->handleRequest()
11 FCPATH/index.php(79): CodeIgniter\CodeIgniter->run()
12 SYSTEMPATH/Commands/Server/rewrite.php(47): require_once('/home/aluno/Downloads/ci4projects/public/index.php')
ERROR - 2024-03-12 18:54:25 --> mysqli_sql_exception: Table 'dbPrincipal.terrariabosses' doesn't exist in /home/aluno/Downloads/ci4projects/system/Database/MySQLi/Connection.php:306
Stack trace:
#0 /home/aluno/Downloads/ci4projects/system/Database/MySQLi/Connection.php(306): mysqli->query()
#1 /home/aluno/Downloads/ci4projects/system/Database/BaseConnection.php(693): CodeIgniter\Database\MySQLi\Connection->execute()
#2 /home/aluno/Downloads/ci4projects/system/Database/BaseConnection.php(607): CodeIgniter\Database\BaseConnection->simpleQuery()
#3 /home/aluno/Downloads/ci4projects/system/Database/BaseBuilder.php(1616): CodeIgniter\Database\BaseConnection->query()
#4 /home/aluno/Downloads/ci4projects/system/Model.php(242): CodeIgniter\Database\BaseBuilder->get()
#5 /home/aluno/Downloads/ci4projects/system/BaseModel.php(638): CodeIgniter\Model->doFindAll()
#6 /home/aluno/Downloads/ci4projects/app/Controllers/TerrariaBosses.php(23): CodeIgniter\BaseModel->findAll()
#7 /home/aluno/Downloads/ci4projects/system/CodeIgniter.php(941): App\Controllers\TerrariaBosses->update()
#8 /home/aluno/Downloads/ci4projects/system/CodeIgniter.php(502): CodeIgniter\CodeIgniter->runController()
#9 /home/aluno/Downloads/ci4projects/system/CodeIgniter.php(361): CodeIgniter\CodeIgniter->handleRequest()
#10 /home/aluno/Downloads/ci4projects/public/index.php(79): CodeIgniter\CodeIgniter->run()
#11 /home/aluno/Downloads/ci4projects/system/Commands/Server/rewrite.php(47): require_once('...')
#12 {main}
CRITICAL - 2024-03-12 18:54:25 --> CodeIgniter\Database\Exceptions\DatabaseException: Table 'dbPrincipal.terrariabosses' doesn't exist
in SYSTEMPATH/Database/BaseConnection.php on line 647.
 1 SYSTEMPATH/Database/BaseBuilder.php(1616): CodeIgniter\Database\BaseConnection->query()
 2 SYSTEMPATH/Model.php(242): CodeIgniter\Database\BaseBuilder->get()
 3 SYSTEMPATH/BaseModel.php(638): CodeIgniter\Model->doFindAll()
 4 APPPATH/Controllers/TerrariaBosses.php(23): CodeIgniter\BaseModel->findAll()
 5 SYSTEMPATH/CodeIgniter.php(941): App\Controllers\TerrariaBosses->update()
 6 SYSTEMPATH/CodeIgniter.php(502): CodeIgniter\CodeIgniter->runController()
 7 SYSTEMPATH/CodeIgniter.php(361): CodeIgniter\CodeIgniter->handleRequest()
 8 FCPATH/index.php(79): CodeIgniter\CodeIgniter->run()
 9 SYSTEMPATH/Commands/Server/rewrite.php(47): require_once('/home/aluno/Downloads/ci4projects/public/index.php')
CRITICAL - 2024-03-12 18:54:25 --> [Caused by] CodeIgniter\Database\Exceptions\DatabaseException: Table 'dbPrincipal.terrariabosses' doesn't exist
in SYSTEMPATH/Database/MySQLi/Connection.php on line 311.
 1 SYSTEMPATH/Database/BaseConnection.php(693): CodeIgniter\Database\MySQLi\Connection->execute()
 2 SYSTEMPATH/Database/BaseConnection.php(607): CodeIgniter\Database\BaseConnection->simpleQuery()
 3 SYSTEMPATH/Database/BaseBuilder.php(1616): CodeIgniter\Database\BaseConnection->query()
 4 SYSTEMPATH/Model.php(242): CodeIgniter\Database\BaseBuilder->get()
 5 SYSTEMPATH/BaseModel.php(638): CodeIgniter\Model->doFindAll()
 6 APPPATH/Controllers/TerrariaBosses.php(23): CodeIgniter\BaseModel->findAll()
 7 SYSTEMPATH/CodeIgniter.php(941): App\Controllers\TerrariaBosses->update()
 8 SYSTEMPATH/CodeIgniter.php(502): CodeIgniter\CodeIgniter->runController()
 9 SYSTEMPATH/CodeIgniter.php(361): CodeIgniter\CodeIgniter->handleRequest()
10 FCPATH/index.php(79): CodeIgniter\CodeIgniter->run()
11 SYSTEMPATH/Commands/Server/rewrite.php(47): require_once('/home/aluno/Downloads/ci4projects/public/index.php')
CRITICAL - 2024-03-12 18:54:25 --> [Caused by] mysqli_sql_exception: Table 'dbPrincipal.terrariabosses' doesn't exist
in SYSTEMPATH/Database/MySQLi/Connection.php on line 306.
 1 SYSTEMPATH/Database/MySQLi/Connection.php(306): mysqli->query()
 2 SYSTEMPATH/Database/BaseConnection.php(693): CodeIgniter\Database\MySQLi\Connection->execute()
 3 SYSTEMPATH/Database/BaseConnection.php(607): CodeIgniter\Database\BaseConnection->simpleQuery()
 4 SYSTEMPATH/Database/BaseBuilder.php(1616): CodeIgniter\Database\BaseConnection->query()
 5 SYSTEMPATH/Model.php(242): CodeIgniter\Database\BaseBuilder->get()
 6 SYSTEMPATH/BaseModel.php(638): CodeIgniter\Model->doFindAll()
 7 APPPATH/Controllers/TerrariaBosses.php(23): CodeIgniter\BaseModel->findAll()
 8 SYSTEMPATH/CodeIgniter.php(941): App\Controllers\TerrariaBosses->update()
 9 SYSTEMPATH/CodeIgniter.php(502): CodeIgniter\CodeIgniter->runController()
10 SYSTEMPATH/CodeIgniter.php(361): CodeIgniter\CodeIgniter->handleRequest()
11 FCPATH/index.php(79): CodeIgniter\CodeIgniter->run()
12 SYSTEMPATH/Commands/Server/rewrite.php(47): require_once('/home/aluno/Downloads/ci4projects/public/index.php')
ERROR - 2024-03-12 18:56:11 --> mysqli_sql_exception: Table 'dbPrincipal.terrariabosses' doesn't exist in /home/aluno/Downloads/ci4projects/system/Database/MySQLi/Connection.php:306
Stack trace:
#0 /home/aluno/Downloads/ci4projects/system/Database/MySQLi/Connection.php(306): mysqli->query()
#1 /home/aluno/Downloads/ci4projects/system/Database/BaseConnection.php(693): CodeIgniter\Database\MySQLi\Connection->execute()
#2 /home/aluno/Downloads/ci4projects/system/Database/BaseConnection.php(607): CodeIgniter\Database\BaseConnection->simpleQuery()
#3 /home/aluno/Downloads/ci4projects/system/Database/BaseBuilder.php(1616): CodeIgniter\Database\BaseConnection->query()
#4 /home/aluno/Downloads/ci4projects/system/Model.php(242): CodeIgniter\Database\BaseBuilder->get()
#5 /home/aluno/Downloads/ci4projects/system/BaseModel.php(638): CodeIgniter\Model->doFindAll()
#6 /home/aluno/Downloads/ci4projects/app/Controllers/TerrariaBosses.php(23): CodeIgniter\BaseModel->findAll()
#7 /home/aluno/Downloads/ci4projects/system/CodeIgniter.php(941): App\Controllers\TerrariaBosses->update()
#8 /home/aluno/Downloads/ci4projects/system/CodeIgniter.php(502): CodeIgniter\CodeIgniter->runController()
#9 /home/aluno/Downloads/ci4projects/system/CodeIgniter.php(361): CodeIgniter\CodeIgniter->handleRequest()
#10 /home/aluno/Downloads/ci4projects/public/index.php(79): CodeIgniter\CodeIgniter->run()
#11 /home/aluno/Downloads/ci4projects/system/Commands/Server/rewrite.php(47): require_once('...')
#12 {main}
CRITICAL - 2024-03-12 18:56:11 --> CodeIgniter\Database\Exceptions\DatabaseException: Table 'dbPrincipal.terrariabosses' doesn't exist
in SYSTEMPATH/Database/BaseConnection.php on line 647.
 1 SYSTEMPATH/Database/BaseBuilder.php(1616): CodeIgniter\Database\BaseConnection->query()
 2 SYSTEMPATH/Model.php(242): CodeIgniter\Database\BaseBuilder->get()
 3 SYSTEMPATH/BaseModel.php(638): CodeIgniter\Model->doFindAll()
 4 APPPATH/Controllers/TerrariaBosses.php(23): CodeIgniter\BaseModel->findAll()
 5 SYSTEMPATH/CodeIgniter.php(941): App\Controllers\TerrariaBosses->update()
 6 SYSTEMPATH/CodeIgniter.php(502): CodeIgniter\CodeIgniter->runController()
 7 SYSTEMPATH/CodeIgniter.php(361): CodeIgniter\CodeIgniter->handleRequest()
 8 FCPATH/index.php(79): CodeIgniter\CodeIgniter->run()
 9 SYSTEMPATH/Commands/Server/rewrite.php(47): require_once('/home/aluno/Downloads/ci4projects/public/index.php')
CRITICAL - 2024-03-12 18:56:11 --> [Caused by] CodeIgniter\Database\Exceptions\DatabaseException: Table 'dbPrincipal.terrariabosses' doesn't exist
in SYSTEMPATH/Database/MySQLi/Connection.php on line 311.
 1 SYSTEMPATH/Database/BaseConnection.php(693): CodeIgniter\Database\MySQLi\Connection->execute()
 2 SYSTEMPATH/Database/BaseConnection.php(607): CodeIgniter\Database\BaseConnection->simpleQuery()
 3 SYSTEMPATH/Database/BaseBuilder.php(1616): CodeIgniter\Database\BaseConnection->query()
 4 SYSTEMPATH/Model.php(242): CodeIgniter\Database\BaseBuilder->get()
 5 SYSTEMPATH/BaseModel.php(638): CodeIgniter\Model->doFindAll()
 6 APPPATH/Controllers/TerrariaBosses.php(23): CodeIgniter\BaseModel->findAll()
 7 SYSTEMPATH/CodeIgniter.php(941): App\Controllers\TerrariaBosses->update()
 8 SYSTEMPATH/CodeIgniter.php(502): CodeIgniter\CodeIgniter->runController()
 9 SYSTEMPATH/CodeIgniter.php(361): CodeIgniter\CodeIgniter->handleRequest()
10 FCPATH/index.php(79): CodeIgniter\CodeIgniter->run()
11 SYSTEMPATH/Commands/Server/rewrite.php(47): require_once('/home/aluno/Downloads/ci4projects/public/index.php')
CRITICAL - 2024-03-12 18:56:11 --> [Caused by] mysqli_sql_exception: Table 'dbPrincipal.terrariabosses' doesn't exist
in SYSTEMPATH/Database/MySQLi/Connection.php on line 306.
 1 SYSTEMPATH/Database/MySQLi/Connection.php(306): mysqli->query()
 2 SYSTEMPATH/Database/BaseConnection.php(693): CodeIgniter\Database\MySQLi\Connection->execute()
 3 SYSTEMPATH/Database/BaseConnection.php(607): CodeIgniter\Database\BaseConnection->simpleQuery()
 4 SYSTEMPATH/Database/BaseBuilder.php(1616): CodeIgniter\Database\BaseConnection->query()
 5 SYSTEMPATH/Model.php(242): CodeIgniter\Database\BaseBuilder->get()
 6 SYSTEMPATH/BaseModel.php(638): CodeIgniter\Model->doFindAll()
 7 APPPATH/Controllers/TerrariaBosses.php(23): CodeIgniter\BaseModel->findAll()
 8 SYSTEMPATH/CodeIgniter.php(941): App\Controllers\TerrariaBosses->update()
 9 SYSTEMPATH/CodeIgniter.php(502): CodeIgniter\CodeIgniter->runController()
10 SYSTEMPATH/CodeIgniter.php(361): CodeIgniter\CodeIgniter->handleRequest()
11 FCPATH/index.php(79): CodeIgniter\CodeIgniter->run()
12 SYSTEMPATH/Commands/Server/rewrite.php(47): require_once('/home/aluno/Downloads/ci4projects/public/index.php')
CRITICAL - 2024-03-12 19:18:22 --> mysqli_sql_exception: Access denied for user 'root'@'localhost' (using password: NO)
in APPPATH/Views/terrariaindex.php on line 29.
 1 APPPATH/Views/terrariaindex.php(29): mysqli_connect()
 2 SYSTEMPATH/View/View.php(228): include('/home/aluno/Downloads/ci4projects/app/Views/terrariaindex.php')
 3 SYSTEMPATH/View/View.php(231): CodeIgniter\View\View->CodeIgniter\View\{closure}()
 4 SYSTEMPATH/Common.php(1178): CodeIgniter\View\View->render()
 5 APPPATH/Controllers/TerrariaBosses.php(24): view()
 6 SYSTEMPATH/CodeIgniter.php(941): App\Controllers\TerrariaBosses->update()
 7 SYSTEMPATH/CodeIgniter.php(502): CodeIgniter\CodeIgniter->runController()
 8 SYSTEMPATH/CodeIgniter.php(361): CodeIgniter\CodeIgniter->handleRequest()
 9 FCPATH/index.php(79): CodeIgniter\CodeIgniter->run()
10 SYSTEMPATH/Commands/Server/rewrite.php(47): require_once('/home/aluno/Downloads/ci4projects/public/index.php')
CRITICAL - 2024-03-12 19:21:52 --> mysqli_sql_exception: Access denied for user 'root'@'localhost' (using password: NO)
in APPPATH/Views/terrariaindex.php on line 29.
 1 APPPATH/Views/terrariaindex.php(29): mysqli_connect()
 2 SYSTEMPATH/View/View.php(228): include('/home/aluno/Downloads/ci4projects/app/Views/terrariaindex.php')
 3 SYSTEMPATH/View/View.php(231): CodeIgniter\View\View->CodeIgniter\View\{closure}()
 4 SYSTEMPATH/Common.php(1178): CodeIgniter\View\View->render()
 5 APPPATH/Controllers/TerrariaBosses.php(12): view()
 6 SYSTEMPATH/CodeIgniter.php(941): App\Controllers\TerrariaBosses->index()
 7 SYSTEMPATH/CodeIgniter.php(502): CodeIgniter\CodeIgniter->runController()
 8 SYSTEMPATH/CodeIgniter.php(361): CodeIgniter\CodeIgniter->handleRequest()
 9 FCPATH/index.php(79): CodeIgniter\CodeIgniter->run()
10 SYSTEMPATH/Commands/Server/rewrite.php(47): require_once('/home/aluno/Downloads/ci4projects/public/index.php')
CRITICAL - 2024-03-12 19:26:51 --> ErrorException: Undefined variable $data
in APPPATH/Views/terrariaindex.php on line 29.
 1 APPPATH/Views/terrariaindex.php(29): CodeIgniter\Debug\Exceptions->errorHandler()
 2 SYSTEMPATH/View/View.php(228): include('/home/aluno/Downloads/ci4projects/app/Views/terrariaindex.php')
 3 SYSTEMPATH/View/View.php(231): CodeIgniter\View\View->CodeIgniter\View\{closure}()
 4 SYSTEMPATH/Common.php(1178): CodeIgniter\View\View->render()
 5 APPPATH/Controllers/TerrariaBosses.php(27): view()
 6 SYSTEMPATH/CodeIgniter.php(941): App\Controllers\TerrariaBosses->update()
 7 SYSTEMPATH/CodeIgniter.php(502): CodeIgniter\CodeIgniter->runController()
 8 SYSTEMPATH/CodeIgniter.php(361): CodeIgniter\CodeIgniter->handleRequest()
 9 FCPATH/index.php(79): CodeIgniter\CodeIgniter->run()
10 SYSTEMPATH/Commands/Server/rewrite.php(47): require_once('/home/aluno/Downloads/ci4projects/public/index.php')
CRITICAL - 2024-03-12 19:27:24 --> ErrorException: Undefined variable $data
in APPPATH/Views/terrariaindex.php on line 29.
 1 APPPATH/Views/terrariaindex.php(29): CodeIgniter\Debug\Exceptions->errorHandler()
 2 SYSTEMPATH/View/View.php(228): include('/home/aluno/Downloads/ci4projects/app/Views/terrariaindex.php')
 3 SYSTEMPATH/View/View.php(231): CodeIgniter\View\View->CodeIgniter\View\{closure}()
 4 SYSTEMPATH/Common.php(1178): CodeIgniter\View\View->render()
 5 APPPATH/Controllers/TerrariaBosses.php(12): view()
 6 SYSTEMPATH/CodeIgniter.php(941): App\Controllers\TerrariaBosses->index()
 7 SYSTEMPATH/CodeIgniter.php(502): CodeIgniter\CodeIgniter->runController()
 8 SYSTEMPATH/CodeIgniter.php(361): CodeIgniter\CodeIgniter->handleRequest()
 9 FCPATH/index.php(79): CodeIgniter\CodeIgniter->run()
10 SYSTEMPATH/Commands/Server/rewrite.php(47): require_once('/home/aluno/Downloads/ci4projects/public/index.php')
CRITICAL - 2024-03-12 19:27:28 --> ErrorException: Undefined variable $data
in APPPATH/Views/terrariaindex.php on line 29.
 1 APPPATH/Views/terrariaindex.php(29): CodeIgniter\Debug\Exceptions->errorHandler()
 2 SYSTEMPATH/View/View.php(228): include('/home/aluno/Downloads/ci4projects/app/Views/terrariaindex.php')
 3 SYSTEMPATH/View/View.php(231): CodeIgniter\View\View->CodeIgniter\View\{closure}()
 4 SYSTEMPATH/Common.php(1178): CodeIgniter\View\View->render()
 5 APPPATH/Controllers/TerrariaBosses.php(12): view()
 6 SYSTEMPATH/CodeIgniter.php(941): App\Controllers\TerrariaBosses->index()
 7 SYSTEMPATH/CodeIgniter.php(502): CodeIgniter\CodeIgniter->runController()
 8 SYSTEMPATH/CodeIgniter.php(361): CodeIgniter\CodeIgniter->handleRequest()
 9 FCPATH/index.php(79): CodeIgniter\CodeIgniter->run()
10 SYSTEMPATH/Commands/Server/rewrite.php(47): require_once('/home/aluno/Downloads/ci4projects/public/index.php')
CRITICAL - 2024-03-12 19:33:07 --> ErrorException: Undefined variable $result
in APPPATH/Views/terrariaindex.php on line 29.
 1 APPPATH/Views/terrariaindex.php(29): CodeIgniter\Debug\Exceptions->errorHandler()
 2 SYSTEMPATH/View/View.php(228): include('/home/aluno/Downloads/ci4projects/app/Views/terrariaindex.php')
 3 SYSTEMPATH/View/View.php(231): CodeIgniter\View\View->CodeIgniter\View\{closure}()
 4 SYSTEMPATH/Common.php(1178): CodeIgniter\View\View->render()
 5 APPPATH/Controllers/TerrariaBosses.php(12): view()
 6 SYSTEMPATH/CodeIgniter.php(941): App\Controllers\TerrariaBosses->index()
 7 SYSTEMPATH/CodeIgniter.php(502): CodeIgniter\CodeIgniter->runController()
 8 SYSTEMPATH/CodeIgniter.php(361): CodeIgniter\CodeIgniter->handleRequest()
 9 FCPATH/index.php(79): CodeIgniter\CodeIgniter->run()
10 SYSTEMPATH/Commands/Server/rewrite.php(47): require_once('/home/aluno/Downloads/ci4projects/public/index.php')
CRITICAL - 2024-03-12 19:34:36 --> ErrorException: Undefined variable $result
in APPPATH/Views/terrariaindex.php on line 29.
 1 APPPATH/Views/terrariaindex.php(29): CodeIgniter\Debug\Exceptions->errorHandler()
 2 SYSTEMPATH/View/View.php(228): include('/home/aluno/Downloads/ci4projects/app/Views/terrariaindex.php')
 3 SYSTEMPATH/View/View.php(231): CodeIgniter\View\View->CodeIgniter\View\{closure}()
 4 SYSTEMPATH/Common.php(1178): CodeIgniter\View\View->render()
 5 APPPATH/Controllers/TerrariaBosses.php(14): view()
 6 SYSTEMPATH/CodeIgniter.php(941): App\Controllers\TerrariaBosses->index()
 7 SYSTEMPATH/CodeIgniter.php(502): CodeIgniter\CodeIgniter->runController()
 8 SYSTEMPATH/CodeIgniter.php(361): CodeIgniter\CodeIgniter->handleRequest()
 9 FCPATH/index.php(79): CodeIgniter\CodeIgniter->run()
10 SYSTEMPATH/Commands/Server/rewrite.php(47): require_once('/home/aluno/Downloads/ci4projects/public/index.php')
CRITICAL - 2024-03-12 19:34:36 --> ErrorException: Undefined variable $result
in APPPATH/Views/terrariaindex.php on line 29.
 1 APPPATH/Views/terrariaindex.php(29): CodeIgniter\Debug\Exceptions->errorHandler()
 2 SYSTEMPATH/View/View.php(228): include('/home/aluno/Downloads/ci4projects/app/Views/terrariaindex.php')
 3 SYSTEMPATH/View/View.php(231): CodeIgniter\View\View->CodeIgniter\View\{closure}()
 4 SYSTEMPATH/Common.php(1178): CodeIgniter\View\View->render()
 5 APPPATH/Controllers/TerrariaBosses.php(14): view()
 6 SYSTEMPATH/CodeIgniter.php(941): App\Controllers\TerrariaBosses->index()
 7 SYSTEMPATH/CodeIgniter.php(502): CodeIgniter\CodeIgniter->runController()
 8 SYSTEMPATH/CodeIgniter.php(361): CodeIgniter\CodeIgniter->handleRequest()
 9 FCPATH/index.php(79): CodeIgniter\CodeIgniter->run()
10 SYSTEMPATH/Commands/Server/rewrite.php(47): require_once('/home/aluno/Downloads/ci4projects/public/index.php')
CRITICAL - 2024-03-12 19:34:36 --> ErrorException: Undefined variable $result
in APPPATH/Views/terrariaindex.php on line 29.
 1 APPPATH/Views/terrariaindex.php(29): CodeIgniter\Debug\Exceptions->errorHandler()
 2 SYSTEMPATH/View/View.php(228): include('/home/aluno/Downloads/ci4projects/app/Views/terrariaindex.php')
 3 SYSTEMPATH/View/View.php(231): CodeIgniter\View\View->CodeIgniter\View\{closure}()
 4 SYSTEMPATH/Common.php(1178): CodeIgniter\View\View->render()
 5 APPPATH/Controllers/TerrariaBosses.php(14): view()
 6 SYSTEMPATH/CodeIgniter.php(941): App\Controllers\TerrariaBosses->index()
 7 SYSTEMPATH/CodeIgniter.php(502): CodeIgniter\CodeIgniter->runController()
 8 SYSTEMPATH/CodeIgniter.php(361): CodeIgniter\CodeIgniter->handleRequest()
 9 FCPATH/index.php(79): CodeIgniter\CodeIgniter->run()
10 SYSTEMPATH/Commands/Server/rewrite.php(47): require_once('/home/aluno/Downloads/ci4projects/public/index.php')
CRITICAL - 2024-03-12 19:37:21 --> ErrorException: Undefined variable $result
in APPPATH/Views/terrariaindex.php on line 29.
 1 APPPATH/Views/terrariaindex.php(29): CodeIgniter\Debug\Exceptions->errorHandler()
 2 SYSTEMPATH/View/View.php(228): include('/home/aluno/Downloads/ci4projects/app/Views/terrariaindex.php')
 3 SYSTEMPATH/View/View.php(231): CodeIgniter\View\View->CodeIgniter\View\{closure}()
 4 SYSTEMPATH/Common.php(1178): CodeIgniter\View\View->render()
 5 APPPATH/Controllers/TerrariaBosses.php(14): view()
 6 SYSTEMPATH/CodeIgniter.php(941): App\Controllers\TerrariaBosses->index()
 7 SYSTEMPATH/CodeIgniter.php(502): CodeIgniter\CodeIgniter->runController()
 8 SYSTEMPATH/CodeIgniter.php(361): CodeIgniter\CodeIgniter->handleRequest()
 9 FCPATH/index.php(79): CodeIgniter\CodeIgniter->run()
10 SYSTEMPATH/Commands/Server/rewrite.php(47): require_once('/home/aluno/Downloads/ci4projects/public/index.php')
CRITICAL - 2024-03-12 20:22:04 --> ErrorException: Undefined variable $result
in APPPATH/Views/terrariaindex.php on line 31.
 1 APPPATH/Views/terrariaindex.php(31): CodeIgniter\Debug\Exceptions->errorHandler()
 2 SYSTEMPATH/View/View.php(228): include('/home/aluno/Downloads/ci4projects/app/Views/terrariaindex.php')
 3 SYSTEMPATH/View/View.php(231): CodeIgniter\View\View->CodeIgniter\View\{closure}()
 4 SYSTEMPATH/Common.php(1178): CodeIgniter\View\View->render()
 5 APPPATH/Controllers/TerrariaBosses.php(43): view()
 6 SYSTEMPATH/CodeIgniter.php(941): App\Controllers\TerrariaBosses->delete()
 7 SYSTEMPATH/CodeIgniter.php(502): CodeIgniter\CodeIgniter->runController()
 8 SYSTEMPATH/CodeIgniter.php(361): CodeIgniter\CodeIgniter->handleRequest()
 9 FCPATH/index.php(79): CodeIgniter\CodeIgniter->run()
10 SYSTEMPATH/Commands/Server/rewrite.php(47): require_once('/home/aluno/Downloads/ci4projects/public/index.php')
