CRITICAL - 2024-03-26 17:35:02 --> ErrorException: Undefined variable $bodycontent
in APPPATH/Views/bibliotemplate.php on line 19.
 1 APPPATH/Views/bibliotemplate.php(19): CodeIgniter\Debug\Exceptions->errorHandler()
 2 SYSTEMPATH/View/View.php(228): include('/home/aluno/Downloads/ci4projects/app/Views/bibliotemplate.php')
 3 SYSTEMPATH/View/View.php(231): CodeIgniter\View\View->CodeIgniter\View\{closure}()
 4 SYSTEMPATH/Common.php(1178): CodeIgniter\View\View->render()
 5 APPPATH/Controllers/BiblioController.php(9): view()
 6 SYSTEMPATH/CodeIgniter.php(941): App\Controllers\BiblioController->index()
 7 SYSTEMPATH/CodeIgniter.php(502): CodeIgniter\CodeIgniter->runController()
 8 SYSTEMPATH/CodeIgniter.php(361): CodeIgniter\CodeIgniter->handleRequest()
 9 FCPATH/index.php(79): CodeIgniter\CodeIgniter->run()
10 SYSTEMPATH/Commands/Server/rewrite.php(47): require_once('/home/aluno/Downloads/ci4projects/public/index.php')
CRITICAL - 2024-03-26 17:35:03 --> ErrorException: Undefined variable $bodycontent
in APPPATH/Views/bibliotemplate.php on line 19.
 1 APPPATH/Views/bibliotemplate.php(19): CodeIgniter\Debug\Exceptions->errorHandler()
 2 SYSTEMPATH/View/View.php(228): include('/home/aluno/Downloads/ci4projects/app/Views/bibliotemplate.php')
 3 SYSTEMPATH/View/View.php(231): CodeIgniter\View\View->CodeIgniter\View\{closure}()
 4 SYSTEMPATH/Common.php(1178): CodeIgniter\View\View->render()
 5 APPPATH/Controllers/BiblioController.php(9): view()
 6 SYSTEMPATH/CodeIgniter.php(941): App\Controllers\BiblioController->index()
 7 SYSTEMPATH/CodeIgniter.php(502): CodeIgniter\CodeIgniter->runController()
 8 SYSTEMPATH/CodeIgniter.php(361): CodeIgniter\CodeIgniter->handleRequest()
 9 FCPATH/index.php(79): CodeIgniter\CodeIgniter->run()
10 SYSTEMPATH/Commands/Server/rewrite.php(47): require_once('/home/aluno/Downloads/ci4projects/public/index.php')
CRITICAL - 2024-03-26 18:13:38 --> ParseError: syntax error, unexpected token "}"
in APPPATH/Controllers/BiblioController.php on line 52.
 1 SYSTEMPATH/Autoloader/Autoloader.php(288): CodeIgniter\Autoloader\Autoloader->includeFile()
 2 SYSTEMPATH/Autoloader/Autoloader.php(266): CodeIgniter\Autoloader\Autoloader->loadInNamespace()
 3 [internal function]: CodeIgniter\Autoloader\Autoloader->loadClass()
 4 SYSTEMPATH/CodeIgniter.php(899): class_exists()
 5 SYSTEMPATH/CodeIgniter.php(489): CodeIgniter\CodeIgniter->startController()
 6 SYSTEMPATH/CodeIgniter.php(361): CodeIgniter\CodeIgniter->handleRequest()
 7 FCPATH/index.php(79): CodeIgniter\CodeIgniter->run()
 8 SYSTEMPATH/Commands/Server/rewrite.php(47): require_once('/home/aluno/Downloads/ci4projects/public/index.php')
CRITICAL - 2024-03-26 19:53:04 --> Error: Class "App\Controllers\BiblioModel" not found
in APPPATH/Controllers/BiblioController.php on line 84.
 1 SYSTEMPATH/CodeIgniter.php(941): App\Controllers\BiblioController->register()
 2 SYSTEMPATH/CodeIgniter.php(502): CodeIgniter\CodeIgniter->runController()
 3 SYSTEMPATH/CodeIgniter.php(361): CodeIgniter\CodeIgniter->handleRequest()
 4 FCPATH/index.php(79): CodeIgniter\CodeIgniter->run()
 5 SYSTEMPATH/Commands/Server/rewrite.php(47): require_once('/home/aluno/Downloads/ci4projects/public/index.php')
CRITICAL - 2024-03-26 19:54:03 --> CodeIgniter\Database\Exceptions\DataException: Allowed fields must be specified for model: "App\Models\BiblioModel"
in SYSTEMPATH/Model.php on line 766.
 1 SYSTEMPATH/Model.php(766): CodeIgniter\Database\Exceptions\DataException::forInvalidAllowedFields()
 2 SYSTEMPATH/BaseModel.php(783): CodeIgniter\Model->doProtectFieldsForInsert()
 3 SYSTEMPATH/Model.php(744): CodeIgniter\BaseModel->insert()
 4 APPPATH/Controllers/BiblioController.php(94): CodeIgniter\Model->insert()
 5 SYSTEMPATH/CodeIgniter.php(941): App\Controllers\BiblioController->register()
 6 SYSTEMPATH/CodeIgniter.php(502): CodeIgniter\CodeIgniter->runController()
 7 SYSTEMPATH/CodeIgniter.php(361): CodeIgniter\CodeIgniter->handleRequest()
 8 FCPATH/index.php(79): CodeIgniter\CodeIgniter->run()
 9 SYSTEMPATH/Commands/Server/rewrite.php(47): require_once('/home/aluno/Downloads/ci4projects/public/index.php')
ERROR - 2024-03-26 19:54:27 --> Error connecting to the database: mysqli_sql_exception: Access denied for user 'user'@'localhost' (using password: YES) in /home/aluno/Downloads/ci4projects/system/Database/MySQLi/Connection.php:185
Stack trace:
#0 /home/aluno/Downloads/ci4projects/system/Database/MySQLi/Connection.php(185): mysqli->real_connect()
#1 /home/aluno/Downloads/ci4projects/system/Database/BaseConnection.php(392): CodeIgniter\Database\MySQLi\Connection->connect()
#2 /home/aluno/Downloads/ci4projects/system/Database/BaseConnection.php(575): CodeIgniter\Database\BaseConnection->initialize()
#3 /home/aluno/Downloads/ci4projects/system/Database/BaseBuilder.php(2307): CodeIgniter\Database\BaseConnection->query()
#4 /home/aluno/Downloads/ci4projects/system/Model.php(326): CodeIgniter\Database\BaseBuilder->insert()
#5 /home/aluno/Downloads/ci4projects/system/BaseModel.php(802): CodeIgniter\Model->doInsert()
#6 /home/aluno/Downloads/ci4projects/system/Model.php(744): CodeIgniter\BaseModel->insert()
#7 /home/aluno/Downloads/ci4projects/app/Controllers/BiblioController.php(94): CodeIgniter\Model->insert()
#8 /home/aluno/Downloads/ci4projects/system/CodeIgniter.php(941): App\Controllers\BiblioController->register()
#9 /home/aluno/Downloads/ci4projects/system/CodeIgniter.php(502): CodeIgniter\CodeIgniter->runController()
#10 /home/aluno/Downloads/ci4projects/system/CodeIgniter.php(361): CodeIgniter\CodeIgniter->handleRequest()
#11 /home/aluno/Downloads/ci4projects/public/index.php(79): CodeIgniter\CodeIgniter->run()
#12 /home/aluno/Downloads/ci4projects/system/Commands/Server/rewrite.php(47): require_once('...')
#13 {main}

Next CodeIgniter\Database\Exceptions\DatabaseException: Access denied for **** '****'@'localhost' (using password: YES) in /home/aluno/Downloads/ci4projects/system/Database/MySQLi/Connection.php:229
Stack trace:
#0 /home/aluno/Downloads/ci4projects/system/Database/BaseConnection.php(392): CodeIgniter\Database\MySQLi\Connection->connect()
#1 /home/aluno/Downloads/ci4projects/system/Database/BaseConnection.php(575): CodeIgniter\Database\BaseConnection->initialize()
#2 /home/aluno/Downloads/ci4projects/system/Database/BaseBuilder.php(2307): CodeIgniter\Database\BaseConnection->query()
#3 /home/aluno/Downloads/ci4projects/system/Model.php(326): CodeIgniter\Database\BaseBuilder->insert()
#4 /home/aluno/Downloads/ci4projects/system/BaseModel.php(802): CodeIgniter\Model->doInsert()
#5 /home/aluno/Downloads/ci4projects/system/Model.php(744): CodeIgniter\BaseModel->insert()
#6 /home/aluno/Downloads/ci4projects/app/Controllers/BiblioController.php(94): CodeIgniter\Model->insert()
#7 /home/aluno/Downloads/ci4projects/system/CodeIgniter.php(941): App\Controllers\BiblioController->register()
#8 /home/aluno/Downloads/ci4projects/system/CodeIgniter.php(502): CodeIgniter\CodeIgniter->runController()
#9 /home/aluno/Downloads/ci4projects/system/CodeIgniter.php(361): CodeIgniter\CodeIgniter->handleRequest()
#10 /home/aluno/Downloads/ci4projects/public/index.php(79): CodeIgniter\CodeIgniter->run()
#11 /home/aluno/Downloads/ci4projects/system/Commands/Server/rewrite.php(47): require_once('...')
#12 {main}
CRITICAL - 2024-03-26 19:54:27 --> CodeIgniter\Database\Exceptions\DatabaseException: Unable to connect to the database.
Main connection [MySQLi]: Access denied for **** '****'@'localhost' (using password: YES)
in SYSTEMPATH/Database/BaseConnection.php on line 428.
 1 SYSTEMPATH/Database/BaseConnection.php(575): CodeIgniter\Database\BaseConnection->initialize()
 2 SYSTEMPATH/Database/BaseBuilder.php(2307): CodeIgniter\Database\BaseConnection->query()
 3 SYSTEMPATH/Model.php(326): CodeIgniter\Database\BaseBuilder->insert()
 4 SYSTEMPATH/BaseModel.php(802): CodeIgniter\Model->doInsert()
 5 SYSTEMPATH/Model.php(744): CodeIgniter\BaseModel->insert()
 6 APPPATH/Controllers/BiblioController.php(94): CodeIgniter\Model->insert()
 7 SYSTEMPATH/CodeIgniter.php(941): App\Controllers\BiblioController->register()
 8 SYSTEMPATH/CodeIgniter.php(502): CodeIgniter\CodeIgniter->runController()
 9 SYSTEMPATH/CodeIgniter.php(361): CodeIgniter\CodeIgniter->handleRequest()
10 FCPATH/index.php(79): CodeIgniter\CodeIgniter->run()
11 SYSTEMPATH/Commands/Server/rewrite.php(47): require_once('/home/aluno/Downloads/ci4projects/public/index.php')
ERROR - 2024-03-26 19:56:04 --> mysqli_sql_exception: Duplicate entry '0' for key 'usuarios.PRIMARY' in /home/aluno/Downloads/ci4projects/system/Database/MySQLi/Connection.php:306
Stack trace:
#0 /home/aluno/Downloads/ci4projects/system/Database/MySQLi/Connection.php(306): mysqli->query()
#1 /home/aluno/Downloads/ci4projects/system/Database/BaseConnection.php(693): CodeIgniter\Database\MySQLi\Connection->execute()
#2 /home/aluno/Downloads/ci4projects/system/Database/BaseConnection.php(607): CodeIgniter\Database\BaseConnection->simpleQuery()
#3 /home/aluno/Downloads/ci4projects/system/Database/BaseBuilder.php(2307): CodeIgniter\Database\BaseConnection->query()
#4 /home/aluno/Downloads/ci4projects/system/Model.php(326): CodeIgniter\Database\BaseBuilder->insert()
#5 /home/aluno/Downloads/ci4projects/system/BaseModel.php(802): CodeIgniter\Model->doInsert()
#6 /home/aluno/Downloads/ci4projects/system/Model.php(744): CodeIgniter\BaseModel->insert()
#7 /home/aluno/Downloads/ci4projects/app/Controllers/BiblioController.php(94): CodeIgniter\Model->insert()
#8 /home/aluno/Downloads/ci4projects/system/CodeIgniter.php(941): App\Controllers\BiblioController->register()
#9 /home/aluno/Downloads/ci4projects/system/CodeIgniter.php(502): CodeIgniter\CodeIgniter->runController()
#10 /home/aluno/Downloads/ci4projects/system/CodeIgniter.php(361): CodeIgniter\CodeIgniter->handleRequest()
#11 /home/aluno/Downloads/ci4projects/public/index.php(79): CodeIgniter\CodeIgniter->run()
#12 /home/aluno/Downloads/ci4projects/system/Commands/Server/rewrite.php(47): require_once('...')
#13 {main}
CRITICAL - 2024-03-26 19:56:04 --> CodeIgniter\Database\Exceptions\DatabaseException: Duplicate entry '0' for key 'usuarios.PRIMARY'
in SYSTEMPATH/Database/BaseConnection.php on line 647.
 1 SYSTEMPATH/Database/BaseBuilder.php(2307): CodeIgniter\Database\BaseConnection->query()
 2 SYSTEMPATH/Model.php(326): CodeIgniter\Database\BaseBuilder->insert()
 3 SYSTEMPATH/BaseModel.php(802): CodeIgniter\Model->doInsert()
 4 SYSTEMPATH/Model.php(744): CodeIgniter\BaseModel->insert()
 5 APPPATH/Controllers/BiblioController.php(94): CodeIgniter\Model->insert()
 6 SYSTEMPATH/CodeIgniter.php(941): App\Controllers\BiblioController->register()
 7 SYSTEMPATH/CodeIgniter.php(502): CodeIgniter\CodeIgniter->runController()
 8 SYSTEMPATH/CodeIgniter.php(361): CodeIgniter\CodeIgniter->handleRequest()
 9 FCPATH/index.php(79): CodeIgniter\CodeIgniter->run()
10 SYSTEMPATH/Commands/Server/rewrite.php(47): require_once('/home/aluno/Downloads/ci4projects/public/index.php')
CRITICAL - 2024-03-26 19:56:04 --> [Caused by] CodeIgniter\Database\Exceptions\DatabaseException: Duplicate entry '0' for key 'usuarios.PRIMARY'
in SYSTEMPATH/Database/MySQLi/Connection.php on line 311.
 1 SYSTEMPATH/Database/BaseConnection.php(693): CodeIgniter\Database\MySQLi\Connection->execute()
 2 SYSTEMPATH/Database/BaseConnection.php(607): CodeIgniter\Database\BaseConnection->simpleQuery()
 3 SYSTEMPATH/Database/BaseBuilder.php(2307): CodeIgniter\Database\BaseConnection->query()
 4 SYSTEMPATH/Model.php(326): CodeIgniter\Database\BaseBuilder->insert()
 5 SYSTEMPATH/BaseModel.php(802): CodeIgniter\Model->doInsert()
 6 SYSTEMPATH/Model.php(744): CodeIgniter\BaseModel->insert()
 7 APPPATH/Controllers/BiblioController.php(94): CodeIgniter\Model->insert()
 8 SYSTEMPATH/CodeIgniter.php(941): App\Controllers\BiblioController->register()
 9 SYSTEMPATH/CodeIgniter.php(502): CodeIgniter\CodeIgniter->runController()
10 SYSTEMPATH/CodeIgniter.php(361): CodeIgniter\CodeIgniter->handleRequest()
11 FCPATH/index.php(79): CodeIgniter\CodeIgniter->run()
12 SYSTEMPATH/Commands/Server/rewrite.php(47): require_once('/home/aluno/Downloads/ci4projects/public/index.php')
CRITICAL - 2024-03-26 19:56:04 --> [Caused by] mysqli_sql_exception: Duplicate entry '0' for key 'usuarios.PRIMARY'
in SYSTEMPATH/Database/MySQLi/Connection.php on line 306.
 1 SYSTEMPATH/Database/MySQLi/Connection.php(306): mysqli->query()
 2 SYSTEMPATH/Database/BaseConnection.php(693): CodeIgniter\Database\MySQLi\Connection->execute()
 3 SYSTEMPATH/Database/BaseConnection.php(607): CodeIgniter\Database\BaseConnection->simpleQuery()
 4 SYSTEMPATH/Database/BaseBuilder.php(2307): CodeIgniter\Database\BaseConnection->query()
 5 SYSTEMPATH/Model.php(326): CodeIgniter\Database\BaseBuilder->insert()
 6 SYSTEMPATH/BaseModel.php(802): CodeIgniter\Model->doInsert()
 7 SYSTEMPATH/Model.php(744): CodeIgniter\BaseModel->insert()
 8 APPPATH/Controllers/BiblioController.php(94): CodeIgniter\Model->insert()
 9 SYSTEMPATH/CodeIgniter.php(941): App\Controllers\BiblioController->register()
10 SYSTEMPATH/CodeIgniter.php(502): CodeIgniter\CodeIgniter->runController()
11 SYSTEMPATH/CodeIgniter.php(361): CodeIgniter\CodeIgniter->handleRequest()
12 FCPATH/index.php(79): CodeIgniter\CodeIgniter->run()
13 SYSTEMPATH/Commands/Server/rewrite.php(47): require_once('/home/aluno/Downloads/ci4projects/public/index.php')
CRITICAL - 2024-03-26 20:07:52 --> CodeIgniter\View\Exceptions\ViewException: Invalid file: "index.php"
in SYSTEMPATH/Exceptions/FrameworkException.php on line 39.
 1 SYSTEMPATH/View/View.php(216): CodeIgniter\Exceptions\FrameworkException::forInvalidFile()
 2 SYSTEMPATH/Common.php(1178): CodeIgniter\View\View->render()
 3 APPPATH/Controllers/BiblioController.php(60): view()
 4 SYSTEMPATH/CodeIgniter.php(941): App\Controllers\BiblioController->login()
 5 SYSTEMPATH/CodeIgniter.php(502): CodeIgniter\CodeIgniter->runController()
 6 SYSTEMPATH/CodeIgniter.php(361): CodeIgniter\CodeIgniter->handleRequest()
 7 FCPATH/index.php(79): CodeIgniter\CodeIgniter->run()
 8 SYSTEMPATH/Commands/Server/rewrite.php(47): require_once('/home/aluno/Downloads/ci4projects/public/index.php')
CRITICAL - 2024-03-26 20:09:35 --> ErrorException: Undefined property: CodeIgniter\Database\MySQLi\Result::$getResult
in APPPATH/Controllers/BiblioController.php on line 105.
 1 APPPATH/Controllers/BiblioController.php(105): CodeIgniter\Debug\Exceptions->errorHandler()
 2 APPPATH/Controllers/BiblioController.php(57): App\Controllers\BiblioController->getUserFromDatabase()
 3 SYSTEMPATH/CodeIgniter.php(941): App\Controllers\BiblioController->login()
 4 SYSTEMPATH/CodeIgniter.php(502): CodeIgniter\CodeIgniter->runController()
 5 SYSTEMPATH/CodeIgniter.php(361): CodeIgniter\CodeIgniter->handleRequest()
 6 FCPATH/index.php(79): CodeIgniter\CodeIgniter->run()
 7 SYSTEMPATH/Commands/Server/rewrite.php(47): require_once('/home/aluno/Downloads/ci4projects/public/index.php')
CRITICAL - 2024-03-26 20:09:50 --> ParseError: syntax error, unexpected token "->", expecting identifier or variable or "{" or "$"
in APPPATH/Controllers/BiblioController.php on line 105.
 1 SYSTEMPATH/Autoloader/Autoloader.php(288): CodeIgniter\Autoloader\Autoloader->includeFile()
 2 SYSTEMPATH/Autoloader/Autoloader.php(266): CodeIgniter\Autoloader\Autoloader->loadInNamespace()
 3 [internal function]: CodeIgniter\Autoloader\Autoloader->loadClass()
 4 SYSTEMPATH/CodeIgniter.php(899): class_exists()
 5 SYSTEMPATH/CodeIgniter.php(489): CodeIgniter\CodeIgniter->startController()
 6 SYSTEMPATH/CodeIgniter.php(361): CodeIgniter\CodeIgniter->handleRequest()
 7 FCPATH/index.php(79): CodeIgniter\CodeIgniter->run()
 8 SYSTEMPATH/Commands/Server/rewrite.php(47): require_once('/home/aluno/Downloads/ci4projects/public/index.php')
CRITICAL - 2024-03-26 20:09:56 --> BadMethodCallException: Call to undefined method App\Models\BiblioModel::getResult
in SYSTEMPATH/Model.php on line 874.
 1 APPPATH/Controllers/BiblioController.php(105): CodeIgniter\Model->__call()
 2 APPPATH/Controllers/BiblioController.php(57): App\Controllers\BiblioController->getUserFromDatabase()
 3 SYSTEMPATH/CodeIgniter.php(941): App\Controllers\BiblioController->login()
 4 SYSTEMPATH/CodeIgniter.php(502): CodeIgniter\CodeIgniter->runController()
 5 SYSTEMPATH/CodeIgniter.php(361): CodeIgniter\CodeIgniter->handleRequest()
 6 FCPATH/index.php(79): CodeIgniter\CodeIgniter->run()
 7 SYSTEMPATH/Commands/Server/rewrite.php(47): require_once('/home/aluno/Downloads/ci4projects/public/index.php')
CRITICAL - 2024-03-26 20:10:03 --> Error: Call to undefined method CodeIgniter\Database\MySQLi\Result::where()
in APPPATH/Controllers/BiblioController.php on line 105.
 1 APPPATH/Controllers/BiblioController.php(57): App\Controllers\BiblioController->getUserFromDatabase()
 2 SYSTEMPATH/CodeIgniter.php(941): App\Controllers\BiblioController->login()
 3 SYSTEMPATH/CodeIgniter.php(502): CodeIgniter\CodeIgniter->runController()
 4 SYSTEMPATH/CodeIgniter.php(361): CodeIgniter\CodeIgniter->handleRequest()
 5 FCPATH/index.php(79): CodeIgniter\CodeIgniter->run()
 6 SYSTEMPATH/Commands/Server/rewrite.php(47): require_once('/home/aluno/Downloads/ci4projects/public/index.php')
CRITICAL - 2024-03-26 20:15:24 --> ErrorException: Undefined property: CodeIgniter\Database\MySQLi\Result::$getResult
in APPPATH/Controllers/BiblioController.php on line 105.
 1 APPPATH/Controllers/BiblioController.php(105): CodeIgniter\Debug\Exceptions->errorHandler()
 2 APPPATH/Controllers/BiblioController.php(57): App\Controllers\BiblioController->getUserFromDatabase()
 3 SYSTEMPATH/CodeIgniter.php(941): App\Controllers\BiblioController->login()
 4 SYSTEMPATH/CodeIgniter.php(502): CodeIgniter\CodeIgniter->runController()
 5 SYSTEMPATH/CodeIgniter.php(361): CodeIgniter\CodeIgniter->handleRequest()
 6 FCPATH/index.php(79): CodeIgniter\CodeIgniter->run()
 7 SYSTEMPATH/Commands/Server/rewrite.php(47): require_once('/home/aluno/Downloads/ci4projects/public/index.php')
CRITICAL - 2024-03-26 20:19:38 --> BadMethodCallException: Call to undefined method App\Models\BiblioModel::getRow
in SYSTEMPATH/Model.php on line 874.
 1 APPPATH/Controllers/BiblioController.php(105): CodeIgniter\Model->__call()
 2 APPPATH/Controllers/BiblioController.php(57): App\Controllers\BiblioController->getUserFromDatabase()
 3 SYSTEMPATH/CodeIgniter.php(941): App\Controllers\BiblioController->login()
 4 SYSTEMPATH/CodeIgniter.php(502): CodeIgniter\CodeIgniter->runController()
 5 SYSTEMPATH/CodeIgniter.php(361): CodeIgniter\CodeIgniter->handleRequest()
 6 FCPATH/index.php(79): CodeIgniter\CodeIgniter->run()
 7 SYSTEMPATH/Commands/Server/rewrite.php(47): require_once('/home/aluno/Downloads/ci4projects/public/index.php')
CRITICAL - 2024-03-26 20:20:29 --> TypeError: CodeIgniter\Database\BaseBuilder::get(): Argument #1 ($limit) must be of type ?int, array given, called in /home/aluno/Downloads/ci4projects/system/Model.php on line 872
in SYSTEMPATH/Database/BaseBuilder.php on line 1608.
 1 SYSTEMPATH/Model.php(872): CodeIgniter\Database\BaseBuilder->get()
 2 APPPATH/Controllers/BiblioController.php(105): CodeIgniter\Model->__call()
 3 APPPATH/Controllers/BiblioController.php(57): App\Controllers\BiblioController->getUserFromDatabase()
 4 SYSTEMPATH/CodeIgniter.php(941): App\Controllers\BiblioController->login()
 5 SYSTEMPATH/CodeIgniter.php(502): CodeIgniter\CodeIgniter->runController()
 6 SYSTEMPATH/CodeIgniter.php(361): CodeIgniter\CodeIgniter->handleRequest()
 7 FCPATH/index.php(79): CodeIgniter\CodeIgniter->run()
 8 SYSTEMPATH/Commands/Server/rewrite.php(47): require_once('/home/aluno/Downloads/ci4projects/public/index.php')
CRITICAL - 2024-03-26 20:20:54 --> TypeError: CodeIgniter\Database\BaseBuilder::get(): Argument #1 ($limit) must be of type ?int, array given, called in /home/aluno/Downloads/ci4projects/system/Model.php on line 872
in SYSTEMPATH/Database/BaseBuilder.php on line 1608.
 1 SYSTEMPATH/Model.php(872): CodeIgniter\Database\BaseBuilder->get()
 2 APPPATH/Controllers/BiblioController.php(105): CodeIgniter\Model->__call()
 3 APPPATH/Controllers/BiblioController.php(57): App\Controllers\BiblioController->getUserFromDatabase()
 4 SYSTEMPATH/CodeIgniter.php(941): App\Controllers\BiblioController->login()
 5 SYSTEMPATH/CodeIgniter.php(502): CodeIgniter\CodeIgniter->runController()
 6 SYSTEMPATH/CodeIgniter.php(361): CodeIgniter\CodeIgniter->handleRequest()
 7 FCPATH/index.php(79): CodeIgniter\CodeIgniter->run()
 8 SYSTEMPATH/Commands/Server/rewrite.php(47): require_once('/home/aluno/Downloads/ci4projects/public/index.php')
CRITICAL - 2024-03-26 20:21:12 --> TypeError: CodeIgniter\Database\BaseBuilder::get(): Argument #1 ($limit) must be of type ?int, array given, called in /home/aluno/Downloads/ci4projects/system/Model.php on line 872
in SYSTEMPATH/Database/BaseBuilder.php on line 1608.
 1 SYSTEMPATH/Model.php(872): CodeIgniter\Database\BaseBuilder->get()
 2 APPPATH/Controllers/BiblioController.php(105): CodeIgniter\Model->__call()
 3 APPPATH/Controllers/BiblioController.php(57): App\Controllers\BiblioController->getUserFromDatabase()
 4 SYSTEMPATH/CodeIgniter.php(941): App\Controllers\BiblioController->login()
 5 SYSTEMPATH/CodeIgniter.php(502): CodeIgniter\CodeIgniter->runController()
 6 SYSTEMPATH/CodeIgniter.php(361): CodeIgniter\CodeIgniter->handleRequest()
 7 FCPATH/index.php(79): CodeIgniter\CodeIgniter->run()
 8 SYSTEMPATH/Commands/Server/rewrite.php(47): require_once('/home/aluno/Downloads/ci4projects/public/index.php')
CRITICAL - 2024-03-26 20:21:19 --> TypeError: CodeIgniter\Database\BaseBuilder::get(): Argument #1 ($limit) must be of type ?int, array given, called in /home/aluno/Downloads/ci4projects/system/Model.php on line 872
in SYSTEMPATH/Database/BaseBuilder.php on line 1608.
 1 SYSTEMPATH/Model.php(872): CodeIgniter\Database\BaseBuilder->get()
 2 APPPATH/Controllers/BiblioController.php(105): CodeIgniter\Model->__call()
 3 APPPATH/Controllers/BiblioController.php(57): App\Controllers\BiblioController->getUserFromDatabase()
 4 SYSTEMPATH/CodeIgniter.php(941): App\Controllers\BiblioController->login()
 5 SYSTEMPATH/CodeIgniter.php(502): CodeIgniter\CodeIgniter->runController()
 6 SYSTEMPATH/CodeIgniter.php(361): CodeIgniter\CodeIgniter->handleRequest()
 7 FCPATH/index.php(79): CodeIgniter\CodeIgniter->run()
 8 SYSTEMPATH/Commands/Server/rewrite.php(47): require_once('/home/aluno/Downloads/ci4projects/public/index.php')
CRITICAL - 2024-03-26 20:22:10 --> Error: Call to undefined method stdClass::getResult()
in APPPATH/Controllers/BiblioController.php on line 105.
 1 APPPATH/Controllers/BiblioController.php(57): App\Controllers\BiblioController->getUserFromDatabase()
 2 SYSTEMPATH/CodeIgniter.php(941): App\Controllers\BiblioController->login()
 3 SYSTEMPATH/CodeIgniter.php(502): CodeIgniter\CodeIgniter->runController()
 4 SYSTEMPATH/CodeIgniter.php(361): CodeIgniter\CodeIgniter->handleRequest()
 5 FCPATH/index.php(79): CodeIgniter\CodeIgniter->run()
 6 SYSTEMPATH/Commands/Server/rewrite.php(47): require_once('/home/aluno/Downloads/ci4projects/public/index.php')
CRITICAL - 2024-03-26 20:27:32 --> ParseError: syntax error, unexpected token "if"
in APPPATH/Controllers/BiblioController.php on line 60.
 1 SYSTEMPATH/Autoloader/Autoloader.php(288): CodeIgniter\Autoloader\Autoloader->includeFile()
 2 SYSTEMPATH/Autoloader/Autoloader.php(266): CodeIgniter\Autoloader\Autoloader->loadInNamespace()
 3 [internal function]: CodeIgniter\Autoloader\Autoloader->loadClass()
 4 SYSTEMPATH/CodeIgniter.php(899): class_exists()
 5 SYSTEMPATH/CodeIgniter.php(489): CodeIgniter\CodeIgniter->startController()
 6 SYSTEMPATH/CodeIgniter.php(361): CodeIgniter\CodeIgniter->handleRequest()
 7 FCPATH/index.php(79): CodeIgniter\CodeIgniter->run()
 8 SYSTEMPATH/Commands/Server/rewrite.php(47): require_once('/home/aluno/Downloads/ci4projects/public/index.php')
CRITICAL - 2024-03-26 20:31:10 --> Error: Undefined constant "App\Controllers\redirect"
in APPPATH/Controllers/BiblioController.php on line 65.
 1 SYSTEMPATH/CodeIgniter.php(941): App\Controllers\BiblioController->login()
 2 SYSTEMPATH/CodeIgniter.php(502): CodeIgniter\CodeIgniter->runController()
 3 SYSTEMPATH/CodeIgniter.php(361): CodeIgniter\CodeIgniter->handleRequest()
 4 FCPATH/index.php(79): CodeIgniter\CodeIgniter->run()
 5 SYSTEMPATH/Commands/Server/rewrite.php(47): require_once('/home/aluno/Downloads/ci4projects/public/index.php')
CRITICAL - 2024-03-26 20:31:22 --> Error: Undefined constant "App\Controllers\redirect"
in APPPATH/Controllers/BiblioController.php on line 65.
 1 SYSTEMPATH/CodeIgniter.php(941): App\Controllers\BiblioController->login()
 2 SYSTEMPATH/CodeIgniter.php(502): CodeIgniter\CodeIgniter->runController()
 3 SYSTEMPATH/CodeIgniter.php(361): CodeIgniter\CodeIgniter->handleRequest()
 4 FCPATH/index.php(79): CodeIgniter\CodeIgniter->run()
 5 SYSTEMPATH/Commands/Server/rewrite.php(47): require_once('/home/aluno/Downloads/ci4projects/public/index.php')
CRITICAL - 2024-03-26 20:31:33 --> TypeError: CodeIgniter\HTTP\RedirectResponse::to(): Argument #2 ($code) must be of type ?int, array given, called in /home/aluno/Downloads/ci4projects/app/Controllers/BiblioController.php on line 65
in SYSTEMPATH/HTTP/RedirectResponse.php on line 34.
 1 APPPATH/Controllers/BiblioController.php(65): CodeIgniter\HTTP\RedirectResponse->to()
 2 SYSTEMPATH/CodeIgniter.php(941): App\Controllers\BiblioController->login()
 3 SYSTEMPATH/CodeIgniter.php(502): CodeIgniter\CodeIgniter->runController()
 4 SYSTEMPATH/CodeIgniter.php(361): CodeIgniter\CodeIgniter->handleRequest()
 5 FCPATH/index.php(79): CodeIgniter\CodeIgniter->run()
 6 SYSTEMPATH/Commands/Server/rewrite.php(47): require_once('/home/aluno/Downloads/ci4projects/public/index.php')
CRITICAL - 2024-03-26 20:33:27 --> ErrorException: Trying to access array offset on value of type null
in APPPATH/Controllers/BiblioController.php on line 114.
 1 APPPATH/Controllers/BiblioController.php(114): CodeIgniter\Debug\Exceptions->errorHandler()
 2 APPPATH/Controllers/BiblioController.php(58): App\Controllers\BiblioController->getUserFromDatabase()
 3 SYSTEMPATH/CodeIgniter.php(941): App\Controllers\BiblioController->login()
 4 SYSTEMPATH/CodeIgniter.php(502): CodeIgniter\CodeIgniter->runController()
 5 SYSTEMPATH/CodeIgniter.php(361): CodeIgniter\CodeIgniter->handleRequest()
 6 FCPATH/index.php(79): CodeIgniter\CodeIgniter->run()
 7 SYSTEMPATH/Commands/Server/rewrite.php(47): require_once('/home/aluno/Downloads/ci4projects/public/index.php')
CRITICAL - 2024-03-26 20:33:36 --> ErrorException: Trying to access array offset on value of type null
in APPPATH/Controllers/BiblioController.php on line 114.
 1 APPPATH/Controllers/BiblioController.php(114): CodeIgniter\Debug\Exceptions->errorHandler()
 2 APPPATH/Controllers/BiblioController.php(58): App\Controllers\BiblioController->getUserFromDatabase()
 3 SYSTEMPATH/CodeIgniter.php(941): App\Controllers\BiblioController->login()
 4 SYSTEMPATH/CodeIgniter.php(502): CodeIgniter\CodeIgniter->runController()
 5 SYSTEMPATH/CodeIgniter.php(361): CodeIgniter\CodeIgniter->handleRequest()
 6 FCPATH/index.php(79): CodeIgniter\CodeIgniter->run()
 7 SYSTEMPATH/Commands/Server/rewrite.php(47): require_once('/home/aluno/Downloads/ci4projects/public/index.php')
CRITICAL - 2024-03-26 20:33:46 --> ErrorException: Trying to access array offset on value of type null
in APPPATH/Controllers/BiblioController.php on line 113.
 1 APPPATH/Controllers/BiblioController.php(113): CodeIgniter\Debug\Exceptions->errorHandler()
 2 APPPATH/Controllers/BiblioController.php(58): App\Controllers\BiblioController->getUserFromDatabase()
 3 SYSTEMPATH/CodeIgniter.php(941): App\Controllers\BiblioController->login()
 4 SYSTEMPATH/CodeIgniter.php(502): CodeIgniter\CodeIgniter->runController()
 5 SYSTEMPATH/CodeIgniter.php(361): CodeIgniter\CodeIgniter->handleRequest()
 6 FCPATH/index.php(79): CodeIgniter\CodeIgniter->run()
 7 SYSTEMPATH/Commands/Server/rewrite.php(47): require_once('/home/aluno/Downloads/ci4projects/public/index.php')
CRITICAL - 2024-03-26 20:37:40 --> Error: Call to undefined function App\Controllers\verifyUserEmailFromDatabase()
in APPPATH/Controllers/BiblioController.php on line 58.
 1 SYSTEMPATH/CodeIgniter.php(941): App\Controllers\BiblioController->login()
 2 SYSTEMPATH/CodeIgniter.php(502): CodeIgniter\CodeIgniter->runController()
 3 SYSTEMPATH/CodeIgniter.php(361): CodeIgniter\CodeIgniter->handleRequest()
 4 FCPATH/index.php(79): CodeIgniter\CodeIgniter->run()
 5 SYSTEMPATH/Commands/Server/rewrite.php(47): require_once('/home/aluno/Downloads/ci4projects/public/index.php')
ERROR - 2024-03-26 20:39:52 --> mysqli_sql_exception: Table 'dbPrincipal.terrariabosses' doesn't exist in /home/aluno/Downloads/ci4projects/system/Database/MySQLi/Connection.php:306
Stack trace:
#0 /home/aluno/Downloads/ci4projects/system/Database/MySQLi/Connection.php(306): mysqli->query()
#1 /home/aluno/Downloads/ci4projects/system/Database/BaseConnection.php(693): CodeIgniter\Database\MySQLi\Connection->execute()
#2 /home/aluno/Downloads/ci4projects/system/Database/BaseConnection.php(607): CodeIgniter\Database\BaseConnection->simpleQuery()
#3 /home/aluno/Downloads/ci4projects/system/Database/BaseBuilder.php(1616): CodeIgniter\Database\BaseConnection->query()
#4 /home/aluno/Downloads/ci4projects/system/Model.php(242): CodeIgniter\Database\BaseBuilder->get()
#5 /home/aluno/Downloads/ci4projects/system/BaseModel.php(638): CodeIgniter\Model->doFindAll()
#6 /home/aluno/Downloads/ci4projects/app/Controllers/TerrariaBosses.php(13): CodeIgniter\BaseModel->findAll()
#7 /home/aluno/Downloads/ci4projects/system/CodeIgniter.php(941): App\Controllers\TerrariaBosses->index()
#8 /home/aluno/Downloads/ci4projects/system/CodeIgniter.php(502): CodeIgniter\CodeIgniter->runController()
#9 /home/aluno/Downloads/ci4projects/system/CodeIgniter.php(361): CodeIgniter\CodeIgniter->handleRequest()
#10 /home/aluno/Downloads/ci4projects/public/index.php(79): CodeIgniter\CodeIgniter->run()
#11 /home/aluno/Downloads/ci4projects/system/Commands/Server/rewrite.php(47): require_once('...')
#12 {main}
CRITICAL - 2024-03-26 20:39:52 --> CodeIgniter\Database\Exceptions\DatabaseException: Table 'dbPrincipal.terrariabosses' doesn't exist
in SYSTEMPATH/Database/BaseConnection.php on line 647.
 1 SYSTEMPATH/Database/BaseBuilder.php(1616): CodeIgniter\Database\BaseConnection->query()
 2 SYSTEMPATH/Model.php(242): CodeIgniter\Database\BaseBuilder->get()
 3 SYSTEMPATH/BaseModel.php(638): CodeIgniter\Model->doFindAll()
 4 APPPATH/Controllers/TerrariaBosses.php(13): CodeIgniter\BaseModel->findAll()
 5 SYSTEMPATH/CodeIgniter.php(941): App\Controllers\TerrariaBosses->index()
 6 SYSTEMPATH/CodeIgniter.php(502): CodeIgniter\CodeIgniter->runController()
 7 SYSTEMPATH/CodeIgniter.php(361): CodeIgniter\CodeIgniter->handleRequest()
 8 FCPATH/index.php(79): CodeIgniter\CodeIgniter->run()
 9 SYSTEMPATH/Commands/Server/rewrite.php(47): require_once('/home/aluno/Downloads/ci4projects/public/index.php')
CRITICAL - 2024-03-26 20:39:52 --> [Caused by] CodeIgniter\Database\Exceptions\DatabaseException: Table 'dbPrincipal.terrariabosses' doesn't exist
in SYSTEMPATH/Database/MySQLi/Connection.php on line 311.
 1 SYSTEMPATH/Database/BaseConnection.php(693): CodeIgniter\Database\MySQLi\Connection->execute()
 2 SYSTEMPATH/Database/BaseConnection.php(607): CodeIgniter\Database\BaseConnection->simpleQuery()
 3 SYSTEMPATH/Database/BaseBuilder.php(1616): CodeIgniter\Database\BaseConnection->query()
 4 SYSTEMPATH/Model.php(242): CodeIgniter\Database\BaseBuilder->get()
 5 SYSTEMPATH/BaseModel.php(638): CodeIgniter\Model->doFindAll()
 6 APPPATH/Controllers/TerrariaBosses.php(13): CodeIgniter\BaseModel->findAll()
 7 SYSTEMPATH/CodeIgniter.php(941): App\Controllers\TerrariaBosses->index()
 8 SYSTEMPATH/CodeIgniter.php(502): CodeIgniter\CodeIgniter->runController()
 9 SYSTEMPATH/CodeIgniter.php(361): CodeIgniter\CodeIgniter->handleRequest()
10 FCPATH/index.php(79): CodeIgniter\CodeIgniter->run()
11 SYSTEMPATH/Commands/Server/rewrite.php(47): require_once('/home/aluno/Downloads/ci4projects/public/index.php')
CRITICAL - 2024-03-26 20:39:52 --> [Caused by] mysqli_sql_exception: Table 'dbPrincipal.terrariabosses' doesn't exist
in SYSTEMPATH/Database/MySQLi/Connection.php on line 306.
 1 SYSTEMPATH/Database/MySQLi/Connection.php(306): mysqli->query()
 2 SYSTEMPATH/Database/BaseConnection.php(693): CodeIgniter\Database\MySQLi\Connection->execute()
 3 SYSTEMPATH/Database/BaseConnection.php(607): CodeIgniter\Database\BaseConnection->simpleQuery()
 4 SYSTEMPATH/Database/BaseBuilder.php(1616): CodeIgniter\Database\BaseConnection->query()
 5 SYSTEMPATH/Model.php(242): CodeIgniter\Database\BaseBuilder->get()
 6 SYSTEMPATH/BaseModel.php(638): CodeIgniter\Model->doFindAll()
 7 APPPATH/Controllers/TerrariaBosses.php(13): CodeIgniter\BaseModel->findAll()
 8 SYSTEMPATH/CodeIgniter.php(941): App\Controllers\TerrariaBosses->index()
 9 SYSTEMPATH/CodeIgniter.php(502): CodeIgniter\CodeIgniter->runController()
10 SYSTEMPATH/CodeIgniter.php(361): CodeIgniter\CodeIgniter->handleRequest()
11 FCPATH/index.php(79): CodeIgniter\CodeIgniter->run()
12 SYSTEMPATH/Commands/Server/rewrite.php(47): require_once('/home/aluno/Downloads/ci4projects/public/index.php')
CRITICAL - 2024-03-26 20:43:23 --> Error: Undefined constant "App\Controllers\cadastro"
in APPPATH/Controllers/BiblioController.php on line 65.
 1 SYSTEMPATH/CodeIgniter.php(941): App\Controllers\BiblioController->login()
 2 SYSTEMPATH/CodeIgniter.php(502): CodeIgniter\CodeIgniter->runController()
 3 SYSTEMPATH/CodeIgniter.php(361): CodeIgniter\CodeIgniter->handleRequest()
 4 FCPATH/index.php(79): CodeIgniter\CodeIgniter->run()
 5 SYSTEMPATH/Commands/Server/rewrite.php(47): require_once('/home/aluno/Downloads/ci4projects/public/index.php')
CRITICAL - 2024-03-26 20:48:45 --> ArgumentCountError: Too few arguments to function App\Controllers\BiblioController::loginpage(), 0 passed in /home/aluno/Downloads/ci4projects/system/CodeIgniter.php on line 941 and exactly 1 expected
in APPPATH/Controllers/BiblioController.php on line 14.
 1 SYSTEMPATH/CodeIgniter.php(941): App\Controllers\BiblioController->loginpage()
 2 SYSTEMPATH/CodeIgniter.php(502): CodeIgniter\CodeIgniter->runController()
 3 SYSTEMPATH/CodeIgniter.php(361): CodeIgniter\CodeIgniter->handleRequest()
 4 FCPATH/index.php(79): CodeIgniter\CodeIgniter->run()
 5 SYSTEMPATH/Commands/Server/rewrite.php(47): require_once('/home/aluno/Downloads/ci4projects/public/index.php')
CRITICAL - 2024-03-26 20:52:31 --> ArgumentCountError: Too few arguments to function App\Controllers\BiblioController::loginpage(), 0 passed in /home/aluno/Downloads/ci4projects/system/CodeIgniter.php on line 941 and exactly 1 expected
in APPPATH/Controllers/BiblioController.php on line 14.
 1 SYSTEMPATH/CodeIgniter.php(941): App\Controllers\BiblioController->loginpage()
 2 SYSTEMPATH/CodeIgniter.php(502): CodeIgniter\CodeIgniter->runController()
 3 SYSTEMPATH/CodeIgniter.php(361): CodeIgniter\CodeIgniter->handleRequest()
 4 FCPATH/index.php(79): CodeIgniter\CodeIgniter->run()
 5 SYSTEMPATH/Commands/Server/rewrite.php(47): require_once('/home/aluno/Downloads/ci4projects/public/index.php')
